#
# There is insufficient memory for the Java Runtime Environment to continue.
# Native memory allocation (malloc) failed to allocate 32744 bytes for ChunkPool::allocate
# Possible reasons:
#   The system is out of physical RAM or swap space
#   The process is running with CompressedOops enabled, and the Java Heap may be blocking the growth of the native heap
# Possible solutions:
#   Reduce memory load on the system
#   Increase physical memory or swap space
#   Check if swap backing store is full
#   Decrease Java heap size (-Xmx/-Xms)
#   Decrease number of Java threads
#   Decrease Java thread stack sizes (-Xss)
#   Set larger code cache with -XX:ReservedCodeCacheSize=
#   JVM is running with Unscaled Compressed Oops mode in which the Java heap is
#     placed in the first 4GB address space. The Java Heap base address is the
#     maximum limit for the native heap growth. Please use -XX:HeapBaseMinAddress
#     to set the Java Heap base and to place the Java Heap above 4GB virtual address.
# This output file may be truncated or incomplete.
#
#  Out of Memory Error (allocation.cpp:272), pid=11276, tid=0x0000000000003414
#
# JRE version: OpenJDK Runtime Environment (8.0_302-b08) (build 1.8.0_302-b08)
# Java VM: OpenJDK 64-Bit Server VM (25.302-b08 mixed mode windows-amd64 compressed oops)
# Failed to write core dump. Minidumps are not enabled by default on client versions of Windows
#

---------------  T H R E A D  ---------------

Current thread (0x000002a878119800):  JavaThread "C2 CompilerThread0" daemon [_thread_in_native, id=13332, stack(0x000000bf0c700000,0x000000bf0c800000)]

Stack: [0x000000bf0c700000,0x000000bf0c800000]
[error occurred during error reporting (printing stack bounds), id 0xc0000005]

Native frames: (J=compiled Java code, j=interpreted, Vv=VM code, C=native code)


Current CompileTask:
C2:   1696 1349       4       com.android.tools.r8.z.a.a.f::a (3630 bytes)


---------------  P R O C E S S  ---------------

Java Threads: ( => current thread )
  0x000002a879683000 JavaThread "ForkJoinPool-1-worker-0" daemon [_thread_blocked, id=480, stack(0x000000bf0cd00000,0x000000bf0ce00000)]
  0x000002a879682000 JavaThread "ForkJoinPool-1-worker-1" daemon [_thread_blocked, id=1620, stack(0x000000bf0cc00000,0x000000bf0cd00000)]
  0x000002a8781a3000 JavaThread "Service Thread" daemon [_thread_blocked, id=13908, stack(0x000000bf0ca00000,0x000000bf0cb00000)]
  0x000002a878120800 JavaThread "C1 CompilerThread2" daemon [_thread_blocked, id=16596, stack(0x000000bf0c900000,0x000000bf0ca00000)]
  0x000002a87811f000 JavaThread "C2 CompilerThread1" daemon [_thread_blocked, id=17588, stack(0x000000bf0c800000,0x000000bf0c900000)]
=>0x000002a878119800 JavaThread "C2 CompilerThread0" daemon [_thread_in_native, id=13332, stack(0x000000bf0c700000,0x000000bf0c800000)]
  0x000002a878112000 JavaThread "Attach Listener" daemon [_thread_blocked, id=5720, stack(0x000000bf0c600000,0x000000bf0c700000)]
  0x000002a878110800 JavaThread "Signal Dispatcher" daemon [_thread_blocked, id=9408, stack(0x000000bf0c500000,0x000000bf0c600000)]
  0x000002a8779bb000 JavaThread "Finalizer" daemon [_thread_blocked, id=11572, stack(0x000000bf0c400000,0x000000bf0c500000)]
  0x000002a8780e6000 JavaThread "Reference Handler" daemon [_thread_blocked, id=15056, stack(0x000000bf0c300000,0x000000bf0c400000)]
  0x000002a872de0000 JavaThread "main" [_thread_blocked, id=2100, stack(0x000000bf0bd00000,0x000000bf0be00000)]

Other Threads:
  0x000002a8780c3000 VMThread [stack: 0x000000bf0c200000,0x000000bf0c300000] [id=13572]
  0x000002a8781a4800 WatcherThread [stack: 0x000000bf0cb00000,0x000000bf0cc00000] [id=5780]

VM state:at safepoint (normal execution)

VM Mutex/Monitor currently owned by a thread:  ([mutex/lock_event])
[0x000002a872ddd430] Threads_lock - owner thread: 0x000002a8780c3000
[0x000002a872dde040] Heap_lock - owner thread: 0x000002a879683000

heap address: 0x00000000c0000000, size: 1024 MB, Compressed Oops mode: 32-bit
Narrow klass base: 0x0000000000000000, Narrow klass shift: 3
Compressed class space size: 1073741824 Address: 0x0000000100000000

Heap:
 PSYoungGen      total 71680K, used 5112K [0x00000000eab00000, 0x00000000ef600000, 0x0000000100000000)
  eden space 66560K, 0% used [0x00000000eab00000,0x00000000eab00000,0x00000000eec00000)
  from space 5120K, 99% used [0x00000000eec00000,0x00000000ef0fe1d8,0x00000000ef100000)
  to   space 5120K, 0% used [0x00000000ef100000,0x00000000ef100000,0x00000000ef600000)
 ParOldGen       total 87552K, used 69566K [0x00000000c0000000, 0x00000000c5580000, 0x00000000eab00000)
  object space 87552K, 79% used [0x00000000c0000000,0x00000000c43ef9f0,0x00000000c5580000)
 Metaspace       used 10157K, capacity 10542K, committed 10880K, reserved 1058816K
  class space    used 1197K, capacity 1317K, committed 1408K, reserved 1048576K

Card table byte_map: [0x000002a874b30000,0x000002a874d40000] byte_map_base: 0x000002a874530000

Marking Bits: (ParMarkBitMap*) 0x000000006ff2c820
 Begin Bits: [0x000002a874ea0000, 0x000002a875ea0000)
 End Bits:   [0x000002a875ea0000, 0x000002a876ea0000)

Polling page: 0x000002a874740000

CodeCache: size=245760Kb used=5481Kb max_used=5481Kb free=240278Kb
 bounds [0x000002a800000000, 0x000002a800560000, 0x000002a80f000000]
 total_blobs=1892 nmethods=1555 adapters=250
 compilation: enabled

Compilation events (10 events):
Event: 1.607 Thread 0x000002a878120800 nmethod 1582 0x000002a800558410 code [0x000002a800558560, 0x000002a800558738]
Event: 1.607 Thread 0x000002a878120800 1583       2       com.android.tools.r8.graph.O0::c (53 bytes)
Event: 1.607 Thread 0x000002a878120800 nmethod 1583 0x000002a8005587d0 code [0x000002a800558920, 0x000002a800558a78]
Event: 1.607 Thread 0x000002a878120800 1584       2       com.android.tools.r8.graph.O0::a (401 bytes)
Event: 1.609 Thread 0x000002a878120800 nmethod 1584 0x000002a800558b10 code [0x000002a800558ec0, 0x000002a80055a4f0]
Event: 1.609 Thread 0x000002a878120800 1585       2       com.android.tools.r8.graph.O0::a (161 bytes)
Event: 1.610 Thread 0x000002a878120800 nmethod 1585 0x000002a80055b3d0 code [0x000002a80055b620, 0x000002a80055c0a0]
Event: 1.611 Thread 0x000002a878120800 1586       2       com.android.tools.r8.graph.O0::b (246 bytes)
Event: 1.612 Thread 0x000002a878120800 nmethod 1586 0x000002a80055c810 code [0x000002a80055ca40, 0x000002a80055d390]
Event: 1.613 Thread 0x000002a878120800 1587 %     3       com.android.tools.r8.z.a.a.f::a @ 2576 (6058 bytes)

GC Heap History (10 events):
Event: 0.582 GC heap after
Heap after GC invocations=1 (full 0):
 PSYoungGen      total 38400K, used 5112K [0x00000000eab00000, 0x00000000ef600000, 0x0000000100000000)
  eden space 33280K, 0% used [0x00000000eab00000,0x00000000eab00000,0x00000000ecb80000)
  from space 5120K, 99% used [0x00000000ecb80000,0x00000000ed07e050,0x00000000ed080000)
  to   space 5120K, 0% used [0x00000000ef100000,0x00000000ef100000,0x00000000ef600000)
 ParOldGen       total 87552K, used 1110K [0x00000000c0000000, 0x00000000c5580000, 0x00000000eab00000)
  object space 87552K, 1% used [0x00000000c0000000,0x00000000c0115830,0x00000000c5580000)
 Metaspace       used 8298K, capacity 8522K, committed 8832K, reserved 1056768K
  class space    used 970K, capacity 1065K, committed 1152K, reserved 1048576K
}
Event: 0.649 GC heap before
{Heap before GC invocations=2 (full 0):
 PSYoungGen      total 38400K, used 38392K [0x00000000eab00000, 0x00000000ef600000, 0x0000000100000000)
  eden space 33280K, 100% used [0x00000000eab00000,0x00000000ecb80000,0x00000000ecb80000)
  from space 5120K, 99% used [0x00000000ecb80000,0x00000000ed07e050,0x00000000ed080000)
  to   space 5120K, 0% used [0x00000000ef100000,0x00000000ef100000,0x00000000ef600000)
 ParOldGen       total 87552K, used 1110K [0x00000000c0000000, 0x00000000c5580000, 0x00000000eab00000)
  object space 87552K, 1% used [0x00000000c0000000,0x00000000c0115830,0x00000000c5580000)
 Metaspace       used 8324K, capacity 8586K, committed 8832K, reserved 1056768K
  class space    used 970K, capacity 1065K, committed 1152K, reserved 1048576K
Event: 0.659 GC heap after
Heap after GC invocations=2 (full 0):
 PSYoungGen      total 71680K, used 5101K [0x00000000eab00000, 0x00000000ef600000, 0x0000000100000000)
  eden space 66560K, 0% used [0x00000000eab00000,0x00000000eab00000,0x00000000eec00000)
  from space 5120K, 99% used [0x00000000ef100000,0x00000000ef5fb7c8,0x00000000ef600000)
  to   space 5120K, 0% used [0x00000000eec00000,0x00000000eec00000,0x00000000ef100000)
 ParOldGen       total 87552K, used 12821K [0x00000000c0000000, 0x00000000c5580000, 0x00000000eab00000)
  object space 87552K, 14% used [0x00000000c0000000,0x00000000c0c857e0,0x00000000c5580000)
 Metaspace       used 8324K, capacity 8586K, committed 8832K, reserved 1056768K
  class space    used 970K, capacity 1065K, committed 1152K, reserved 1048576K
}
Event: 0.977 GC heap before
{Heap before GC invocations=3 (full 0):
 PSYoungGen      total 71680K, used 71661K [0x00000000eab00000, 0x00000000ef600000, 0x0000000100000000)
  eden space 66560K, 100% used [0x00000000eab00000,0x00000000eec00000,0x00000000eec00000)
  from space 5120K, 99% used [0x00000000ef100000,0x00000000ef5fb7c8,0x00000000ef600000)
  to   space 5120K, 0% used [0x00000000eec00000,0x00000000eec00000,0x00000000ef100000)
 ParOldGen       total 87552K, used 12821K [0x00000000c0000000, 0x00000000c5580000, 0x00000000eab00000)
  object space 87552K, 14% used [0x00000000c0000000,0x00000000c0c857e0,0x00000000c5580000)
 Metaspace       used 9301K, capacity 9630K, committed 9728K, reserved 1058816K
  class space    used 1081K, capacity 1191K, committed 1280K, reserved 1048576K
Event: 1.003 GC heap after
Heap after GC invocations=3 (full 0):
 PSYoungGen      total 71680K, used 5113K [0x00000000eab00000, 0x00000000ef600000, 0x0000000100000000)
  eden space 66560K, 0% used [0x00000000eab00000,0x00000000eab00000,0x00000000eec00000)
  from space 5120K, 99% used [0x00000000eec00000,0x00000000ef0fe5d8,0x00000000ef100000)
  to   space 5120K, 0% used [0x00000000ef100000,0x00000000ef100000,0x00000000ef600000)
 ParOldGen       total 87552K, used 38184K [0x00000000c0000000, 0x00000000c5580000, 0x00000000eab00000)
  object space 87552K, 43% used [0x00000000c0000000,0x00000000c254a098,0x00000000c5580000)
 Metaspace       used 9301K, capacity 9630K, committed 9728K, reserved 1058816K
  class space    used 1081K, capacity 1191K, committed 1280K, reserved 1048576K
}
Event: 1.315 GC heap before
{Heap before GC invocations=4 (full 0):
 PSYoungGen      total 71680K, used 71673K [0x00000000eab00000, 0x00000000ef600000, 0x0000000100000000)
  eden space 66560K, 100% used [0x00000000eab00000,0x00000000eec00000,0x00000000eec00000)
  from space 5120K, 99% used [0x00000000eec00000,0x00000000ef0fe5d8,0x00000000ef100000)
  to   space 5120K, 0% used [0x00000000ef100000,0x00000000ef100000,0x00000000ef600000)
 ParOldGen       total 87552K, used 38184K [0x00000000c0000000, 0x00000000c5580000, 0x00000000eab00000)
  object space 87552K, 43% used [0x00000000c0000000,0x00000000c254a098,0x00000000c5580000)
 Metaspace       used 9581K, capacity 9970K, committed 10240K, reserved 1058816K
  class space    used 1115K, capacity 1203K, committed 1280K, reserved 1048576K
Event: 1.351 GC heap after
Heap after GC invocations=4 (full 0):
 PSYoungGen      total 71680K, used 5089K [0x00000000eab00000, 0x00000000ef600000, 0x0000000100000000)
  eden space 66560K, 0% used [0x00000000eab00000,0x00000000eab00000,0x00000000eec00000)
  from space 5120K, 99% used [0x00000000ef100000,0x00000000ef5f8510,0x00000000ef600000)
  to   space 5120K, 0% used [0x00000000eec00000,0x00000000eec00000,0x00000000ef100000)
 ParOldGen       total 87552K, used 55268K [0x00000000c0000000, 0x00000000c5580000, 0x00000000eab00000)
  object space 87552K, 63% used [0x00000000c0000000,0x00000000c35f9238,0x00000000c5580000)
 Metaspace       used 9581K, capacity 9970K, committed 10240K, reserved 1058816K
  class space    used 1115K, capacity 1203K, committed 1280K, reserved 1048576K
}
Event: 1.626 GC heap before
{Heap before GC invocations=5 (full 0):
 PSYoungGen      total 71680K, used 71649K [0x00000000eab00000, 0x00000000ef600000, 0x0000000100000000)
  eden space 66560K, 100% used [0x00000000eab00000,0x00000000eec00000,0x00000000eec00000)
  from space 5120K, 99% used [0x00000000ef100000,0x00000000ef5f8510,0x00000000ef600000)
  to   space 5120K, 0% used [0x00000000eec00000,0x00000000eec00000,0x00000000ef100000)
 ParOldGen       total 87552K, used 55268K [0x00000000c0000000, 0x00000000c5580000, 0x00000000eab00000)
  object space 87552K, 63% used [0x00000000c0000000,0x00000000c35f9238,0x00000000c5580000)
 Metaspace       used 10157K, capacity 10542K, committed 10880K, reserved 1058816K
  class space    used 1197K, capacity 1317K, committed 1408K, reserved 1048576K
Event: 1.686 GC heap after
Heap after GC invocations=5 (full 0):
 PSYoungGen      total 71680K, used 5112K [0x00000000eab00000, 0x00000000ef600000, 0x0000000100000000)
  eden space 66560K, 0% used [0x00000000eab00000,0x00000000eab00000,0x00000000eec00000)
  from space 5120K, 99% used [0x00000000eec00000,0x00000000ef0fe1d8,0x00000000ef100000)
  to   space 5120K, 0% used [0x00000000ef100000,0x00000000ef100000,0x00000000ef600000)
 ParOldGen       total 87552K, used 69566K [0x00000000c0000000, 0x00000000c5580000, 0x00000000eab00000)
  object space 87552K, 79% used [0x00000000c0000000,0x00000000c43ef9f0,0x00000000c5580000)
 Metaspace       used 10157K, capacity 10542K, committed 10880K, reserved 1058816K
  class space    used 1197K, capacity 1317K, committed 1408K, reserved 1048576K
}
Event: 1.686 GC heap before
{Heap before GC invocations=6 (full 1):
 PSYoungGen      total 71680K, used 5112K [0x00000000eab00000, 0x00000000ef600000, 0x0000000100000000)
  eden space 66560K, 0% used [0x00000000eab00000,0x00000000eab00000,0x00000000eec00000)
  from space 5120K, 99% used [0x00000000eec00000,0x00000000ef0fe1d8,0x00000000ef100000)
  to   space 5120K, 0% used [0x00000000ef100000,0x00000000ef100000,0x00000000ef600000)
 ParOldGen       total 87552K, used 69566K [0x00000000c0000000, 0x00000000c5580000, 0x00000000eab00000)
  object space 87552K, 79% used [0x00000000c0000000,0x00000000c43ef9f0,0x00000000c5580000)
 Metaspace       used 10157K, capacity 10542K, committed 10880K, reserved 1058816K
  class space    used 1197K, capacity 1317K, committed 1408K, reserved 1048576K

Deoptimization events (10 events):
Event: 1.225 Thread 0x000002a879682000 Uncommon trap: reason=unstable_if action=reinterpret pc=0x000002a800385974 method=com.android.tools.r8.graph.i0.a(C)I @ 1
Event: 1.225 Thread 0x000002a879683000 Uncommon trap: reason=unstable_if action=reinterpret pc=0x000002a800385974 method=com.android.tools.r8.graph.i0.a(C)I @ 1
Event: 1.225 Thread 0x000002a879683000 Uncommon trap: reason=unstable_if action=reinterpret pc=0x000002a8002eec28 method=com.android.tools.r8.graph.i0.a(C[BI)I @ 1
Event: 1.225 Thread 0x000002a879682000 Uncommon trap: reason=unstable_if action=reinterpret pc=0x000002a8002eec28 method=com.android.tools.r8.graph.i0.a(C[BI)I @ 1
Event: 1.226 Thread 0x000002a879682000 Uncommon trap: reason=unstable_if action=reinterpret pc=0x000002a80038fce0 method=com.android.tools.r8.z.a.a.f.a(II[C)Ljava/lang/String; @ 32
Event: 1.230 Thread 0x000002a879682000 Uncommon trap: reason=unstable_if action=reinterpret pc=0x000002a8004d7958 method=java.util.concurrent.ConcurrentHashMap.computeIfAbsent(Ljava/lang/Object;Ljava/util/function/Function;)Ljava/lang/Object; @ 234
Event: 1.257 Thread 0x000002a879683000 Uncommon trap: reason=unstable_if action=reinterpret pc=0x000002a8004c9c90 method=com.android.tools.r8.utils.Y.d(I)Z @ 45
Event: 1.468 Thread 0x000002a879683000 Uncommon trap: reason=unstable_if action=reinterpret pc=0x000002a800365c00 method=com.android.tools.r8.utils.Y.d(I)Z @ 45
Event: 1.554 Thread 0x000002a879682000 Uncommon trap: reason=unstable_if action=reinterpret pc=0x000002a800494454 method=com.android.tools.r8.graph.i0.a(C)I @ 7
Event: 1.616 Thread 0x000002a879683000 Uncommon trap: reason=unstable_if action=reinterpret pc=0x000002a8004f22bc method=com.android.tools.r8.z.a.a.B.d(Ljava/lang/String;)Lcom/android/tools/r8/z/a/a/B; @ 11

Classes redefined (0 events):
No events

Internal exceptions (10 events):
Event: 0.539 Thread 0x000002a872de0000 Exception <a 'java/lang/NoSuchMethodError': java.lang.Object.lambda$identity$2(Ljava/lang/Object;)Ljava/lang/Object;> (0x00000000ec752148) thrown at [J:\jenkins\tmp\workspace\build\src\hotspot\src\share\vm\interpreter\linkResolver.cpp, line 620]
Event: 0.551 Thread 0x000002a872de0000 Exception <a 'java/security/PrivilegedActionException'> (0x00000000ec7bc970) thrown at [J:\jenkins\tmp\workspace\build\src\hotspot\src\share\vm\prims\jvm.cpp, line 1523]
Event: 0.551 Thread 0x000002a872de0000 Exception <a 'java/security/PrivilegedActionException'> (0x00000000ec7bcb80) thrown at [J:\jenkins\tmp\workspace\build\src\hotspot\src\share\vm\prims\jvm.cpp, line 1523]
Event: 0.551 Thread 0x000002a872de0000 Exception <a 'java/security/PrivilegedActionException'> (0x00000000ec7c1ce8) thrown at [J:\jenkins\tmp\workspace\build\src\hotspot\src\share\vm\prims\jvm.cpp, line 1523]
Event: 0.551 Thread 0x000002a872de0000 Exception <a 'java/security/PrivilegedActionException'> (0x00000000ec7c1ef8) thrown at [J:\jenkins\tmp\workspace\build\src\hotspot\src\share\vm\prims\jvm.cpp, line 1523]
Event: 0.568 Thread 0x000002a872de0000 Implicit null exception at 0x000002a8002803fc to 0x000002a800280dbd
Event: 0.592 Thread 0x000002a872de0000 Implicit null exception at 0x000002a80027bf6d to 0x000002a80027c5ed
Event: 0.604 Thread 0x000002a872de0000 Implicit null exception at 0x000002a80027b2b8 to 0x000002a80027b789
Event: 1.159 Thread 0x000002a879683000 Implicit null exception at 0x000002a80045cbc6 to 0x000002a80045d2dd
Event: 1.520 Thread 0x000002a872de0000 Exception <a 'java/lang/IncompatibleClassChangeError': Found class java.lang.Object, but interface was expected> (0x00000000ee098420) thrown at [J:\jenkins\tmp\workspace\build\src\hotspot\src\share\vm\interpreter\linkResolver.cpp, line 653]

Events (10 events):
Event: 1.583 loading class com/android/tools/r8/p/n/f
Event: 1.583 loading class com/android/tools/r8/p/n/f done
Event: 1.584 loading class com/android/tools/r8/s/b/w$a
Event: 1.584 loading class com/android/tools/r8/s/b/w$a done
Event: 1.588 loading class com/android/tools/r8/p/n/G$a
Event: 1.588 loading class com/android/tools/r8/p/n/G$a done
Event: 1.616 Thread 0x000002a879683000 Uncommon trap: trap_request=0xffffff65 fr.pc=0x000002a8004f22bc
Event: 1.616 Thread 0x000002a879683000 DEOPT PACKING pc=0x000002a8004f22bc sp=0x000000bf0cdfe000
Event: 1.616 Thread 0x000002a879683000 DEOPT UNPACKING pc=0x000002a800045583 sp=0x000000bf0cdfdef8 mode 2
Event: 1.626 Executing VM operation: ParallelGCFailedAllocation


Dynamic libraries:
0x00007ff6bb770000 - 0x00007ff6bb7aa000 	C:\Program Files\Eclipse Foundation\jdk-8.0.302.8-hotspot\bin\java.exe
0x00007ffdaadd0000 - 0x00007ffdaafc5000 	C:\WINDOWS\SYSTEM32\ntdll.dll
0x00007ffdaa260000 - 0x00007ffdaa31e000 	C:\WINDOWS\System32\KERNEL32.DLL
0x00007ffda8640000 - 0x00007ffda8908000 	C:\WINDOWS\System32\KERNELBASE.dll
0x00007ffda97d0000 - 0x00007ffda987c000 	C:\WINDOWS\System32\ADVAPI32.dll
0x00007ffda9150000 - 0x00007ffda91ee000 	C:\WINDOWS\System32\msvcrt.dll
0x00007ffda9520000 - 0x00007ffda95bb000 	C:\WINDOWS\System32\sechost.dll
0x00007ffdaab60000 - 0x00007ffdaac8a000 	C:\WINDOWS\System32\RPCRT4.dll
0x00007ffda95c0000 - 0x00007ffda9761000 	C:\WINDOWS\System32\USER32.dll
0x00007ffda8c20000 - 0x00007ffda8c42000 	C:\WINDOWS\System32\win32u.dll
0x00007ffda9040000 - 0x00007ffda906b000 	C:\WINDOWS\System32\GDI32.dll
0x00007ffda8c50000 - 0x00007ffda8d5d000 	C:\WINDOWS\System32\gdi32full.dll
0x00007ffda89f0000 - 0x00007ffda8a8d000 	C:\WINDOWS\System32\msvcp_win.dll
0x00007ffda8af0000 - 0x00007ffda8bf0000 	C:\WINDOWS\System32\ucrtbase.dll
0x00007ffd8f2e0000 - 0x00007ffd8f57a000 	C:\WINDOWS\WinSxS\amd64_microsoft.windows.common-controls_6595b64144ccf1df_6.0.19041.1110_none_60b5254171f9507e\COMCTL32.dll
0x00007ffda8ff0000 - 0x00007ffda9020000 	C:\WINDOWS\System32\IMM32.DLL
0x00007ffd75490000 - 0x00007ffd7557f000 	C:\Program Files\Eclipse Foundation\jdk-8.0.302.8-hotspot\jre\bin\msvcr120.dll
0x00007ffd753e0000 - 0x00007ffd75486000 	C:\Program Files\Eclipse Foundation\jdk-8.0.302.8-hotspot\jre\bin\msvcp120.dll
0x000000006f740000 - 0x000000006ffab000 	C:\Program Files\Eclipse Foundation\jdk-8.0.302.8-hotspot\jre\bin\server\jvm.dll
0x00007ffda8e20000 - 0x00007ffda8e28000 	C:\WINDOWS\System32\PSAPI.DLL
0x00007ffd90740000 - 0x00007ffd90767000 	C:\WINDOWS\SYSTEM32\WINMM.dll
0x00007ffd9ebf0000 - 0x00007ffd9ebf9000 	C:\WINDOWS\SYSTEM32\WSOCK32.dll
0x00007ffd99360000 - 0x00007ffd9936a000 	C:\WINDOWS\SYSTEM32\VERSION.dll
0x00007ffdaac90000 - 0x00007ffdaacfb000 	C:\WINDOWS\System32\WS2_32.dll
0x00007ffd9ebe0000 - 0x00007ffd9ebef000 	C:\Program Files\Eclipse Foundation\jdk-8.0.302.8-hotspot\jre\bin\verify.dll
0x00007ffd9cce0000 - 0x00007ffd9cd09000 	C:\Program Files\Eclipse Foundation\jdk-8.0.302.8-hotspot\jre\bin\java.dll
0x00007ffd9bcc0000 - 0x00007ffd9bcd6000 	C:\Program Files\Eclipse Foundation\jdk-8.0.302.8-hotspot\jre\bin\zip.dll
0x00007ffda9ab0000 - 0x00007ffdaa1f4000 	C:\WINDOWS\System32\SHELL32.dll
0x00007ffda6480000 - 0x00007ffda6c14000 	C:\WINDOWS\SYSTEM32\windows.storage.dll
0x00007ffdaa320000 - 0x00007ffdaa675000 	C:\WINDOWS\System32\combase.dll
0x00007ffda7d80000 - 0x00007ffda7dae000 	C:\WINDOWS\SYSTEM32\Wldp.dll
0x00007ffda9a00000 - 0x00007ffda9aad000 	C:\WINDOWS\System32\SHCORE.dll
0x00007ffdaa680000 - 0x00007ffdaa6d5000 	C:\WINDOWS\System32\shlwapi.dll
0x00007ffda8420000 - 0x00007ffda843f000 	C:\WINDOWS\SYSTEM32\profapi.dll
0x00007ffd9bbb0000 - 0x00007ffd9bbca000 	C:\Program Files\Eclipse Foundation\jdk-8.0.302.8-hotspot\jre\bin\net.dll
0x00007ffda7b60000 - 0x00007ffda7bca000 	C:\WINDOWS\system32\mswsock.dll
0x00007ffd9ba60000 - 0x00007ffd9ba72000 	C:\Program Files\Eclipse Foundation\jdk-8.0.302.8-hotspot\jre\bin\nio.dll

VM Arguments:
jvm_args: -Xmx1G 
java_command: com.android.tools.r8.D8 --debug --min-api 21 --output obj\Debug\110\android\bin\ --lib C:\Program Files (x86)\Android\android-sdk\platforms\android-30\android.jar obj\Debug\110\android\bin\classes.zip C:\Program Files (x86)\Microsoft Visual Studio\2019\Community\Common7\IDE\ReferenceAssemblies\Microsoft\Framework\MonoAndroid\v11.0\mono.android.jar C:\Program Files (x86)\Microsoft Visual Studio\2019\Community\MSBuild\Xamarin\Android\java_runtime_fastdev.jar C:\Program Files (x86)\Microsoft\Xamarin\NuGet\xamarin.google.guava.listenablefuture\1.0.0.2\buildTransitive\monoandroid50\guava-listenablefuture.jar C:\Users\tutua\.nuget\packages\xamarin.androidx.annotation\1.2.0.1\buildTransitive\monoandroid90\..\..\jar\androidx.annotation.annotation.jar C:\Users\tutua\.nuget\packages\xamarin.androidx.collection\1.1.0.8\buildTransitive\monoandroid90\..\..\jar\androidx.collection.collection.jar C:\Users\tutua\.nuget\packages\xamarin.androidx.lifecycle.common\2.3.1.1\buildTransitive\monoandroid90\..\..\jar\androidx.lifecycle.lifecycle-common.jar C:\Users\tutua\.nuget\packages\xamarin.androidx.arch.core.common\2.1.0.9\buildTransitive\monoandroid90\..\..\jar\androidx.arch.core.core-common.jar C:\Users\tutua\.nuget\packages\xamarin.androidx.constraintlayout.core\1.0.0\buildTransitive\monoandroid90\..\..\jar\androidx.constraintlayout.constraintlayout-core.jar C:\Users\tutua\.nuget\packages\xamarin.androidx.concurrent.futures\1.1.0.3\buildTransitive\monoandroid90\..\..\jar\androidx.concurrent.concurrent-futures.jar obj\Debug\110\lp\0\jl\formsviewgroup.jar obj\Debug\110\lp\100\jl\classes.jar obj\Debug\110\lp\101\jl\classes.jar obj\Debug\110\lp\102\jl\classes.jar obj\Debug\110\lp\103\jl\classes.jar obj\Debug\110\lp\105\jl\classes.jar obj\Debug\110\lp\60\jl\classes.jar obj\Debug\110\lp\61\jl\classes.jar obj\Debug\110\lp\62\jl\classes.jar obj\Debug\110\lp\63\jl\classes.jar obj\Debug\110\lp\64\jl\classes.jar obj\Debug\110\lp\65\jl\classes.jar obj\Debug\110\lp\66\jl\classes.
java_class_path (initial): C:\Program Files (x86)\Microsoft Visual Studio\2019\Community\MSBuild\Xamarin\Android\r8.jar
Launcher Type: SUN_STANDARD

Environment Variables:
PATH=C:\Program Files\Microsoft MPI\Bin\;C:\Program Files\Eclipse Foundation\jdk-8.0.302.8-hotspot\bin;C:\WINDOWS\system32;C:\WINDOWS;C:\WINDOWS\System32\Wbem;C:\WINDOWS\System32\WindowsPowerShell\v1.0\;C:\WINDOWS\System32\OpenSSH\;C:\Program Files (x86)\AMD\ATI.ACE\Core-Static;C:\Program Files\dotnet\;C:\Program Files\Microsoft SQL Server\130\Tools\Binn\;C:\Program Files\Microsoft SQL Server\Client SDK\ODBC\170\Tools\Binn\;C:\Program Files\Git\cmd;C:\Program Files (x86)\dotnet\;C:\Program Files (x86)\Microsoft SQL Server\150\Tools\Binn\;C:\Program Files\Microsoft SQL Server\150\Tools\Binn\;C:\Program Files (x86)\Microsoft SQL Server\150\DTS\Binn\;C:\Program Files\Microsoft SQL Server\150\DTS\Binn\;C:\Program Files\Azure Data Studio\bin;C:\Users\tutua\AppData\Local\Microsoft\WindowsApps;;C:\Users\tutua\AppData\Local\Programs\Microsoft VS Code\bin;C:\Users\tutua\.dotnet\tools;C:\Program Files\Azure Data Studio\bin
USERNAME=tutua
OS=Windows_NT
PROCESSOR_IDENTIFIER=Intel64 Family 6 Model 60 Stepping 3, GenuineIntel



---------------  S Y S T E M  ---------------

OS: Windows 10.0 , 64 bit Build 19041 (10.0.19041.1348)

CPU:total 4 (initial active 4) (2 cores per cpu, 2 threads per core) family 6 model 60 stepping 3, cmov, cx8, fxsr, mmx, sse, sse2, sse3, ssse3, sse4.1, sse4.2, popcnt, avx, avx2, aes, clmul, erms, lzcnt, ht, tsc, tscinvbit, bmi1, bmi2

Memory: 4k page, physical 8308212k(565492k free), swap 12502516k(5136k free)

vm_info: OpenJDK 64-Bit Server VM (25.302-b08) for windows-amd64 JRE (1.8.0_302-b08), built on Jul 20 2021 21:31:03 by "jenkins" with MS VC++ 12.0 (VS2013)

time: Fri Jan 14 15:31:04 2022
timezone: SE Asia Standard Time
elapsed time: 1.700577 seconds (0d 0h 0m 1s)

