#
# There is insufficient memory for the Java Runtime Environment to continue.
# Native memory allocation (malloc) failed to allocate 286576 bytes for Chunk::new
# Possible reasons:
#   The system is out of physical RAM or swap space
#   The process is running with CompressedOops enabled, and the Java Heap may be blocking the growth of the native heap
# Possible solutions:
#   Reduce memory load on the system
#   Increase physical memory or swap space
#   Check if swap backing store is full
#   Decrease Java heap size (-Xmx/-Xms)
#   Decrease number of Java threads
#   Decrease Java thread stack sizes (-Xss)
#   Set larger code cache with -XX:ReservedCodeCacheSize=
#   JVM is running with Unscaled Compressed Oops mode in which the Java heap is
#     placed in the first 4GB address space. The Java Heap base address is the
#     maximum limit for the native heap growth. Please use -XX:HeapBaseMinAddress
#     to set the Java Heap base and to place the Java Heap above 4GB virtual address.
# This output file may be truncated or incomplete.
#
#  Out of Memory Error (allocation.cpp:389), pid=7216, tid=0x0000000000002e78
#
# JRE version: OpenJDK Runtime Environment (8.0_302-b08) (build 1.8.0_302-b08)
# Java VM: OpenJDK 64-Bit Server VM (25.302-b08 mixed mode windows-amd64 compressed oops)
# Failed to write core dump. Minidumps are not enabled by default on client versions of Windows
#

---------------  T H R E A D  ---------------

Current thread (0x0000021ed2ca4800):  JavaThread "C2 CompilerThread1" daemon [_thread_in_native, id=11896, stack(0x000000e1c6100000,0x000000e1c6200000)]

Stack: [0x000000e1c6100000,0x000000e1c6200000]
[error occurred during error reporting (printing stack bounds), id 0xc0000005]

Native frames: (J=compiled Java code, j=interpreted, Vv=VM code, C=native code)


Current CompileTask:
C2:  12215 3260       4       com.sun.tools.javac.comp.Resolve::findMethod (432 bytes)


---------------  P R O C E S S  ---------------

Java Threads: ( => current thread )
  0x0000021ed2d19800 JavaThread "Service Thread" daemon [_thread_blocked, id=8764, stack(0x000000e1c6300000,0x000000e1c6400000)]
  0x0000021ed2cb2000 JavaThread "C1 CompilerThread2" daemon [_thread_blocked, id=7992, stack(0x000000e1c6200000,0x000000e1c6300000)]
=>0x0000021ed2ca4800 JavaThread "C2 CompilerThread1" daemon [_thread_in_native, id=11896, stack(0x000000e1c6100000,0x000000e1c6200000)]
  0x0000021ed2ca8800 JavaThread "C2 CompilerThread0" daemon [_thread_in_native, id=9828, stack(0x000000e1c6000000,0x000000e1c6100000)]
  0x0000021ed2c9b800 JavaThread "Attach Listener" daemon [_thread_blocked, id=2452, stack(0x000000e1c5f00000,0x000000e1c6000000)]
  0x0000021ed2c9a800 JavaThread "Signal Dispatcher" daemon [_thread_blocked, id=11696, stack(0x000000e1c5e00000,0x000000e1c5f00000)]
  0x0000021ed2c73000 JavaThread "Finalizer" daemon [_thread_blocked, id=6840, stack(0x000000e1c5d00000,0x000000e1c5e00000)]
  0x0000021ed2c6b000 JavaThread "Reference Handler" daemon [_thread_blocked, id=16468, stack(0x000000e1c5c00000,0x000000e1c5d00000)]
  0x0000021ebc518800 JavaThread "main" [_thread_in_Java, id=14524, stack(0x000000e1c5600000,0x000000e1c5700000)]

Other Threads:
  0x0000021ed2c42000 VMThread [stack: 0x000000e1c5b00000,0x000000e1c5c00000] [id=17676]
  0x0000021ed2d1c000 WatcherThread [stack: 0x000000e1c6400000,0x000000e1c6500000] [id=13028]

VM state:not at safepoint (normal execution)

VM Mutex/Monitor currently owned by a thread: None

heap address: 0x0000000081200000, size: 2030 MB, Compressed Oops mode: 32-bit
Narrow klass base: 0x0000000000000000, Narrow klass shift: 3
Compressed class space size: 1073741824 Address: 0x0000000100000000

Heap:
 PSYoungGen      total 57344K, used 38795K [0x00000000d5b80000, 0x00000000daf80000, 0x0000000100000000)
  eden space 37888K, 53% used [0x00000000d5b80000,0x00000000d6f744f0,0x00000000d8080000)
  from space 19456K, 94% used [0x00000000d8080000,0x00000000d926e850,0x00000000d9380000)
  to   space 22528K, 0% used [0x00000000d9980000,0x00000000d9980000,0x00000000daf80000)
 ParOldGen       total 56832K, used 39458K [0x0000000081200000, 0x0000000084980000, 0x00000000d5b80000)
  object space 56832K, 69% used [0x0000000081200000,0x0000000083888ae8,0x0000000084980000)
 Metaspace       used 10059K, capacity 10516K, committed 10880K, reserved 1058816K
  class space    used 1003K, capacity 1040K, committed 1152K, reserved 1048576K

Card table byte_map: [0x0000021ecd220000,0x0000021ecd620000] byte_map_base: 0x0000021ecce17000

Marking Bits: (ParMarkBitMap*) 0x000000006ff2c820
 Begin Bits: [0x0000021ecd8d0000, 0x0000021ecf888000)
 End Bits:   [0x0000021ecf888000, 0x0000021ed1840000)

Polling page: 0x0000021ebc5f0000

CodeCache: size=245760Kb used=14544Kb max_used=14779Kb free=231215Kb
 bounds [0x0000021ebde60000, 0x0000021ebece0000, 0x0000021ecce60000]
 total_blobs=3495 nmethods=3196 adapters=210
 compilation: enabled

Compilation events (10 events):
Event: 12.197 Thread 0x0000021ed2cb2000 nmethod 3322 0x0000021ebe049fd0 code [0x0000021ebe04a180, 0x0000021ebe04a6a0]
Event: 12.197 Thread 0x0000021ed2cb2000 3324       2       com.sun.tools.javac.jvm.ClassWriter::writeEnclosingMethodAttribute (132 bytes)
Event: 12.197 Thread 0x0000021ed2cb2000 nmethod 3324 0x0000021ebdfc0610 code [0x0000021ebdfc0800, 0x0000021ebdfc0c60]
Event: 12.197 Thread 0x0000021ed2cb2000 3326       2       java.io.FileOutputStream::write (12 bytes)
Event: 12.197 Thread 0x0000021ed2cb2000 nmethod 3326 0x0000021ebe079390 code [0x0000021ebe079500, 0x0000021ebe079670]
Event: 12.197 Thread 0x0000021ed2cb2000 3328       2       java.io.FileOutputStream$1::close (8 bytes)
Event: 12.198 Thread 0x0000021ed2cb2000 nmethod 3328 0x0000021ebe049b50 code [0x0000021ebe049cc0, 0x0000021ebe049e30]
Event: 12.198 Thread 0x0000021ed2cb2000 3329       2       java.io.FileOutputStream::access$000 (5 bytes)
Event: 12.198 Thread 0x0000021ed2cb2000 nmethod 3329 0x0000021ebe099990 code [0x0000021ebe099b00, 0x0000021ebe099c50]
Event: 12.212 Thread 0x0000021ed2cb2000 3332   !   2       com.sun.tools.javac.comp.Attr::visitVarDef (406 bytes)

GC Heap History (10 events):
Event: 7.604 GC heap before
{Heap before GC invocations=15 (full 3):
 PSYoungGen      total 41472K, used 39880K [0x00000000d5b80000, 0x00000000da100000, 0x0000000100000000)
  eden space 31744K, 100% used [0x00000000d5b80000,0x00000000d7a80000,0x00000000d7a80000)
  from space 9728K, 83% used [0x00000000d7a80000,0x00000000d82722d8,0x00000000d8400000)
  to   space 14848K, 0% used [0x00000000d9280000,0x00000000d9280000,0x00000000da100000)
 ParOldGen       total 39936K, used 26815K [0x0000000081200000, 0x0000000083900000, 0x00000000d5b80000)
  object space 39936K, 67% used [0x0000000081200000,0x0000000082c2fdd0,0x0000000083900000)
 Metaspace       used 8245K, capacity 8884K, committed 9216K, reserved 1056768K
  class space    used 910K, capacity 944K, committed 1024K, reserved 1048576K
Event: 7.631 GC heap after
Heap after GC invocations=15 (full 3):
 PSYoungGen      total 50176K, used 13671K [0x00000000d5b80000, 0x00000000da000000, 0x0000000100000000)
  eden space 36352K, 0% used [0x00000000d5b80000,0x00000000d5b80000,0x00000000d7f00000)
  from space 13824K, 98% used [0x00000000d9280000,0x00000000d9fd9ca0,0x00000000da000000)
  to   space 16896K, 0% used [0x00000000d7f00000,0x00000000d7f00000,0x00000000d8f80000)
 ParOldGen       total 39936K, used 34462K [0x0000000081200000, 0x0000000083900000, 0x00000000d5b80000)
  object space 39936K, 86% used [0x0000000081200000,0x00000000833a7a98,0x0000000083900000)
 Metaspace       used 8245K, capacity 8884K, committed 9216K, reserved 1056768K
  class space    used 910K, capacity 944K, committed 1024K, reserved 1048576K
}
Event: 7.631 GC heap before
{Heap before GC invocations=16 (full 4):
 PSYoungGen      total 50176K, used 13671K [0x00000000d5b80000, 0x00000000da000000, 0x0000000100000000)
  eden space 36352K, 0% used [0x00000000d5b80000,0x00000000d5b80000,0x00000000d7f00000)
  from space 13824K, 98% used [0x00000000d9280000,0x00000000d9fd9ca0,0x00000000da000000)
  to   space 16896K, 0% used [0x00000000d7f00000,0x00000000d7f00000,0x00000000d8f80000)
 ParOldGen       total 39936K, used 34462K [0x0000000081200000, 0x0000000083900000, 0x00000000d5b80000)
  object space 39936K, 86% used [0x0000000081200000,0x00000000833a7a98,0x0000000083900000)
 Metaspace       used 8245K, capacity 8884K, committed 9216K, reserved 1056768K
  class space    used 910K, capacity 944K, committed 1024K, reserved 1048576K
Event: 7.880 GC heap after
Heap after GC invocations=16 (full 4):
 PSYoungGen      total 50176K, used 8410K [0x00000000d5b80000, 0x00000000da000000, 0x0000000100000000)
  eden space 36352K, 0% used [0x00000000d5b80000,0x00000000d5b80000,0x00000000d7f00000)
  from space 13824K, 60% used [0x00000000d9280000,0x00000000d9ab6a18,0x00000000da000000)
  to   space 16896K, 0% used [0x00000000d7f00000,0x00000000d7f00000,0x00000000d8f80000)
 ParOldGen       total 56832K, used 39434K [0x0000000081200000, 0x0000000084980000, 0x00000000d5b80000)
  object space 56832K, 69% used [0x0000000081200000,0x0000000083882ae8,0x0000000084980000)
 Metaspace       used 8245K, capacity 8884K, committed 9216K, reserved 1056768K
  class space    used 910K, capacity 944K, committed 1024K, reserved 1048576K
}
Event: 9.727 GC heap before
{Heap before GC invocations=17 (full 4):
 PSYoungGen      total 50176K, used 44762K [0x00000000d5b80000, 0x00000000da000000, 0x0000000100000000)
  eden space 36352K, 100% used [0x00000000d5b80000,0x00000000d7f00000,0x00000000d7f00000)
  from space 13824K, 60% used [0x00000000d9280000,0x00000000d9ab6a18,0x00000000da000000)
  to   space 16896K, 0% used [0x00000000d7f00000,0x00000000d7f00000,0x00000000d8f80000)
 ParOldGen       total 56832K, used 39434K [0x0000000081200000, 0x0000000084980000, 0x00000000d5b80000)
  object space 56832K, 69% used [0x0000000081200000,0x0000000083882ae8,0x0000000084980000)
 Metaspace       used 9626K, capacity 10132K, committed 10368K, reserved 1058816K
  class space    used 1001K, capacity 1040K, committed 1152K, reserved 1048576K
Event: 9.740 GC heap after
Heap after GC invocations=17 (full 4):
 PSYoungGen      total 53248K, used 10201K [0x00000000d5b80000, 0x00000000da480000, 0x0000000100000000)
  eden space 36352K, 0% used [0x00000000d5b80000,0x00000000d5b80000,0x00000000d7f00000)
  from space 16896K, 60% used [0x00000000d7f00000,0x00000000d88f65d8,0x00000000d8f80000)
  to   space 17408K, 0% used [0x00000000d9380000,0x00000000d9380000,0x00000000da480000)
 ParOldGen       total 56832K, used 39442K [0x0000000081200000, 0x0000000084980000, 0x00000000d5b80000)
  object space 56832K, 69% used [0x0000000081200000,0x0000000083884ae8,0x0000000084980000)
 Metaspace       used 9626K, capacity 10132K, committed 10368K, reserved 1058816K
  class space    used 1001K, capacity 1040K, committed 1152K, reserved 1048576K
}
Event: 10.893 GC heap before
{Heap before GC invocations=18 (full 4):
 PSYoungGen      total 53248K, used 46553K [0x00000000d5b80000, 0x00000000da480000, 0x0000000100000000)
  eden space 36352K, 100% used [0x00000000d5b80000,0x00000000d7f00000,0x00000000d7f00000)
  from space 16896K, 60% used [0x00000000d7f00000,0x00000000d88f65d8,0x00000000d8f80000)
  to   space 17408K, 0% used [0x00000000d9380000,0x00000000d9380000,0x00000000da480000)
 ParOldGen       total 56832K, used 39442K [0x0000000081200000, 0x0000000084980000, 0x00000000d5b80000)
  object space 56832K, 69% used [0x0000000081200000,0x0000000083884ae8,0x0000000084980000)
 Metaspace       used 9927K, capacity 10388K, committed 10624K, reserved 1058816K
  class space    used 1001K, capacity 1040K, committed 1152K, reserved 1048576K
Event: 10.909 GC heap after
Heap after GC invocations=18 (full 4):
 PSYoungGen      total 55296K, used 14368K [0x00000000d5b80000, 0x00000000da800000, 0x0000000100000000)
  eden space 37888K, 0% used [0x00000000d5b80000,0x00000000d5b80000,0x00000000d8080000)
  from space 17408K, 82% used [0x00000000d9380000,0x00000000da1882b0,0x00000000da480000)
  to   space 19456K, 0% used [0x00000000d8080000,0x00000000d8080000,0x00000000d9380000)
 ParOldGen       total 56832K, used 39450K [0x0000000081200000, 0x0000000084980000, 0x00000000d5b80000)
  object space 56832K, 69% used [0x0000000081200000,0x0000000083886ae8,0x0000000084980000)
 Metaspace       used 9927K, capacity 10388K, committed 10624K, reserved 1058816K
  class space    used 1001K, capacity 1040K, committed 1152K, reserved 1048576K
}
Event: 11.777 GC heap before
{Heap before GC invocations=19 (full 4):
 PSYoungGen      total 55296K, used 52256K [0x00000000d5b80000, 0x00000000da800000, 0x0000000100000000)
  eden space 37888K, 100% used [0x00000000d5b80000,0x00000000d8080000,0x00000000d8080000)
  from space 17408K, 82% used [0x00000000d9380000,0x00000000da1882b0,0x00000000da480000)
  to   space 19456K, 0% used [0x00000000d8080000,0x00000000d8080000,0x00000000d9380000)
 ParOldGen       total 56832K, used 39450K [0x0000000081200000, 0x0000000084980000, 0x00000000d5b80000)
  object space 56832K, 69% used [0x0000000081200000,0x0000000083886ae8,0x0000000084980000)
 Metaspace       used 9990K, capacity 10452K, committed 10624K, reserved 1058816K
  class space    used 1001K, capacity 1040K, committed 1152K, reserved 1048576K
Event: 11.795 GC heap after
Heap after GC invocations=19 (full 4):
 PSYoungGen      total 57344K, used 18362K [0x00000000d5b80000, 0x00000000daf80000, 0x0000000100000000)
  eden space 37888K, 0% used [0x00000000d5b80000,0x00000000d5b80000,0x00000000d8080000)
  from space 19456K, 94% used [0x00000000d8080000,0x00000000d926e850,0x00000000d9380000)
  to   space 22528K, 0% used [0x00000000d9980000,0x00000000d9980000,0x00000000daf80000)
 ParOldGen       total 56832K, used 39458K [0x0000000081200000, 0x0000000084980000, 0x00000000d5b80000)
  object space 56832K, 69% used [0x0000000081200000,0x0000000083888ae8,0x0000000084980000)
 Metaspace       used 9990K, capacity 10452K, committed 10624K, reserved 1058816K
  class space    used 1001K, capacity 1040K, committed 1152K, reserved 1048576K
}

Deoptimization events (10 events):
Event: 12.125 Thread 0x0000021ebc518800 Uncommon trap: reason=bimorphic action=maybe_recompile pc=0x0000021ebeb48a88 method=com.sun.tools.javac.code.Types.isSubtype(Lcom/sun/tools/javac/code/Type;Lcom/sun/tools/javac/code/Type;Z)Z @ 13
Event: 12.125 Thread 0x0000021ebc518800 Uncommon trap: reason=bimorphic action=maybe_recompile pc=0x0000021ebe6bec04 method=com.sun.tools.javac.comp.Attr.selectSym(Lcom/sun/tools/javac/tree/JCTree$JCFieldAccess;Lcom/sun/tools/javac/code/Symbol;Lcom/sun/tools/javac/code/Type;Lcom/sun/tools/javac
Event: 12.129 Thread 0x0000021ebc518800 Uncommon trap: reason=bimorphic action=maybe_recompile pc=0x0000021ebe9e0508 method=com.sun.tools.javac.tree.TreeInfo.isEnumInit(Lcom/sun/tools/javac/tree/JCTree;)Z @ 4
Event: 12.130 Thread 0x0000021ebc518800 Uncommon trap: reason=bimorphic action=maybe_recompile pc=0x0000021ebe9e0508 method=com.sun.tools.javac.tree.TreeInfo.isEnumInit(Lcom/sun/tools/javac/tree/JCTree;)Z @ 4
Event: 12.130 Thread 0x0000021ebc518800 Uncommon trap: reason=bimorphic action=maybe_recompile pc=0x0000021ebe9e0508 method=com.sun.tools.javac.tree.TreeInfo.isEnumInit(Lcom/sun/tools/javac/tree/JCTree;)Z @ 4
Event: 12.130 Thread 0x0000021ebc518800 Uncommon trap: reason=bimorphic action=maybe_recompile pc=0x0000021ebe9e0508 method=com.sun.tools.javac.tree.TreeInfo.isEnumInit(Lcom/sun/tools/javac/tree/JCTree;)Z @ 4
Event: 12.130 Thread 0x0000021ebc518800 Uncommon trap: reason=unstable_if action=reinterpret pc=0x0000021ebe920430 method=com.sun.tools.javac.comp.Flow$AssignAnalyzer.visitVarDef(Lcom/sun/tools/javac/tree/JCTree$JCVariableDecl;)V @ 79
Event: 12.131 Thread 0x0000021ebc518800 Uncommon trap: reason=unstable_if action=reinterpret pc=0x0000021ebe90f90c method=com.sun.tools.javac.tree.TreeTranslator.translate(Lcom/sun/tools/javac/util/List;)Lcom/sun/tools/javac/util/List; @ 1
Event: 12.132 Thread 0x0000021ebc518800 Uncommon trap: reason=unstable_if action=reinterpret pc=0x0000021ebe7161e8 method=com.sun.tools.javac.jvm.Gen.checkStringConstant(Lcom/sun/tools/javac/util/JCDiagnostic$DiagnosticPosition;Ljava/lang/Object;)V @ 8
Event: 12.134 Thread 0x0000021ebc518800 Uncommon trap: reason=class_check action=maybe_recompile pc=0x0000021ebe6d18a4 method=com.sun.tools.javac.jvm.Pool.makePoolValue(Ljava/lang/Object;)Ljava/lang/Object; @ 81

Classes redefined (0 events):
No events

Internal exceptions (10 events):
Event: 0.029 Thread 0x0000021ebc518800 Exception <a 'java/lang/NoSuchMethodError': Method sun.misc.Unsafe.defineClass(Ljava/lang/String;[BII)Ljava/lang/Class; name or signature does not match> (0x00000000d5b87cd8) thrown at [J:\jenkins\tmp\workspace\build\src\hotspot\src\share\vm\prims\jni.cpp
Event: 0.029 Thread 0x0000021ebc518800 Exception <a 'java/lang/NoSuchMethodError': Method sun.misc.Unsafe.prefetchRead(Ljava/lang/Object;J)V name or signature does not match> (0x00000000d5b87fc0) thrown at [J:\jenkins\tmp\workspace\build\src\hotspot\src\share\vm\prims\jni.cpp, line 4014]
Event: 0.132 Thread 0x0000021ebc518800 Exception <a 'java/security/PrivilegedActionException'> (0x00000000d5cf9188) thrown at [J:\jenkins\tmp\workspace\build\src\hotspot\src\share\vm\prims\jvm.cpp, line 1523]
Event: 0.132 Thread 0x0000021ebc518800 Exception <a 'java/security/PrivilegedActionException'> (0x00000000d5cf9580) thrown at [J:\jenkins\tmp\workspace\build\src\hotspot\src\share\vm\prims\jvm.cpp, line 1523]
Event: 0.133 Thread 0x0000021ebc518800 Exception <a 'java/security/PrivilegedActionException'> (0x00000000d5cfe980) thrown at [J:\jenkins\tmp\workspace\build\src\hotspot\src\share\vm\prims\jvm.cpp, line 1523]
Event: 0.133 Thread 0x0000021ebc518800 Exception <a 'java/security/PrivilegedActionException'> (0x00000000d5cfed78) thrown at [J:\jenkins\tmp\workspace\build\src\hotspot\src\share\vm\prims\jvm.cpp, line 1523]
Event: 0.139 Thread 0x0000021ebc518800 Exception <a 'java/security/PrivilegedActionException'> (0x00000000d5bb4af0) thrown at [J:\jenkins\tmp\workspace\build\src\hotspot\src\share\vm\prims\jvm.cpp, line 1523]
Event: 0.139 Thread 0x0000021ebc518800 Exception <a 'java/security/PrivilegedActionException'> (0x00000000d5bb4ee8) thrown at [J:\jenkins\tmp\workspace\build\src\hotspot\src\share\vm\prims\jvm.cpp, line 1523]
Event: 8.152 Thread 0x0000021ebc518800 Implicit null exception at 0x0000021ebe599fd2 to 0x0000021ebe59a02e
Event: 12.132 Thread 0x0000021ebc518800 Implicit null exception at 0x0000021ebe7160e2 to 0x0000021ebe7161d1

Events (10 events):
Event: 12.132 Thread 0x0000021ebc518800 Uncommon trap: trap_request=0xffffff65 fr.pc=0x0000021ebe7161e8
Event: 12.132 Thread 0x0000021ebc518800 DEOPT PACKING pc=0x0000021ebe7161e8 sp=0x000000e1c56fe230
Event: 12.132 Thread 0x0000021ebc518800 DEOPT UNPACKING pc=0x0000021ebdea5583 sp=0x000000e1c56fe1e8 mode 2
Event: 12.134 Thread 0x0000021ebc518800 Uncommon trap: trap_request=0xffffffde fr.pc=0x0000021ebe6d18a4
Event: 12.134 Thread 0x0000021ebc518800 DEOPT PACKING pc=0x0000021ebe6d18a4 sp=0x000000e1c56fdd30
Event: 12.134 Thread 0x0000021ebc518800 DEOPT UNPACKING pc=0x0000021ebdea5583 sp=0x000000e1c56fdcd0 mode 2
Event: 12.135 loading class com/sun/tools/javac/code/Types$MembersClosureCache$MembersScope$1
Event: 12.135 loading class com/sun/tools/javac/code/Types$MembersClosureCache$MembersScope$1 done
Event: 12.173 Thread 0x0000021ebc518800 DEOPT PACKING pc=0x0000021ebecc22ec sp=0x000000e1c56fe790
Event: 12.173 Thread 0x0000021ebc518800 DEOPT UNPACKING pc=0x0000021ebdea75d8 sp=0x000000e1c56fe4b8 mode 0


Dynamic libraries:
0x00007ff798760000 - 0x00007ff798767000 	C:\Program Files\Eclipse Foundation\jdk-8.0.302.8-hotspot\bin\javac.exe
0x00007ffdaadd0000 - 0x00007ffdaafc5000 	C:\WINDOWS\SYSTEM32\ntdll.dll
0x00007ffdaa260000 - 0x00007ffdaa31e000 	C:\WINDOWS\System32\KERNEL32.DLL
0x00007ffda8640000 - 0x00007ffda8908000 	C:\WINDOWS\System32\KERNELBASE.dll
0x00007ffd9ba40000 - 0x00007ffd9ba74000 	C:\Program Files\Eclipse Foundation\jdk-8.0.302.8-hotspot\bin\jli.dll
0x00007ffd75490000 - 0x00007ffd7557f000 	C:\Program Files\Eclipse Foundation\jdk-8.0.302.8-hotspot\bin\MSVCR120.dll
0x00007ffda97d0000 - 0x00007ffda987c000 	C:\WINDOWS\System32\ADVAPI32.dll
0x00007ffda9150000 - 0x00007ffda91ee000 	C:\WINDOWS\System32\msvcrt.dll
0x00007ffda9520000 - 0x00007ffda95bb000 	C:\WINDOWS\System32\sechost.dll
0x00007ffdaab60000 - 0x00007ffdaac8a000 	C:\WINDOWS\System32\RPCRT4.dll
0x00007ffda95c0000 - 0x00007ffda9761000 	C:\WINDOWS\System32\USER32.dll
0x00007ffd8f2e0000 - 0x00007ffd8f57a000 	C:\WINDOWS\WinSxS\amd64_microsoft.windows.common-controls_6595b64144ccf1df_6.0.19041.1110_none_60b5254171f9507e\COMCTL32.dll
0x00007ffda8c20000 - 0x00007ffda8c42000 	C:\WINDOWS\System32\win32u.dll
0x00007ffda9040000 - 0x00007ffda906b000 	C:\WINDOWS\System32\GDI32.dll
0x00007ffda8c50000 - 0x00007ffda8d5d000 	C:\WINDOWS\System32\gdi32full.dll
0x00007ffda89f0000 - 0x00007ffda8a8d000 	C:\WINDOWS\System32\msvcp_win.dll
0x00007ffda8af0000 - 0x00007ffda8bf0000 	C:\WINDOWS\System32\ucrtbase.dll
0x00007ffda8ff0000 - 0x00007ffda9020000 	C:\WINDOWS\System32\IMM32.DLL
0x00007ffd753a0000 - 0x00007ffd7548f000 	C:\Program Files\Eclipse Foundation\jdk-8.0.302.8-hotspot\jre\bin\msvcr120.dll
0x00007ffd73be0000 - 0x00007ffd73c86000 	C:\Program Files\Eclipse Foundation\jdk-8.0.302.8-hotspot\jre\bin\msvcp120.dll
0x000000006f740000 - 0x000000006ffab000 	C:\Program Files\Eclipse Foundation\jdk-8.0.302.8-hotspot\jre\bin\server\jvm.dll
0x00007ffda8e20000 - 0x00007ffda8e28000 	C:\WINDOWS\System32\PSAPI.DLL
0x00007ffd9ebf0000 - 0x00007ffd9ebf9000 	C:\WINDOWS\SYSTEM32\WSOCK32.dll
0x00007ffdaac90000 - 0x00007ffdaacfb000 	C:\WINDOWS\System32\WS2_32.dll
0x00007ffd90740000 - 0x00007ffd90767000 	C:\WINDOWS\SYSTEM32\WINMM.dll
0x00007ffd99360000 - 0x00007ffd9936a000 	C:\WINDOWS\SYSTEM32\VERSION.dll
0x00007ffd9ebe0000 - 0x00007ffd9ebef000 	C:\Program Files\Eclipse Foundation\jdk-8.0.302.8-hotspot\jre\bin\verify.dll
0x00007ffd85680000 - 0x00007ffd856a9000 	C:\Program Files\Eclipse Foundation\jdk-8.0.302.8-hotspot\jre\bin\java.dll
0x00007ffd876a0000 - 0x00007ffd876b6000 	C:\Program Files\Eclipse Foundation\jdk-8.0.302.8-hotspot\jre\bin\zip.dll
0x00007ffda9ab0000 - 0x00007ffdaa1f4000 	C:\WINDOWS\System32\SHELL32.dll
0x00007ffda6480000 - 0x00007ffda6c14000 	C:\WINDOWS\SYSTEM32\windows.storage.dll
0x00007ffdaa320000 - 0x00007ffdaa675000 	C:\WINDOWS\System32\combase.dll
0x00007ffda7d80000 - 0x00007ffda7dae000 	C:\WINDOWS\SYSTEM32\Wldp.dll
0x00007ffda9a00000 - 0x00007ffda9aad000 	C:\WINDOWS\System32\SHCORE.dll
0x00007ffdaa680000 - 0x00007ffdaa6d5000 	C:\WINDOWS\System32\shlwapi.dll
0x00007ffda8420000 - 0x00007ffda843f000 	C:\WINDOWS\SYSTEM32\profapi.dll

VM Arguments:
jvm_args: -Dapplication.home=C:\Program Files\Eclipse Foundation\jdk-8.0.302.8-hotspot -Xms8m -Dfile.encoding=UTF8 
java_command: com.sun.tools.javac.Main @C:\Users\tutua\AppData\Local\Temp\tmpD2ED.tmp -target 1.8 -source 1.8
java_class_path (initial): C:\Program Files\Eclipse Foundation\jdk-8.0.302.8-hotspot/lib/tools.jar;C:\Program Files\Eclipse Foundation\jdk-8.0.302.8-hotspot/classes
Launcher Type: SUN_STANDARD

Environment Variables:
PATH=C:\Program Files\Microsoft MPI\Bin\;C:\Program Files\Eclipse Foundation\jdk-8.0.302.8-hotspot\bin;C:\WINDOWS\system32;C:\WINDOWS;C:\WINDOWS\System32\Wbem;C:\WINDOWS\System32\WindowsPowerShell\v1.0\;C:\WINDOWS\System32\OpenSSH\;C:\Program Files (x86)\AMD\ATI.ACE\Core-Static;C:\Program Files\dotnet\;C:\Program Files\Microsoft SQL Server\130\Tools\Binn\;C:\Program Files\Microsoft SQL Server\Client SDK\ODBC\170\Tools\Binn\;C:\Program Files\Git\cmd;C:\Program Files (x86)\dotnet\;C:\Program Files (x86)\Microsoft SQL Server\150\Tools\Binn\;C:\Program Files\Microsoft SQL Server\150\Tools\Binn\;C:\Program Files (x86)\Microsoft SQL Server\150\DTS\Binn\;C:\Program Files\Microsoft SQL Server\150\DTS\Binn\;C:\Program Files\Azure Data Studio\bin;C:\Users\tutua\AppData\Local\Microsoft\WindowsApps;;C:\Users\tutua\AppData\Local\Programs\Microsoft VS Code\bin;C:\Users\tutua\.dotnet\tools;C:\Program Files\Azure Data Studio\bin
USERNAME=tutua
OS=Windows_NT
PROCESSOR_IDENTIFIER=Intel64 Family 6 Model 60 Stepping 3, GenuineIntel



---------------  S Y S T E M  ---------------

OS: Windows 10.0 , 64 bit Build 19041 (10.0.19041.1348)

CPU:total 4 (initial active 4) (2 cores per cpu, 2 threads per core) family 6 model 60 stepping 3, cmov, cx8, fxsr, mmx, sse, sse2, sse3, ssse3, sse4.1, sse4.2, popcnt, avx, avx2, aes, clmul, erms, lzcnt, ht, tsc, tscinvbit, bmi1, bmi2

Memory: 4k page, physical 8308212k(538356k free), swap 12502516k(5296k free)

vm_info: OpenJDK 64-Bit Server VM (25.302-b08) for windows-amd64 JRE (1.8.0_302-b08), built on Jul 20 2021 21:31:03 by "jenkins" with MS VC++ 12.0 (VS2013)

time: Fri Jan 14 15:27:13 2022
timezone: SE Asia Standard Time
elapsed time: 12.220887 seconds (0d 0h 0m 12s)

