#
# There is insufficient memory for the Java Runtime Environment to continue.
# Native memory allocation (malloc) failed to allocate 1048576 bytes for AllocateHeap
# Possible reasons:
#   The system is out of physical RAM or swap space
#   The process is running with CompressedOops enabled, and the Java Heap may be blocking the growth of the native heap
# Possible solutions:
#   Reduce memory load on the system
#   Increase physical memory or swap space
#   Check if swap backing store is full
#   Decrease Java heap size (-Xmx/-Xms)
#   Decrease number of Java threads
#   Decrease Java thread stack sizes (-Xss)
#   Set larger code cache with -XX:ReservedCodeCacheSize=
#   JVM is running with Unscaled Compressed Oops mode in which the Java heap is
#     placed in the first 4GB address space. The Java Heap base address is the
#     maximum limit for the native heap growth. Please use -XX:HeapBaseMinAddress
#     to set the Java Heap base and to place the Java Heap above 4GB virtual address.
# This output file may be truncated or incomplete.
#
#  Out of Memory Error (memory/allocation.inline.hpp:61), pid=13288, tid=0x00000000000005f4
#
# JRE version:  (8.0_302-b08) (build )
# Java VM: OpenJDK 64-Bit Server VM (25.302-b08 mixed mode windows-amd64 compressed oops)
# Failed to write core dump. Minidumps are not enabled by default on client versions of Windows
#

---------------  T H R E A D  ---------------

Current thread (0x0000023d98054000):  JavaThread "Unknown thread" [_thread_in_vm, id=1524, stack(0x000000b827f00000,0x000000b828000000)]

Stack: [0x000000b827f00000,0x000000b828000000]
[error occurred during error reporting (printing stack bounds), id 0xc0000005]

Native frames: (J=compiled Java code, j=interpreted, Vv=VM code, C=native code)


---------------  P R O C E S S  ---------------

Java Threads: ( => current thread )

Other Threads:

=>0x0000023d98054000 (exited) JavaThread "Unknown thread" [_thread_in_vm, id=1524, stack(0x000000b827f00000,0x000000b828000000)]

VM state:not at safepoint (normal execution)

VM Mutex/Monitor currently owned by a thread: None

heap address: 0x0000000081200000, size: 2030 MB, Compressed Oops mode: 32-bit
Narrow klass base: 0x0000000000000000, Narrow klass shift: 3
Compressed class space size: 1073741824 Address: 0x0000000100000000

Heap:
 PSYoungGen      total 38400K, used 665K [0x00000000d5b80000, 0x00000000d8600000, 0x0000000100000000)
  eden space 33280K, 2% used [0x00000000d5b80000,0x00000000d5c26670,0x00000000d7c00000)
  from space 5120K, 0% used [0x00000000d8100000,0x00000000d8100000,0x00000000d8600000)
  to   space 5120K, 0% used [0x00000000d7c00000,0x00000000d7c00000,0x00000000d8100000)
 ParOldGen       total 87552K, used 0K [0x0000000081200000, 0x0000000086780000, 0x00000000d5b80000)
  object space 87552K, 0% used [0x0000000081200000,0x0000000081200000,0x0000000086780000)
 Metaspace       used 781K, capacity 4480K, committed 4480K, reserved 1056768K
  class space    used 76K, capacity 384K, committed 384K, reserved 1048576K

Card table byte_map: [0x0000023da8cf0000,0x0000023da90f0000] byte_map_base: 0x0000023da88e7000

Marking Bits: (ParMarkBitMap*) 0x000000005141c820
 Begin Bits: [0x0000023da93a0000, 0x0000023dab358000)
 End Bits:   [0x0000023dab358000, 0x0000023dad310000)

Polling page: 0x0000023d99900000

CodeCache: size=245760Kb used=328Kb max_used=328Kb free=245431Kb
 bounds [0x0000023d99930000, 0x0000023d99ba0000, 0x0000023da8930000]
 total_blobs=57 nmethods=0 adapters=38
 compilation: enabled

Compilation events (0 events):
No events

GC Heap History (0 events):
No events

Deoptimization events (0 events):
No events

Classes redefined (0 events):
No events

Internal exceptions (0 events):
No events

Events (10 events):
Event: 0.045 loading class java/lang/Short
Event: 0.045 loading class java/lang/Short done
Event: 0.045 loading class java/lang/Integer
Event: 0.046 loading class java/lang/Integer done
Event: 0.046 loading class java/lang/Long
Event: 0.046 loading class java/lang/Long done
Event: 0.047 loading class java/lang/NullPointerException
Event: 0.047 loading class java/lang/NullPointerException done
Event: 0.047 loading class java/lang/ArithmeticException
Event: 0.047 loading class java/lang/ArithmeticException done


Dynamic libraries:
0x00007ff67ef40000 - 0x00007ff67ef7a000 	C:\Program Files\Eclipse Foundation\jdk-8.0.302.8-hotspot\bin\java.exe
0x00007ff82fb10000 - 0x00007ff82fd05000 	C:\WINDOWS\SYSTEM32\ntdll.dll
0x00007ff82db50000 - 0x00007ff82dc0e000 	C:\WINDOWS\System32\KERNEL32.DLL
0x00007ff82d4b0000 - 0x00007ff82d778000 	C:\WINDOWS\System32\KERNELBASE.dll
0x00007ff82e0e0000 - 0x00007ff82e18c000 	C:\WINDOWS\System32\ADVAPI32.dll
0x00007ff82df10000 - 0x00007ff82dfae000 	C:\WINDOWS\System32\msvcrt.dll
0x00007ff82e560000 - 0x00007ff82e5fb000 	C:\WINDOWS\System32\sechost.dll
0x00007ff82dfb0000 - 0x00007ff82e0da000 	C:\WINDOWS\System32\RPCRT4.dll
0x00007ff82eb60000 - 0x00007ff82ed01000 	C:\WINDOWS\System32\USER32.dll
0x00007ff82d980000 - 0x00007ff82d9a2000 	C:\WINDOWS\System32\win32u.dll
0x00007ff82eac0000 - 0x00007ff82eaeb000 	C:\WINDOWS\System32\GDI32.dll
0x00007ff82da40000 - 0x00007ff82db4d000 	C:\WINDOWS\System32\gdi32full.dll
0x00007ff82d780000 - 0x00007ff82d81d000 	C:\WINDOWS\System32\msvcp_win.dll
0x00007ff82d280000 - 0x00007ff82d380000 	C:\WINDOWS\System32\ucrtbase.dll
0x00007ff82c620000 - 0x00007ff82c8ba000 	C:\WINDOWS\WinSxS\amd64_microsoft.windows.common-controls_6595b64144ccf1df_6.0.19041.1110_none_60b5254171f9507e\COMCTL32.dll
0x00007ff82faa0000 - 0x00007ff82fad0000 	C:\WINDOWS\System32\IMM32.DLL
0x00007fffc1570000 - 0x00007fffc165f000 	C:\Program Files\Eclipse Foundation\jdk-8.0.302.8-hotspot\jre\bin\msvcr120.dll
0x00007fffbe1f0000 - 0x00007fffbe296000 	C:\Program Files\Eclipse Foundation\jdk-8.0.302.8-hotspot\jre\bin\msvcp120.dll
0x0000000050c30000 - 0x000000005149b000 	C:\Program Files\Eclipse Foundation\jdk-8.0.302.8-hotspot\jre\bin\server\jvm.dll
0x00007ff82de30000 - 0x00007ff82de38000 	C:\WINDOWS\System32\PSAPI.DLL
0x00007ffff4fe0000 - 0x00007ffff4fe9000 	C:\WINDOWS\SYSTEM32\WSOCK32.dll
0x00007ff82e4f0000 - 0x00007ff82e55b000 	C:\WINDOWS\System32\WS2_32.dll
0x00007ff813f20000 - 0x00007ff813f47000 	C:\WINDOWS\SYSTEM32\WINMM.dll
0x00007ff81c1c0000 - 0x00007ff81c1ca000 	C:\WINDOWS\SYSTEM32\VERSION.dll
0x00007fffd1600000 - 0x00007fffd160f000 	C:\Program Files\Eclipse Foundation\jdk-8.0.302.8-hotspot\jre\bin\verify.dll
0x00007fffc26c0000 - 0x00007fffc26e9000 	C:\Program Files\Eclipse Foundation\jdk-8.0.302.8-hotspot\jre\bin\java.dll
0x00007fffc26a0000 - 0x00007fffc26b6000 	C:\Program Files\Eclipse Foundation\jdk-8.0.302.8-hotspot\jre\bin\zip.dll

VM Arguments:
java_command: <unknown>
java_class_path (initial): .
Launcher Type: SUN_STANDARD

Environment Variables:
PATH=C:\Program Files\Microsoft MPI\Bin\;C:\Program Files\Eclipse Foundation\jdk-8.0.302.8-hotspot\bin;C:\WINDOWS\system32;C:\WINDOWS;C:\WINDOWS\System32\Wbem;C:\WINDOWS\System32\WindowsPowerShell\v1.0\;C:\WINDOWS\System32\OpenSSH\;C:\Program Files (x86)\AMD\ATI.ACE\Core-Static;C:\Program Files\dotnet\;C:\Program Files\Microsoft SQL Server\130\Tools\Binn\;C:\Program Files\Microsoft SQL Server\Client SDK\ODBC\170\Tools\Binn\;C:\Program Files\Git\cmd;C:\Program Files (x86)\dotnet\;C:\Program Files (x86)\Microsoft SQL Server\150\Tools\Binn\;C:\Program Files\Microsoft SQL Server\150\Tools\Binn\;C:\Program Files (x86)\Microsoft SQL Server\150\DTS\Binn\;C:\Program Files\Microsoft SQL Server\150\DTS\Binn\;C:\Program Files\Azure Data Studio\bin;C:\Users\tutua\AppData\Local\Microsoft\WindowsApps;;C:\Users\tutua\AppData\Local\Programs\Microsoft VS Code\bin;C:\Users\tutua\.dotnet\tools;C:\Program Files\Azure Data Studio\bin
USERNAME=tutua
OS=Windows_NT
PROCESSOR_IDENTIFIER=Intel64 Family 6 Model 60 Stepping 3, GenuineIntel



---------------  S Y S T E M  ---------------

OS: Windows 10.0 , 64 bit Build 19041 (10.0.19041.1348)

CPU:total 4 (initial active 4) (2 cores per cpu, 2 threads per core) family 6 model 60 stepping 3, cmov, cx8, fxsr, mmx, sse, sse2, sse3, ssse3, sse4.1, sse4.2, popcnt, avx, avx2, aes, clmul, erms, lzcnt, ht, tsc, tscinvbit, bmi1, bmi2

Memory: 4k page, physical 8308212k(407828k free), swap 12502516k(5844k free)

vm_info: OpenJDK 64-Bit Server VM (25.302-b08) for windows-amd64 JRE (1.8.0_302-b08), built on Jul 20 2021 21:31:03 by "jenkins" with MS VC++ 12.0 (VS2013)

time: Thu Jan 13 14:09:57 2022
timezone: SE Asia Standard Time
elapsed time: 0.060506 seconds (0d 0h 0m 0s)

