#
# There is insufficient memory for the Java Runtime Environment to continue.
# Native memory allocation (malloc) failed to allocate 65552 bytes for Chunk::new
# Possible reasons:
#   The system is out of physical RAM or swap space
#   The process is running with CompressedOops enabled, and the Java Heap may be blocking the growth of the native heap
# Possible solutions:
#   Reduce memory load on the system
#   Increase physical memory or swap space
#   Check if swap backing store is full
#   Decrease Java heap size (-Xmx/-Xms)
#   Decrease number of Java threads
#   Decrease Java thread stack sizes (-Xss)
#   Set larger code cache with -XX:ReservedCodeCacheSize=
#   JVM is running with Unscaled Compressed Oops mode in which the Java heap is
#     placed in the first 4GB address space. The Java Heap base address is the
#     maximum limit for the native heap growth. Please use -XX:HeapBaseMinAddress
#     to set the Java Heap base and to place the Java Heap above 4GB virtual address.
# This output file may be truncated or incomplete.
#
#  Out of Memory Error (allocation.cpp:389), pid=9428, tid=0x0000000000001264
#
# JRE version: OpenJDK Runtime Environment (8.0_302-b08) (build 1.8.0_302-b08)
# Java VM: OpenJDK 64-Bit Server VM (25.302-b08 mixed mode windows-amd64 compressed oops)
# Failed to write core dump. Minidumps are not enabled by default on client versions of Windows
#

---------------  T H R E A D  ---------------

Current thread (0x0000024139d52800):  JavaThread "C2 CompilerThread0" daemon [_thread_in_native, id=4708, stack(0x0000005bf9d00000,0x0000005bf9e00000)]

Stack: [0x0000005bf9d00000,0x0000005bf9e00000]
[error occurred during error reporting (printing stack bounds), id 0xc0000005]

Native frames: (J=compiled Java code, j=interpreted, Vv=VM code, C=native code)


Current CompileTask:
C2:   1664 1396       4       com.android.tools.r8.z.a.a.f::a (3630 bytes)


---------------  P R O C E S S  ---------------

Java Threads: ( => current thread )
  0x000002413ad14000 JavaThread "ForkJoinPool-1-worker-0" daemon [_thread_in_Java, id=2584, stack(0x0000005bfa300000,0x0000005bfa400000)]
  0x000002413b0d3000 JavaThread "ForkJoinPool-1-worker-1" daemon [_thread_in_Java, id=8836, stack(0x0000005bfa200000,0x0000005bfa300000)]
  0x0000024139dbe000 JavaThread "Service Thread" daemon [_thread_blocked, id=17772, stack(0x0000005bfa000000,0x0000005bfa100000)]
  0x0000024139d54000 JavaThread "C1 CompilerThread2" daemon [_thread_blocked, id=17240, stack(0x0000005bf9f00000,0x0000005bfa000000)]
  0x0000024139d4f800 JavaThread "C2 CompilerThread1" daemon [_thread_in_native, id=15472, stack(0x0000005bf9e00000,0x0000005bf9f00000)]
=>0x0000024139d52800 JavaThread "C2 CompilerThread0" daemon [_thread_in_native, id=4708, stack(0x0000005bf9d00000,0x0000005bf9e00000)]
  0x0000024139d46000 JavaThread "Attach Listener" daemon [_thread_blocked, id=16284, stack(0x0000005bf9c00000,0x0000005bf9d00000)]
  0x0000024139d44000 JavaThread "Signal Dispatcher" daemon [_thread_blocked, id=9864, stack(0x0000005bf9b00000,0x0000005bf9c00000)]
  0x0000024139d1c800 JavaThread "Finalizer" daemon [_thread_blocked, id=17960, stack(0x0000005bf9a00000,0x0000005bf9b00000)]
  0x0000024125cce000 JavaThread "Reference Handler" daemon [_thread_blocked, id=17524, stack(0x0000005bf9900000,0x0000005bf9a00000)]
  0x0000024125b0e800 JavaThread "main" [_thread_blocked, id=1256, stack(0x0000005bf9300000,0x0000005bf9400000)]

Other Threads:
  0x0000024139cf4000 VMThread [stack: 0x0000005bf9800000,0x0000005bf9900000] [id=11332]
  0x0000024139dc8800 WatcherThread [stack: 0x0000005bfa100000,0x0000005bfa200000] [id=14728]

VM state:not at safepoint (normal execution)

VM Mutex/Monitor currently owned by a thread: None

heap address: 0x00000000c0000000, size: 1024 MB, Compressed Oops mode: 32-bit
Narrow klass base: 0x0000000000000000, Narrow klass shift: 3
Compressed class space size: 1073741824 Address: 0x0000000100000000

Heap:
 PSYoungGen      total 71680K, used 37845K [0x00000000eab00000, 0x00000000f6300000, 0x0000000100000000)
  eden space 66560K, 49% used [0x00000000eab00000,0x00000000ecaf6528,0x00000000eec00000)
  from space 5120K, 99% used [0x00000000eec00000,0x00000000ef0ff1c8,0x00000000ef100000)
  to   space 27648K, 0% used [0x00000000f4800000,0x00000000f4800000,0x00000000f6300000)
 ParOldGen       total 87552K, used 54963K [0x00000000c0000000, 0x00000000c5580000, 0x00000000eab00000)
  object space 87552K, 62% used [0x00000000c0000000,0x00000000c35accb0,0x00000000c5580000)
 Metaspace       used 9579K, capacity 9920K, committed 10240K, reserved 1058816K
  class space    used 1115K, capacity 1206K, committed 1280K, reserved 1048576K

Card table byte_map: [0x0000024136860000,0x0000024136a70000] byte_map_base: 0x0000024136260000

Marking Bits: (ParMarkBitMap*) 0x000000006ff2c820
 Begin Bits: [0x0000024136bd0000, 0x0000024137bd0000)
 End Bits:   [0x0000024137bd0000, 0x0000024138bd0000)

Polling page: 0x0000024125a50000

CodeCache: size=245760Kb used=5029Kb max_used=5029Kb free=240730Kb
 bounds [0x00000241274a0000, 0x0000024127990000, 0x00000241364a0000]
 total_blobs=1767 nmethods=1431 adapters=249
 compilation: enabled

Compilation events (10 events):
Event: 1.622 Thread 0x0000024139d54000 1449       2       com.android.tools.r8.t.a.a.a.c::a (73 bytes)
Event: 1.622 Thread 0x0000024139d54000 nmethod 1449 0x0000024127988cd0 code [0x0000024127988ee0, 0x0000024127989420]
Event: 1.639 Thread 0x0000024139d54000 1451       2       com.android.tools.r8.graph.Z0::b (142 bytes)
Event: 1.640 Thread 0x0000024139d54000 nmethod 1451 0x000002412798b350 code [0x000002412798b540, 0x000002412798bad0]
Event: 1.653 Thread 0x0000024139d54000 1452       2       com.android.tools.r8.t.a.a.a.h.f0::a (27 bytes)
Event: 1.653 Thread 0x0000024139d54000 nmethod 1452 0x00000241279888d0 code [0x0000024127988a20, 0x0000024127988c18]
Event: 1.653 Thread 0x0000024139d54000 1453       2       com.android.tools.r8.t.a.a.a.h.f0$e::<init> (6 bytes)
Event: 1.653 Thread 0x0000024139d54000 nmethod 1453 0x0000024127988590 code [0x00000241279886e0, 0x0000024127988858]
Event: 1.653 Thread 0x0000024139d54000 1454       2       com.android.tools.r8.t.a.a.a.h.f0$f::<init> (41 bytes)
Event: 1.653 Thread 0x0000024139d54000 nmethod 1454 0x000002412798bf90 code [0x000002412798c0e0, 0x000002412798c278]

GC Heap History (10 events):
Event: 0.809 GC heap before
{Heap before GC invocations=1 (full 0):
 PSYoungGen      total 38400K, used 33280K [0x00000000eab00000, 0x00000000ed580000, 0x0000000100000000)
  eden space 33280K, 100% used [0x00000000eab00000,0x00000000ecb80000,0x00000000ecb80000)
  from space 5120K, 0% used [0x00000000ed080000,0x00000000ed080000,0x00000000ed580000)
  to   space 5120K, 0% used [0x00000000ecb80000,0x00000000ecb80000,0x00000000ed080000)
 ParOldGen       total 87552K, used 0K [0x00000000c0000000, 0x00000000c5580000, 0x00000000eab00000)
  object space 87552K, 0% used [0x00000000c0000000,0x00000000c0000000,0x00000000c5580000)
 Metaspace       used 8301K, capacity 8522K, committed 8832K, reserved 1056768K
  class space    used 970K, capacity 1065K, committed 1152K, reserved 1048576K
Event: 0.815 GC heap after
Heap after GC invocations=1 (full 0):
 PSYoungGen      total 38400K, used 5088K [0x00000000eab00000, 0x00000000ed580000, 0x0000000100000000)
  eden space 33280K, 0% used [0x00000000eab00000,0x00000000eab00000,0x00000000ecb80000)
  from space 5120K, 99% used [0x00000000ecb80000,0x00000000ed078040,0x00000000ed080000)
  to   space 5120K, 0% used [0x00000000ed080000,0x00000000ed080000,0x00000000ed580000)
 ParOldGen       total 87552K, used 984K [0x00000000c0000000, 0x00000000c5580000, 0x00000000eab00000)
  object space 87552K, 1% used [0x00000000c0000000,0x00000000c00f6128,0x00000000c5580000)
 Metaspace       used 8301K, capacity 8522K, committed 8832K, reserved 1056768K
  class space    used 970K, capacity 1065K, committed 1152K, reserved 1048576K
}
Event: 0.886 GC heap before
{Heap before GC invocations=2 (full 0):
 PSYoungGen      total 38400K, used 38368K [0x00000000eab00000, 0x00000000ed580000, 0x0000000100000000)
  eden space 33280K, 100% used [0x00000000eab00000,0x00000000ecb80000,0x00000000ecb80000)
  from space 5120K, 99% used [0x00000000ecb80000,0x00000000ed078040,0x00000000ed080000)
  to   space 5120K, 0% used [0x00000000ed080000,0x00000000ed080000,0x00000000ed580000)
 ParOldGen       total 87552K, used 984K [0x00000000c0000000, 0x00000000c5580000, 0x00000000eab00000)
  object space 87552K, 1% used [0x00000000c0000000,0x00000000c00f6128,0x00000000c5580000)
 Metaspace       used 8327K, capacity 8586K, committed 8832K, reserved 1056768K
  class space    used 970K, capacity 1065K, committed 1152K, reserved 1048576K
Event: 0.896 GC heap after
Heap after GC invocations=2 (full 0):
 PSYoungGen      total 38400K, used 5117K [0x00000000eab00000, 0x00000000ef600000, 0x0000000100000000)
  eden space 33280K, 0% used [0x00000000eab00000,0x00000000eab00000,0x00000000ecb80000)
  from space 5120K, 99% used [0x00000000ed080000,0x00000000ed57f7d8,0x00000000ed580000)
  to   space 5120K, 0% used [0x00000000ecb80000,0x00000000ecb80000,0x00000000ed080000)
 ParOldGen       total 87552K, used 12473K [0x00000000c0000000, 0x00000000c5580000, 0x00000000eab00000)
  object space 87552K, 14% used [0x00000000c0000000,0x00000000c0c2e440,0x00000000c5580000)
 Metaspace       used 8327K, capacity 8586K, committed 8832K, reserved 1056768K
  class space    used 970K, capacity 1065K, committed 1152K, reserved 1048576K
}
Event: 0.974 GC heap before
{Heap before GC invocations=3 (full 0):
 PSYoungGen      total 38400K, used 38397K [0x00000000eab00000, 0x00000000ef600000, 0x0000000100000000)
  eden space 33280K, 100% used [0x00000000eab00000,0x00000000ecb80000,0x00000000ecb80000)
  from space 5120K, 99% used [0x00000000ed080000,0x00000000ed57f7d8,0x00000000ed580000)
  to   space 5120K, 0% used [0x00000000ecb80000,0x00000000ecb80000,0x00000000ed080000)
 ParOldGen       total 87552K, used 12473K [0x00000000c0000000, 0x00000000c5580000, 0x00000000eab00000)
  object space 87552K, 14% used [0x00000000c0000000,0x00000000c0c2e440,0x00000000c5580000)
 Metaspace       used 8327K, capacity 8586K, committed 8832K, reserved 1056768K
  class space    used 970K, capacity 1065K, committed 1152K, reserved 1048576K
Event: 0.985 GC heap after
Heap after GC invocations=3 (full 0):
 PSYoungGen      total 38400K, used 5108K [0x00000000eab00000, 0x00000000ef600000, 0x0000000100000000)
  eden space 33280K, 0% used [0x00000000eab00000,0x00000000eab00000,0x00000000ecb80000)
  from space 5120K, 99% used [0x00000000ecb80000,0x00000000ed07d238,0x00000000ed080000)
  to   space 5120K, 0% used [0x00000000ef100000,0x00000000ef100000,0x00000000ef600000)
 ParOldGen       total 87552K, used 25708K [0x00000000c0000000, 0x00000000c5580000, 0x00000000eab00000)
  object space 87552K, 29% used [0x00000000c0000000,0x00000000c191b028,0x00000000c5580000)
 Metaspace       used 8327K, capacity 8586K, committed 8832K, reserved 1056768K
  class space    used 970K, capacity 1065K, committed 1152K, reserved 1048576K
}
Event: 1.221 GC heap before
{Heap before GC invocations=4 (full 0):
 PSYoungGen      total 38400K, used 38388K [0x00000000eab00000, 0x00000000ef600000, 0x0000000100000000)
  eden space 33280K, 100% used [0x00000000eab00000,0x00000000ecb80000,0x00000000ecb80000)
  from space 5120K, 99% used [0x00000000ecb80000,0x00000000ed07d238,0x00000000ed080000)
  to   space 5120K, 0% used [0x00000000ef100000,0x00000000ef100000,0x00000000ef600000)
 ParOldGen       total 87552K, used 25708K [0x00000000c0000000, 0x00000000c5580000, 0x00000000eab00000)
  object space 87552K, 29% used [0x00000000c0000000,0x00000000c191b028,0x00000000c5580000)
 Metaspace       used 9326K, capacity 9656K, committed 9984K, reserved 1058816K
  class space    used 1094K, capacity 1196K, committed 1280K, reserved 1048576K
Event: 1.237 GC heap after
Heap after GC invocations=4 (full 0):
 PSYoungGen      total 71680K, used 5097K [0x00000000eab00000, 0x00000000ef600000, 0x0000000100000000)
  eden space 66560K, 0% used [0x00000000eab00000,0x00000000eab00000,0x00000000eec00000)
  from space 5120K, 99% used [0x00000000ef100000,0x00000000ef5fa458,0x00000000ef600000)
  to   space 5120K, 0% used [0x00000000eec00000,0x00000000eec00000,0x00000000ef100000)
 ParOldGen       total 87552K, used 37549K [0x00000000c0000000, 0x00000000c5580000, 0x00000000eab00000)
  object space 87552K, 42% used [0x00000000c0000000,0x00000000c24ab598,0x00000000c5580000)
 Metaspace       used 9326K, capacity 9656K, committed 9984K, reserved 1058816K
  class space    used 1094K, capacity 1196K, committed 1280K, reserved 1048576K
}
Event: 1.559 GC heap before
{Heap before GC invocations=5 (full 0):
 PSYoungGen      total 71680K, used 71657K [0x00000000eab00000, 0x00000000ef600000, 0x0000000100000000)
  eden space 66560K, 100% used [0x00000000eab00000,0x00000000eec00000,0x00000000eec00000)
  from space 5120K, 99% used [0x00000000ef100000,0x00000000ef5fa458,0x00000000ef600000)
  to   space 5120K, 0% used [0x00000000eec00000,0x00000000eec00000,0x00000000ef100000)
 ParOldGen       total 87552K, used 37549K [0x00000000c0000000, 0x00000000c5580000, 0x00000000eab00000)
  object space 87552K, 42% used [0x00000000c0000000,0x00000000c24ab598,0x00000000c5580000)
 Metaspace       used 9567K, capacity 9920K, committed 10240K, reserved 1058816K
  class space    used 1115K, capacity 1206K, committed 1280K, reserved 1048576K
Event: 1.589 GC heap after
Heap after GC invocations=5 (full 0):
 PSYoungGen      total 71680K, used 5116K [0x00000000eab00000, 0x00000000f6300000, 0x0000000100000000)
  eden space 66560K, 0% used [0x00000000eab00000,0x00000000eab00000,0x00000000eec00000)
  from space 5120K, 99% used [0x00000000eec00000,0x00000000ef0ff1c8,0x00000000ef100000)
  to   space 27648K, 0% used [0x00000000f4800000,0x00000000f4800000,0x00000000f6300000)
 ParOldGen       total 87552K, used 54963K [0x00000000c0000000, 0x00000000c5580000, 0x00000000eab00000)
  object space 87552K, 62% used [0x00000000c0000000,0x00000000c35accb0,0x00000000c5580000)
 Metaspace       used 9567K, capacity 9920K, committed 10240K, reserved 1058816K
  class space    used 1115K, capacity 1206K, committed 1280K, reserved 1048576K
}

Deoptimization events (10 events):
Event: 1.402 Thread 0x000002413b0d3000 Uncommon trap: reason=unstable_if action=reinterpret pc=0x00000241278fb010 method=java.util.concurrent.ConcurrentHashMap.putVal(Ljava/lang/Object;Ljava/lang/Object;Z)Ljava/lang/Object; @ 195
Event: 1.441 Thread 0x000002413ad14000 Uncommon trap: reason=unloaded action=reinterpret pc=0x0000024127953b10 method=com.android.tools.r8.graph.I0$c.a()V @ 341
Event: 1.458 Thread 0x000002413b0d3000 Uncommon trap: reason=unstable_if action=reinterpret pc=0x00000241278ccc58 method=com.android.tools.r8.z.a.a.f.a(II[C)Ljava/lang/String; @ 32
Event: 1.458 Thread 0x000002413ad14000 Uncommon trap: reason=unstable_if action=reinterpret pc=0x00000241278ccc58 method=com.android.tools.r8.z.a.a.f.a(II[C)Ljava/lang/String; @ 32
Event: 1.458 Thread 0x000002413b0d3000 Uncommon trap: reason=unstable_if action=reinterpret pc=0x000002412783b8e4 method=com.android.tools.r8.graph.i0.a(C)I @ 1
Event: 1.458 Thread 0x000002413ad14000 Uncommon trap: reason=unstable_if action=reinterpret pc=0x0000024127796228 method=com.android.tools.r8.graph.i0.a(C[BI)I @ 1
Event: 1.459 Thread 0x000002413b0d3000 Uncommon trap: reason=unstable_if action=reinterpret pc=0x000002412783e5dc method=com.android.tools.r8.z.a.a.f.a(II[C)Ljava/lang/String; @ 32
Event: 1.492 Thread 0x000002413ad14000 Uncommon trap: reason=unstable_if action=reinterpret pc=0x00000241278210c0 method=com.android.tools.r8.utils.Y.d(I)Z @ 45
Event: 1.506 Thread 0x000002413ad14000 Uncommon trap: reason=unstable_if action=reinterpret pc=0x0000024127973a10 method=com.android.tools.r8.graph.i0.a(C[BI)I @ 27
Event: 1.540 Thread 0x000002413b0d3000 Uncommon trap: reason=unstable_if action=reinterpret pc=0x000002412796c650 method=java.util.concurrent.ConcurrentHashMap.computeIfAbsent(Ljava/lang/Object;Ljava/util/function/Function;)Ljava/lang/Object; @ 281

Classes redefined (0 events):
No events

Internal exceptions (10 events):
Event: 0.765 Thread 0x0000024125b0e800 Exception <a 'java/lang/NoSuchMethodError': java.lang.Object.lambda$identity$2(Ljava/lang/Object;)Ljava/lang/Object;> (0x00000000ec7f8608) thrown at [J:\jenkins\tmp\workspace\build\src\hotspot\src\share\vm\interpreter\linkResolver.cpp, line 620]
Event: 0.778 Thread 0x0000024125b0e800 Exception <a 'java/security/PrivilegedActionException'> (0x00000000ec862988) thrown at [J:\jenkins\tmp\workspace\build\src\hotspot\src\share\vm\prims\jvm.cpp, line 1523]
Event: 0.778 Thread 0x0000024125b0e800 Exception <a 'java/security/PrivilegedActionException'> (0x00000000ec862b98) thrown at [J:\jenkins\tmp\workspace\build\src\hotspot\src\share\vm\prims\jvm.cpp, line 1523]
Event: 0.779 Thread 0x0000024125b0e800 Exception <a 'java/security/PrivilegedActionException'> (0x00000000ec867d00) thrown at [J:\jenkins\tmp\workspace\build\src\hotspot\src\share\vm\prims\jvm.cpp, line 1523]
Event: 0.779 Thread 0x0000024125b0e800 Exception <a 'java/security/PrivilegedActionException'> (0x00000000ec867f10) thrown at [J:\jenkins\tmp\workspace\build\src\hotspot\src\share\vm\prims\jvm.cpp, line 1523]
Event: 0.799 Thread 0x0000024125b0e800 Implicit null exception at 0x000002412772bd14 to 0x000002412772c6f1
Event: 0.825 Thread 0x0000024125b0e800 Implicit null exception at 0x000002412772a7ed to 0x000002412772ae6d
Event: 0.838 Thread 0x0000024125b0e800 Implicit null exception at 0x0000024127724fb8 to 0x0000024127725485
Event: 1.249 Thread 0x000002413b0d3000 Implicit null exception at 0x00000241278a3680 to 0x00000241278a4791
Event: 1.250 Thread 0x000002413ad14000 Implicit null exception at 0x000002412786294d to 0x0000024127862f3d

Events (10 events):
Event: 1.520 Thread 0x000002413ad14000 DEOPT UNPACKING pc=0x00000241274e75d8 sp=0x0000005bfa3fe770 mode 0
Event: 1.540 Thread 0x000002413b0d3000 Uncommon trap: trap_request=0xffffff65 fr.pc=0x000002412796c650
Event: 1.540 Thread 0x000002413b0d3000 DEOPT PACKING pc=0x000002412796c650 sp=0x0000005bfa2fe7a0
Event: 1.540 Thread 0x000002413b0d3000 DEOPT UNPACKING pc=0x00000241274e5583 sp=0x0000005bfa2fe758 mode 2
Event: 1.552 Thread 0x000002413b0d3000 DEOPT PACKING pc=0x000002412785542f sp=0x0000005bfa2fea00
Event: 1.552 Thread 0x000002413b0d3000 DEOPT UNPACKING pc=0x00000241274e75d8 sp=0x0000005bfa2fe758 mode 0
Event: 1.559 Executing VM operation: ParallelGCFailedAllocation
Event: 1.589 Executing VM operation: ParallelGCFailedAllocation done
Event: 1.598 Thread 0x000002413b0d3000 DEOPT PACKING pc=0x0000024127855418 sp=0x0000005bfa2fea00
Event: 1.598 Thread 0x000002413b0d3000 DEOPT UNPACKING pc=0x00000241274e75d8 sp=0x0000005bfa2fe760 mode 0


Dynamic libraries:
0x00007ff78aa30000 - 0x00007ff78aa6a000 	C:\Program Files\Eclipse Foundation\jdk-8.0.302.8-hotspot\bin\java.exe
0x00007ffdaadd0000 - 0x00007ffdaafc5000 	C:\WINDOWS\SYSTEM32\ntdll.dll
0x00007ffdaa260000 - 0x00007ffdaa31e000 	C:\WINDOWS\System32\KERNEL32.DLL
0x00007ffda8640000 - 0x00007ffda8908000 	C:\WINDOWS\System32\KERNELBASE.dll
0x00007ffda97d0000 - 0x00007ffda987c000 	C:\WINDOWS\System32\ADVAPI32.dll
0x00007ffda9150000 - 0x00007ffda91ee000 	C:\WINDOWS\System32\msvcrt.dll
0x00007ffda9520000 - 0x00007ffda95bb000 	C:\WINDOWS\System32\sechost.dll
0x00007ffdaab60000 - 0x00007ffdaac8a000 	C:\WINDOWS\System32\RPCRT4.dll
0x00007ffda95c0000 - 0x00007ffda9761000 	C:\WINDOWS\System32\USER32.dll
0x00007ffda8c20000 - 0x00007ffda8c42000 	C:\WINDOWS\System32\win32u.dll
0x00007ffda9040000 - 0x00007ffda906b000 	C:\WINDOWS\System32\GDI32.dll
0x00007ffda8c50000 - 0x00007ffda8d5d000 	C:\WINDOWS\System32\gdi32full.dll
0x00007ffda89f0000 - 0x00007ffda8a8d000 	C:\WINDOWS\System32\msvcp_win.dll
0x00007ffda8af0000 - 0x00007ffda8bf0000 	C:\WINDOWS\System32\ucrtbase.dll
0x00007ffd8f2e0000 - 0x00007ffd8f57a000 	C:\WINDOWS\WinSxS\amd64_microsoft.windows.common-controls_6595b64144ccf1df_6.0.19041.1110_none_60b5254171f9507e\COMCTL32.dll
0x00007ffda8ff0000 - 0x00007ffda9020000 	C:\WINDOWS\System32\IMM32.DLL
0x00007ffd73ba0000 - 0x00007ffd73c8f000 	C:\Program Files\Eclipse Foundation\jdk-8.0.302.8-hotspot\jre\bin\msvcr120.dll
0x00007ffd74b20000 - 0x00007ffd74bc6000 	C:\Program Files\Eclipse Foundation\jdk-8.0.302.8-hotspot\jre\bin\msvcp120.dll
0x000000006f740000 - 0x000000006ffab000 	C:\Program Files\Eclipse Foundation\jdk-8.0.302.8-hotspot\jre\bin\server\jvm.dll
0x00007ffda8e20000 - 0x00007ffda8e28000 	C:\WINDOWS\System32\PSAPI.DLL
0x00007ffd90740000 - 0x00007ffd90767000 	C:\WINDOWS\SYSTEM32\WINMM.dll
0x00007ffda3f20000 - 0x00007ffda3f29000 	C:\WINDOWS\SYSTEM32\WSOCK32.dll
0x00007ffd99360000 - 0x00007ffd9936a000 	C:\WINDOWS\SYSTEM32\VERSION.dll
0x00007ffdaac90000 - 0x00007ffdaacfb000 	C:\WINDOWS\System32\WS2_32.dll
0x00007ffd9edf0000 - 0x00007ffd9edff000 	C:\Program Files\Eclipse Foundation\jdk-8.0.302.8-hotspot\jre\bin\verify.dll
0x00007ffd9ec80000 - 0x00007ffd9eca9000 	C:\Program Files\Eclipse Foundation\jdk-8.0.302.8-hotspot\jre\bin\java.dll
0x00007ffd9edc0000 - 0x00007ffd9edd6000 	C:\Program Files\Eclipse Foundation\jdk-8.0.302.8-hotspot\jre\bin\zip.dll
0x00007ffda9ab0000 - 0x00007ffdaa1f4000 	C:\WINDOWS\System32\SHELL32.dll
0x00007ffda6480000 - 0x00007ffda6c14000 	C:\WINDOWS\SYSTEM32\windows.storage.dll
0x00007ffdaa320000 - 0x00007ffdaa675000 	C:\WINDOWS\System32\combase.dll
0x00007ffda7d80000 - 0x00007ffda7dae000 	C:\WINDOWS\SYSTEM32\Wldp.dll
0x00007ffda9a00000 - 0x00007ffda9aad000 	C:\WINDOWS\System32\SHCORE.dll
0x00007ffdaa680000 - 0x00007ffdaa6d5000 	C:\WINDOWS\System32\shlwapi.dll
0x00007ffda8420000 - 0x00007ffda843f000 	C:\WINDOWS\SYSTEM32\profapi.dll
0x00007ffd9ebe0000 - 0x00007ffd9ebfa000 	C:\Program Files\Eclipse Foundation\jdk-8.0.302.8-hotspot\jre\bin\net.dll
0x00007ffda7b60000 - 0x00007ffda7bca000 	C:\WINDOWS\system32\mswsock.dll
0x00007ffd9ccf0000 - 0x00007ffd9cd02000 	C:\Program Files\Eclipse Foundation\jdk-8.0.302.8-hotspot\jre\bin\nio.dll

VM Arguments:
jvm_args: -Xmx1G 
java_command: com.android.tools.r8.D8 --debug --min-api 21 --output obj\Debug\110\android\bin\ --lib C:\Program Files (x86)\Android\android-sdk\platforms\android-30\android.jar obj\Debug\110\android\bin\classes.zip C:\Program Files (x86)\Microsoft Visual Studio\2019\Community\Common7\IDE\ReferenceAssemblies\Microsoft\Framework\MonoAndroid\v11.0\mono.android.jar C:\Program Files (x86)\Microsoft Visual Studio\2019\Community\MSBuild\Xamarin\Android\java_runtime_fastdev.jar C:\Program Files (x86)\Microsoft\Xamarin\NuGet\xamarin.google.guava.listenablefuture\1.0.0.2\buildTransitive\monoandroid50\guava-listenablefuture.jar C:\Users\tutua\.nuget\packages\xamarin.androidx.annotation\1.2.0.1\buildTransitive\monoandroid90\..\..\jar\androidx.annotation.annotation.jar C:\Users\tutua\.nuget\packages\xamarin.androidx.collection\1.1.0.8\buildTransitive\monoandroid90\..\..\jar\androidx.collection.collection.jar C:\Users\tutua\.nuget\packages\xamarin.androidx.lifecycle.common\2.3.1.1\buildTransitive\monoandroid90\..\..\jar\androidx.lifecycle.lifecycle-common.jar C:\Users\tutua\.nuget\packages\xamarin.androidx.arch.core.common\2.1.0.9\buildTransitive\monoandroid90\..\..\jar\androidx.arch.core.core-common.jar C:\Users\tutua\.nuget\packages\xamarin.androidx.constraintlayout.core\1.0.0\buildTransitive\monoandroid90\..\..\jar\androidx.constraintlayout.constraintlayout-core.jar C:\Users\tutua\.nuget\packages\xamarin.androidx.concurrent.futures\1.1.0.3\buildTransitive\monoandroid90\..\..\jar\androidx.concurrent.concurrent-futures.jar obj\Debug\110\lp\0\jl\formsviewgroup.jar obj\Debug\110\lp\100\jl\classes.jar obj\Debug\110\lp\101\jl\classes.jar obj\Debug\110\lp\102\jl\classes.jar obj\Debug\110\lp\103\jl\classes.jar obj\Debug\110\lp\105\jl\classes.jar obj\Debug\110\lp\60\jl\classes.jar obj\Debug\110\lp\61\jl\classes.jar obj\Debug\110\lp\62\jl\classes.jar obj\Debug\110\lp\63\jl\classes.jar obj\Debug\110\lp\64\jl\classes.jar obj\Debug\110\lp\65\jl\classes.jar obj\Debug\110\lp\66\jl\classes.
java_class_path (initial): C:\Program Files (x86)\Microsoft Visual Studio\2019\Community\MSBuild\Xamarin\Android\r8.jar
Launcher Type: SUN_STANDARD

Environment Variables:
PATH=C:\Program Files\Microsoft MPI\Bin\;C:\Program Files\Eclipse Foundation\jdk-8.0.302.8-hotspot\bin;C:\WINDOWS\system32;C:\WINDOWS;C:\WINDOWS\System32\Wbem;C:\WINDOWS\System32\WindowsPowerShell\v1.0\;C:\WINDOWS\System32\OpenSSH\;C:\Program Files (x86)\AMD\ATI.ACE\Core-Static;C:\Program Files\dotnet\;C:\Program Files\Microsoft SQL Server\130\Tools\Binn\;C:\Program Files\Microsoft SQL Server\Client SDK\ODBC\170\Tools\Binn\;C:\Program Files\Git\cmd;C:\Program Files (x86)\dotnet\;C:\Program Files (x86)\Microsoft SQL Server\150\Tools\Binn\;C:\Program Files\Microsoft SQL Server\150\Tools\Binn\;C:\Program Files (x86)\Microsoft SQL Server\150\DTS\Binn\;C:\Program Files\Microsoft SQL Server\150\DTS\Binn\;C:\Program Files\Azure Data Studio\bin;C:\Users\tutua\AppData\Local\Microsoft\WindowsApps;;C:\Users\tutua\AppData\Local\Programs\Microsoft VS Code\bin;C:\Users\tutua\.dotnet\tools;C:\Program Files\Azure Data Studio\bin
USERNAME=tutua
OS=Windows_NT
PROCESSOR_IDENTIFIER=Intel64 Family 6 Model 60 Stepping 3, GenuineIntel



---------------  S Y S T E M  ---------------

OS: Windows 10.0 , 64 bit Build 19041 (10.0.19041.1348)

CPU:total 4 (initial active 4) (2 cores per cpu, 2 threads per core) family 6 model 60 stepping 3, cmov, cx8, fxsr, mmx, sse, sse2, sse3, ssse3, sse4.1, sse4.2, popcnt, avx, avx2, aes, clmul, erms, lzcnt, ht, tsc, tscinvbit, bmi1, bmi2

Memory: 4k page, physical 8308212k(664492k free), swap 12502516k(3124k free)

vm_info: OpenJDK 64-Bit Server VM (25.302-b08) for windows-amd64 JRE (1.8.0_302-b08), built on Jul 20 2021 21:31:03 by "jenkins" with MS VC++ 12.0 (VS2013)

time: Fri Jan 14 15:13:21 2022
timezone: SE Asia Standard Time
elapsed time: 1.669943 seconds (0d 0h 0m 1s)

