#
# There is insufficient memory for the Java Runtime Environment to continue.
# Native memory allocation (malloc) failed to allocate 32744 bytes for ChunkPool::allocate
# Possible reasons:
#   The system is out of physical RAM or swap space
#   The process is running with CompressedOops enabled, and the Java Heap may be blocking the growth of the native heap
# Possible solutions:
#   Reduce memory load on the system
#   Increase physical memory or swap space
#   Check if swap backing store is full
#   Decrease Java heap size (-Xmx/-Xms)
#   Decrease number of Java threads
#   Decrease Java thread stack sizes (-Xss)
#   Set larger code cache with -XX:ReservedCodeCacheSize=
#   JVM is running with Unscaled Compressed Oops mode in which the Java heap is
#     placed in the first 4GB address space. The Java Heap base address is the
#     maximum limit for the native heap growth. Please use -XX:HeapBaseMinAddress
#     to set the Java Heap base and to place the Java Heap above 4GB virtual address.
# This output file may be truncated or incomplete.
#
#  Out of Memory Error (allocation.cpp:272), pid=12820, tid=0x00000000000023b0
#
# JRE version: OpenJDK Runtime Environment (8.0_302-b08) (build 1.8.0_302-b08)
# Java VM: OpenJDK 64-Bit Server VM (25.302-b08 mixed mode windows-amd64 compressed oops)
# Failed to write core dump. Minidumps are not enabled by default on client versions of Windows
#

---------------  T H R E A D  ---------------

Current thread (0x000002b315e55800):  JavaThread "C1 CompilerThread2" daemon [_thread_in_native, id=9136, stack(0x000000b37ea00000,0x000000b37eb00000)]

Stack: [0x000000b37ea00000,0x000000b37eb00000]
[error occurred during error reporting (printing stack bounds), id 0xc0000005]

Native frames: (J=compiled Java code, j=interpreted, Vv=VM code, C=native code)


Current CompileTask:
C1:   3571 2606       3       java.util.HashMap$Values::iterator (12 bytes)


---------------  P R O C E S S  ---------------

Java Threads: ( => current thread )
  0x000002b31702a800 JavaThread "ForkJoinPool-1-worker-0" daemon [_thread_in_Java, id=3772, stack(0x000000b37ee00000,0x000000b37ef00000)]
  0x000002b3170fc000 JavaThread "ForkJoinPool-1-worker-1" daemon [_thread_in_vm, id=8152, stack(0x000000b37ed00000,0x000000b37ee00000)]
  0x000002b315ed0000 JavaThread "Service Thread" daemon [_thread_blocked, id=5692, stack(0x000000b37eb00000,0x000000b37ec00000)]
=>0x000002b315e55800 JavaThread "C1 CompilerThread2" daemon [_thread_in_native, id=9136, stack(0x000000b37ea00000,0x000000b37eb00000)]
  0x000002b315e50800 JavaThread "C2 CompilerThread1" daemon [_thread_in_native, id=8544, stack(0x000000b37e900000,0x000000b37ea00000)]
  0x000002b315e4c800 JavaThread "C2 CompilerThread0" daemon [_thread_in_native, id=16744, stack(0x000000b37e800000,0x000000b37e900000)]
  0x000002b315e47000 JavaThread "Attach Listener" daemon [_thread_blocked, id=9904, stack(0x000000b37e700000,0x000000b37e800000)]
  0x000002b315e45000 JavaThread "Signal Dispatcher" daemon [_thread_blocked, id=3908, stack(0x000000b37e600000,0x000000b37e700000)]
  0x000002b315e1d800 JavaThread "Finalizer" daemon [_thread_blocked, id=7652, stack(0x000000b37e500000,0x000000b37e600000)]
  0x000002b3156ee000 JavaThread "Reference Handler" daemon [_thread_blocked, id=5792, stack(0x000000b37e400000,0x000000b37e500000)]
  0x000002b301c3e800 JavaThread "main" [_thread_blocked, id=9444, stack(0x000000b37de00000,0x000000b37df00000)]

Other Threads:
  0x000002b315df3000 VMThread [stack: 0x000000b37e300000,0x000000b37e400000] [id=9364]
  0x000002b315e5e000 WatcherThread [stack: 0x000000b37ec00000,0x000000b37ed00000] [id=13348]

VM state:not at safepoint (normal execution)

VM Mutex/Monitor currently owned by a thread: None

heap address: 0x00000000c0000000, size: 1024 MB, Compressed Oops mode: 32-bit
Narrow klass base: 0x0000000000000000, Narrow klass shift: 3
Compressed class space size: 1073741824 Address: 0x0000000100000000

Heap:
 PSYoungGen      total 160768K, used 62230K [0x00000000eab00000, 0x00000000f6300000, 0x0000000100000000)
  eden space 133120K, 26% used [0x00000000eab00000,0x00000000ecccd0e8,0x00000000f2d00000)
  from space 27648K, 99% used [0x00000000f2d00000,0x00000000f47f88b0,0x00000000f4800000)
  to   space 27648K, 0% used [0x00000000f4800000,0x00000000f4800000,0x00000000f6300000)
 ParOldGen       total 87552K, used 64730K [0x00000000c0000000, 0x00000000c5580000, 0x00000000eab00000)
  object space 87552K, 73% used [0x00000000c0000000,0x00000000c3f36ab0,0x00000000c5580000)
 Metaspace       used 14791K, capacity 15684K, committed 15744K, reserved 1062912K
  class space    used 1939K, capacity 2146K, committed 2176K, reserved 1048576K

Card table byte_map: [0x000002b312860000,0x000002b312a70000] byte_map_base: 0x000002b312260000

Marking Bits: (ParMarkBitMap*) 0x000000006ff2c820
 Begin Bits: [0x000002b312bd0000, 0x000002b313bd0000)
 End Bits:   [0x000002b313bd0000, 0x000002b314bd0000)

Polling page: 0x000002b301bc0000

CodeCache: size=245760Kb used=8756Kb max_used=8756Kb free=237003Kb
 bounds [0x000002b3034a0000, 0x000002b303d40000, 0x000002b3124a0000]
 total_blobs=2947 nmethods=2591 adapters=266
 compilation: enabled

Compilation events (10 events):
Event: 3.569 Thread 0x000002b315e55800 nmethod 2609 0x000002b303d2f4d0 code [0x000002b303d2f640, 0x000002b303d2f930]
Event: 3.569 Thread 0x000002b315e55800 2610       3       java.util.function.BinaryOperator::lambda$maxBy$1 (17 bytes)
Event: 3.569 Thread 0x000002b315e55800 nmethod 2610 0x000002b303d2f010 code [0x000002b303d2f180, 0x000002b303d2f3f0]
Event: 3.569 Thread 0x000002b315e55800 2604       3       java.util.HashMap::values (25 bytes)
Event: 3.569 Thread 0x000002b315e55800 nmethod 2604 0x000002b303d2ea10 code [0x000002b303d2eb80, 0x000002b303d2eeb8]
Event: 3.569 Thread 0x000002b315e55800 2605       3       java.util.HashMap$Values::<init> (10 bytes)
Event: 3.569 Thread 0x000002b315e55800 nmethod 2605 0x000002b303d31910 code [0x000002b303d31a80, 0x000002b303d31cb8]
Event: 3.569 Thread 0x000002b315e55800 2612       3       com.android.tools.r8.t.a.a.a.c::c (41 bytes)
Event: 3.570 Thread 0x000002b315e55800 nmethod 2612 0x000002b303d31d90 code [0x000002b303d31ee0, 0x000002b303d320d8]
Event: 3.570 Thread 0x000002b315e55800 2606       3       java.util.HashMap$Values::iterator (12 bytes)

GC Heap History (10 events):
Event: 1.095 GC heap before
{Heap before GC invocations=3 (full 0):
 PSYoungGen      total 38400K, used 38389K [0x00000000eab00000, 0x00000000ef600000, 0x0000000100000000)
  eden space 33280K, 100% used [0x00000000eab00000,0x00000000ecb80000,0x00000000ecb80000)
  from space 5120K, 99% used [0x00000000ed080000,0x00000000ed57d7e8,0x00000000ed580000)
  to   space 5120K, 0% used [0x00000000ecb80000,0x00000000ecb80000,0x00000000ed080000)
 ParOldGen       total 87552K, used 12513K [0x00000000c0000000, 0x00000000c5580000, 0x00000000eab00000)
  object space 87552K, 14% used [0x00000000c0000000,0x00000000c0c38640,0x00000000c5580000)
 Metaspace       used 8326K, capacity 8586K, committed 8832K, reserved 1056768K
  class space    used 970K, capacity 1065K, committed 1152K, reserved 1048576K
Event: 1.107 GC heap after
Heap after GC invocations=3 (full 0):
 PSYoungGen      total 38400K, used 5112K [0x00000000eab00000, 0x00000000ef600000, 0x0000000100000000)
  eden space 33280K, 0% used [0x00000000eab00000,0x00000000eab00000,0x00000000ecb80000)
  from space 5120K, 99% used [0x00000000ecb80000,0x00000000ed07e0f8,0x00000000ed080000)
  to   space 5120K, 0% used [0x00000000ef100000,0x00000000ef100000,0x00000000ef600000)
 ParOldGen       total 87552K, used 25734K [0x00000000c0000000, 0x00000000c5580000, 0x00000000eab00000)
  object space 87552K, 29% used [0x00000000c0000000,0x00000000c1921a58,0x00000000c5580000)
 Metaspace       used 8326K, capacity 8586K, committed 8832K, reserved 1056768K
  class space    used 970K, capacity 1065K, committed 1152K, reserved 1048576K
}
Event: 1.353 GC heap before
{Heap before GC invocations=4 (full 0):
 PSYoungGen      total 38400K, used 38392K [0x00000000eab00000, 0x00000000ef600000, 0x0000000100000000)
  eden space 33280K, 100% used [0x00000000eab00000,0x00000000ecb80000,0x00000000ecb80000)
  from space 5120K, 99% used [0x00000000ecb80000,0x00000000ed07e0f8,0x00000000ed080000)
  to   space 5120K, 0% used [0x00000000ef100000,0x00000000ef100000,0x00000000ef600000)
 ParOldGen       total 87552K, used 25734K [0x00000000c0000000, 0x00000000c5580000, 0x00000000eab00000)
  object space 87552K, 29% used [0x00000000c0000000,0x00000000c1921a58,0x00000000c5580000)
 Metaspace       used 9342K, capacity 9726K, committed 9984K, reserved 1058816K
  class space    used 1096K, capacity 1197K, committed 1280K, reserved 1048576K
Event: 1.366 GC heap after
Heap after GC invocations=4 (full 0):
 PSYoungGen      total 71680K, used 5118K [0x00000000eab00000, 0x00000000ef600000, 0x0000000100000000)
  eden space 66560K, 0% used [0x00000000eab00000,0x00000000eab00000,0x00000000eec00000)
  from space 5120K, 99% used [0x00000000ef100000,0x00000000ef5ff938,0x00000000ef600000)
  to   space 5120K, 0% used [0x00000000eec00000,0x00000000eec00000,0x00000000ef100000)
 ParOldGen       total 87552K, used 37618K [0x00000000c0000000, 0x00000000c5580000, 0x00000000eab00000)
  object space 87552K, 42% used [0x00000000c0000000,0x00000000c24bcb50,0x00000000c5580000)
 Metaspace       used 9342K, capacity 9726K, committed 9984K, reserved 1058816K
  class space    used 1096K, capacity 1197K, committed 1280K, reserved 1048576K
}
Event: 1.721 GC heap before
{Heap before GC invocations=5 (full 0):
 PSYoungGen      total 71680K, used 71678K [0x00000000eab00000, 0x00000000ef600000, 0x0000000100000000)
  eden space 66560K, 100% used [0x00000000eab00000,0x00000000eec00000,0x00000000eec00000)
  from space 5120K, 99% used [0x00000000ef100000,0x00000000ef5ff938,0x00000000ef600000)
  to   space 5120K, 0% used [0x00000000eec00000,0x00000000eec00000,0x00000000ef100000)
 ParOldGen       total 87552K, used 37618K [0x00000000c0000000, 0x00000000c5580000, 0x00000000eab00000)
  object space 87552K, 42% used [0x00000000c0000000,0x00000000c24bcb50,0x00000000c5580000)
 Metaspace       used 9565K, capacity 9920K, committed 10240K, reserved 1058816K
  class space    used 1116K, capacity 1206K, committed 1280K, reserved 1048576K
Event: 1.753 GC heap after
Heap after GC invocations=5 (full 0):
 PSYoungGen      total 71680K, used 5101K [0x00000000eab00000, 0x00000000f6300000, 0x0000000100000000)
  eden space 66560K, 0% used [0x00000000eab00000,0x00000000eab00000,0x00000000eec00000)
  from space 5120K, 99% used [0x00000000eec00000,0x00000000ef0fb410,0x00000000ef100000)
  to   space 27648K, 0% used [0x00000000f4800000,0x00000000f4800000,0x00000000f6300000)
 ParOldGen       total 87552K, used 55138K [0x00000000c0000000, 0x00000000c5580000, 0x00000000eab00000)
  object space 87552K, 62% used [0x00000000c0000000,0x00000000c35d8a18,0x00000000c5580000)
 Metaspace       used 9565K, capacity 9920K, committed 10240K, reserved 1058816K
  class space    used 1116K, capacity 1206K, committed 1280K, reserved 1048576K
}
Event: 2.046 GC heap before
{Heap before GC invocations=6 (full 0):
 PSYoungGen      total 71680K, used 71661K [0x00000000eab00000, 0x00000000f6300000, 0x0000000100000000)
  eden space 66560K, 100% used [0x00000000eab00000,0x00000000eec00000,0x00000000eec00000)
  from space 5120K, 99% used [0x00000000eec00000,0x00000000ef0fb410,0x00000000ef100000)
  to   space 27648K, 0% used [0x00000000f4800000,0x00000000f4800000,0x00000000f6300000)
 ParOldGen       total 87552K, used 55138K [0x00000000c0000000, 0x00000000c5580000, 0x00000000eab00000)
  object space 87552K, 62% used [0x00000000c0000000,0x00000000c35d8a18,0x00000000c5580000)
 Metaspace       used 10136K, capacity 10556K, committed 10880K, reserved 1058816K
  class space    used 1197K, capacity 1320K, committed 1408K, reserved 1048576K
Event: 2.106 GC heap after
Heap after GC invocations=6 (full 0):
 PSYoungGen      total 160768K, used 19533K [0x00000000eab00000, 0x00000000f6300000, 0x0000000100000000)
  eden space 133120K, 0% used [0x00000000eab00000,0x00000000eab00000,0x00000000f2d00000)
  from space 27648K, 70% used [0x00000000f4800000,0x00000000f5b13570,0x00000000f6300000)
  to   space 27648K, 0% used [0x00000000f2d00000,0x00000000f2d00000,0x00000000f4800000)
 ParOldGen       total 87552K, used 55138K [0x00000000c0000000, 0x00000000c5580000, 0x00000000eab00000)
  object space 87552K, 62% used [0x00000000c0000000,0x00000000c35d8a18,0x00000000c5580000)
 Metaspace       used 10136K, capacity 10556K, committed 10880K, reserved 1058816K
  class space    used 1197K, capacity 1320K, committed 1408K, reserved 1048576K
}
Event: 2.671 GC heap before
{Heap before GC invocations=7 (full 0):
 PSYoungGen      total 160768K, used 152653K [0x00000000eab00000, 0x00000000f6300000, 0x0000000100000000)
  eden space 133120K, 100% used [0x00000000eab00000,0x00000000f2d00000,0x00000000f2d00000)
  from space 27648K, 70% used [0x00000000f4800000,0x00000000f5b13570,0x00000000f6300000)
  to   space 27648K, 0% used [0x00000000f2d00000,0x00000000f2d00000,0x00000000f4800000)
 ParOldGen       total 87552K, used 55138K [0x00000000c0000000, 0x00000000c5580000, 0x00000000eab00000)
  object space 87552K, 62% used [0x00000000c0000000,0x00000000c35d8a18,0x00000000c5580000)
 Metaspace       used 10209K, capacity 10620K, committed 10880K, reserved 1058816K
  class space    used 1202K, capacity 1320K, committed 1408K, reserved 1048576K
Event: 2.788 GC heap after
Heap after GC invocations=7 (full 0):
 PSYoungGen      total 160768K, used 27618K [0x00000000eab00000, 0x00000000f6300000, 0x0000000100000000)
  eden space 133120K, 0% used [0x00000000eab00000,0x00000000eab00000,0x00000000f2d00000)
  from space 27648K, 99% used [0x00000000f2d00000,0x00000000f47f88b0,0x00000000f4800000)
  to   space 27648K, 0% used [0x00000000f4800000,0x00000000f4800000,0x00000000f6300000)
 ParOldGen       total 87552K, used 64730K [0x00000000c0000000, 0x00000000c5580000, 0x00000000eab00000)
  object space 87552K, 73% used [0x00000000c0000000,0x00000000c3f36ab0,0x00000000c5580000)
 Metaspace       used 10209K, capacity 10620K, committed 10880K, reserved 1058816K
  class space    used 1202K, capacity 1320K, committed 1408K, reserved 1048576K
}

Deoptimization events (10 events):
Event: 3.181 Thread 0x000002b31702a800 Uncommon trap: reason=class_check action=maybe_recompile pc=0x000002b303b345b0 method=java.util.concurrent.ConcurrentHashMap.computeIfAbsent(Ljava/lang/Object;Ljava/util/function/Function;)Ljava/lang/Object; @ 17
Event: 3.181 Thread 0x000002b31702a800 Uncommon trap: reason=speculate_class_check action=maybe_recompile pc=0x000002b303850c64 method=java.util.HashMap.putVal(ILjava/lang/Object;Ljava/lang/Object;ZZ)Ljava/lang/Object; @ 56
Event: 3.310 Thread 0x000002b3170fc000 Uncommon trap: reason=unstable_if action=reinterpret pc=0x000002b3037dc3d0 method=java.util.WeakHashMap.remove(Ljava/lang/Object;)Ljava/lang/Object; @ 94
Event: 3.328 Thread 0x000002b31702a800 Uncommon trap: reason=bimorphic action=maybe_recompile pc=0x000002b3038f1858 method=com.android.tools.r8.q.a.a.a.v.hash(Ljava/lang/Object;)I @ 8
Event: 3.328 Thread 0x000002b31702a800 Uncommon trap: reason=bimorphic action=maybe_recompile pc=0x000002b3038f1858 method=com.android.tools.r8.q.a.a.a.v.hash(Ljava/lang/Object;)I @ 8
Event: 3.328 Thread 0x000002b31702a800 Uncommon trap: reason=bimorphic action=maybe_recompile pc=0x000002b3038f1858 method=com.android.tools.r8.q.a.a.a.v.hash(Ljava/lang/Object;)I @ 8
Event: 3.328 Thread 0x000002b3170fc000 Uncommon trap: reason=bimorphic action=maybe_recompile pc=0x000002b3038f1858 method=com.android.tools.r8.q.a.a.a.v.hash(Ljava/lang/Object;)I @ 8
Event: 3.328 Thread 0x000002b31702a800 Uncommon trap: reason=unstable_if action=reinterpret pc=0x000002b303625380 method=java.util.HashMap.getNode(ILjava/lang/Object;)Ljava/util/HashMap$Node; @ 62
Event: 3.471 Thread 0x000002b31702a800 Uncommon trap: reason=unstable_if action=reinterpret pc=0x000002b30386a604 method=com.android.tools.r8.graph.i0.a([C)I @ 29
Event: 3.568 Thread 0x000002b3170fc000 Uncommon trap: reason=unstable_if action=reinterpret pc=0x000002b303d19660 method=java.util.HashMap.putVal(ILjava/lang/Object;Ljava/lang/Object;ZZ)Ljava/lang/Object; @ 162

Classes redefined (0 events):
No events

Internal exceptions (10 events):
Event: 0.866 Thread 0x000002b301c3e800 Exception <a 'java/security/PrivilegedActionException'> (0x00000000ec868420) thrown at [J:\jenkins\tmp\workspace\build\src\hotspot\src\share\vm\prims\jvm.cpp, line 1523]
Event: 0.885 Thread 0x000002b301c3e800 Implicit null exception at 0x000002b303739bd4 to 0x000002b30373a5b1
Event: 0.911 Thread 0x000002b301c3e800 Implicit null exception at 0x000002b30373162d to 0x000002b303731cad
Event: 0.925 Thread 0x000002b301c3e800 Implicit null exception at 0x000002b30372f3f8 to 0x000002b30372f8c5
Event: 1.696 Thread 0x000002b31702a800 Implicit null exception at 0x000002b3039abfe5 to 0x000002b3039ac641
Event: 1.917 Thread 0x000002b301c3e800 Exception <a 'java/lang/IncompatibleClassChangeError': Found class java.lang.Object, but interface was expected> (0x00000000ee0afb78) thrown at [J:\jenkins\tmp\workspace\build\src\hotspot\src\share\vm\interpreter\linkResolver.cpp, line 653]
Event: 2.161 Thread 0x000002b3170fc000 Implicit null exception at 0x000002b3039528f0 to 0x000002b3039529d1
Event: 3.202 Thread 0x000002b31702a800 Exception <a 'java/lang/NoSuchMethodError': java.lang.Object.lambda$comparingInt$7b0bb60$1(Ljava/util/function/ToIntFunction;Ljava/lang/Object;Ljava/lang/Object;)I> (0x00000000ec1cdcb0) thrown at [J:\jenkins\tmp\workspace\build\src\hotspot\src\share\vm\in
Event: 3.208 Thread 0x000002b31702a800 Exception <a 'java/lang/NoSuchMethodError': java.lang.Object.lambda$maxBy$1(Ljava/util/Comparator;Ljava/lang/Object;Ljava/lang/Object;)Ljava/lang/Object;> (0x00000000ec1d9f20) thrown at [J:\jenkins\tmp\workspace\build\src\hotspot\src\share\vm\interpreter\
Event: 3.289 Thread 0x000002b31702a800 Exception <a 'java/lang/NoSuchMethodError': java.lang.Object.b(Lcom/android/tools/r8/graph/p1$b;)Lcom/android/tools/r8/graph/p1$b;> (0x00000000ec407078) thrown at [J:\jenkins\tmp\workspace\build\src\hotspot\src\share\vm\interpreter\linkResolver.cpp, line 

Events (10 events):
Event: 3.529 loading class com/android/tools/r8/q/a/a/b/X$a done
Event: 3.535 loading class com/android/tools/r8/s/b/o
Event: 3.535 loading class com/android/tools/r8/s/b/o done
Event: 3.535 loading class com/android/tools/r8/utils/D0
Event: 3.535 loading class com/android/tools/r8/utils/D0 done
Event: 3.565 loading class java/util/IdentityHashMap$1
Event: 3.566 loading class java/util/IdentityHashMap$1 done
Event: 3.568 Thread 0x000002b3170fc000 Uncommon trap: trap_request=0xffffff65 fr.pc=0x000002b303d19660
Event: 3.568 Thread 0x000002b3170fc000 DEOPT PACKING pc=0x000002b303d19660 sp=0x000000b37edfe060
Event: 3.568 Thread 0x000002b3170fc000 DEOPT UNPACKING pc=0x000002b3034e5583 sp=0x000000b37edfdfd8 mode 2


Dynamic libraries:
0x00007ff78aa30000 - 0x00007ff78aa6a000 	C:\Program Files\Eclipse Foundation\jdk-8.0.302.8-hotspot\bin\java.exe
0x00007ffdaadd0000 - 0x00007ffdaafc5000 	C:\WINDOWS\SYSTEM32\ntdll.dll
0x00007ffdaa260000 - 0x00007ffdaa31e000 	C:\WINDOWS\System32\KERNEL32.DLL
0x00007ffda8640000 - 0x00007ffda8908000 	C:\WINDOWS\System32\KERNELBASE.dll
0x00007ffda97d0000 - 0x00007ffda987c000 	C:\WINDOWS\System32\ADVAPI32.dll
0x00007ffda9150000 - 0x00007ffda91ee000 	C:\WINDOWS\System32\msvcrt.dll
0x00007ffda9520000 - 0x00007ffda95bb000 	C:\WINDOWS\System32\sechost.dll
0x00007ffdaab60000 - 0x00007ffdaac8a000 	C:\WINDOWS\System32\RPCRT4.dll
0x00007ffda95c0000 - 0x00007ffda9761000 	C:\WINDOWS\System32\USER32.dll
0x00007ffda8c20000 - 0x00007ffda8c42000 	C:\WINDOWS\System32\win32u.dll
0x00007ffda9040000 - 0x00007ffda906b000 	C:\WINDOWS\System32\GDI32.dll
0x00007ffda8c50000 - 0x00007ffda8d5d000 	C:\WINDOWS\System32\gdi32full.dll
0x00007ffda89f0000 - 0x00007ffda8a8d000 	C:\WINDOWS\System32\msvcp_win.dll
0x00007ffda8af0000 - 0x00007ffda8bf0000 	C:\WINDOWS\System32\ucrtbase.dll
0x00007ffd8f2e0000 - 0x00007ffd8f57a000 	C:\WINDOWS\WinSxS\amd64_microsoft.windows.common-controls_6595b64144ccf1df_6.0.19041.1110_none_60b5254171f9507e\COMCTL32.dll
0x00007ffda8ff0000 - 0x00007ffda9020000 	C:\WINDOWS\System32\IMM32.DLL
0x00007ffd73ba0000 - 0x00007ffd73c8f000 	C:\Program Files\Eclipse Foundation\jdk-8.0.302.8-hotspot\jre\bin\msvcr120.dll
0x00007ffd74b20000 - 0x00007ffd74bc6000 	C:\Program Files\Eclipse Foundation\jdk-8.0.302.8-hotspot\jre\bin\msvcp120.dll
0x000000006f740000 - 0x000000006ffab000 	C:\Program Files\Eclipse Foundation\jdk-8.0.302.8-hotspot\jre\bin\server\jvm.dll
0x00007ffda8e20000 - 0x00007ffda8e28000 	C:\WINDOWS\System32\PSAPI.DLL
0x00007ffd90740000 - 0x00007ffd90767000 	C:\WINDOWS\SYSTEM32\WINMM.dll
0x00007ffd99360000 - 0x00007ffd9936a000 	C:\WINDOWS\SYSTEM32\VERSION.dll
0x00007ffda3f20000 - 0x00007ffda3f29000 	C:\WINDOWS\SYSTEM32\WSOCK32.dll
0x00007ffdaac90000 - 0x00007ffdaacfb000 	C:\WINDOWS\System32\WS2_32.dll
0x00007ffd9edf0000 - 0x00007ffd9edff000 	C:\Program Files\Eclipse Foundation\jdk-8.0.302.8-hotspot\jre\bin\verify.dll
0x00007ffd9ec80000 - 0x00007ffd9eca9000 	C:\Program Files\Eclipse Foundation\jdk-8.0.302.8-hotspot\jre\bin\java.dll
0x00007ffd9edc0000 - 0x00007ffd9edd6000 	C:\Program Files\Eclipse Foundation\jdk-8.0.302.8-hotspot\jre\bin\zip.dll
0x00007ffda9ab0000 - 0x00007ffdaa1f4000 	C:\WINDOWS\System32\SHELL32.dll
0x00007ffda6480000 - 0x00007ffda6c14000 	C:\WINDOWS\SYSTEM32\windows.storage.dll
0x00007ffdaa320000 - 0x00007ffdaa675000 	C:\WINDOWS\System32\combase.dll
0x00007ffda7d80000 - 0x00007ffda7dae000 	C:\WINDOWS\SYSTEM32\Wldp.dll
0x00007ffda9a00000 - 0x00007ffda9aad000 	C:\WINDOWS\System32\SHCORE.dll
0x00007ffdaa680000 - 0x00007ffdaa6d5000 	C:\WINDOWS\System32\shlwapi.dll
0x00007ffda8420000 - 0x00007ffda843f000 	C:\WINDOWS\SYSTEM32\profapi.dll
0x00007ffd9ebe0000 - 0x00007ffd9ebfa000 	C:\Program Files\Eclipse Foundation\jdk-8.0.302.8-hotspot\jre\bin\net.dll
0x00007ffda7b60000 - 0x00007ffda7bca000 	C:\WINDOWS\system32\mswsock.dll
0x00007ffd9ccf0000 - 0x00007ffd9cd02000 	C:\Program Files\Eclipse Foundation\jdk-8.0.302.8-hotspot\jre\bin\nio.dll

VM Arguments:
jvm_args: -Xmx1G 
java_command: com.android.tools.r8.D8 --debug --min-api 21 --output obj\Debug\110\android\bin\ --lib C:\Program Files (x86)\Android\android-sdk\platforms\android-30\android.jar obj\Debug\110\android\bin\classes.zip C:\Program Files (x86)\Microsoft Visual Studio\2019\Community\Common7\IDE\ReferenceAssemblies\Microsoft\Framework\MonoAndroid\v11.0\mono.android.jar C:\Program Files (x86)\Microsoft Visual Studio\2019\Community\MSBuild\Xamarin\Android\java_runtime_fastdev.jar C:\Program Files (x86)\Microsoft\Xamarin\NuGet\xamarin.google.guava.listenablefuture\1.0.0.2\buildTransitive\monoandroid50\guava-listenablefuture.jar C:\Users\tutua\.nuget\packages\xamarin.androidx.annotation\1.2.0.1\buildTransitive\monoandroid90\..\..\jar\androidx.annotation.annotation.jar C:\Users\tutua\.nuget\packages\xamarin.androidx.collection\1.1.0.8\buildTransitive\monoandroid90\..\..\jar\androidx.collection.collection.jar C:\Users\tutua\.nuget\packages\xamarin.androidx.lifecycle.common\2.3.1.1\buildTransitive\monoandroid90\..\..\jar\androidx.lifecycle.lifecycle-common.jar C:\Users\tutua\.nuget\packages\xamarin.androidx.arch.core.common\2.1.0.9\buildTransitive\monoandroid90\..\..\jar\androidx.arch.core.core-common.jar C:\Users\tutua\.nuget\packages\xamarin.androidx.constraintlayout.core\1.0.0\buildTransitive\monoandroid90\..\..\jar\androidx.constraintlayout.constraintlayout-core.jar C:\Users\tutua\.nuget\packages\xamarin.androidx.concurrent.futures\1.1.0.3\buildTransitive\monoandroid90\..\..\jar\androidx.concurrent.concurrent-futures.jar obj\Debug\110\lp\0\jl\formsviewgroup.jar obj\Debug\110\lp\100\jl\classes.jar obj\Debug\110\lp\101\jl\classes.jar obj\Debug\110\lp\102\jl\classes.jar obj\Debug\110\lp\103\jl\classes.jar obj\Debug\110\lp\105\jl\classes.jar obj\Debug\110\lp\60\jl\classes.jar obj\Debug\110\lp\61\jl\classes.jar obj\Debug\110\lp\62\jl\classes.jar obj\Debug\110\lp\63\jl\classes.jar obj\Debug\110\lp\64\jl\classes.jar obj\Debug\110\lp\65\jl\classes.jar obj\Debug\110\lp\66\jl\classes.
java_class_path (initial): C:\Program Files (x86)\Microsoft Visual Studio\2019\Community\MSBuild\Xamarin\Android\r8.jar
Launcher Type: SUN_STANDARD

Environment Variables:
PATH=C:\Program Files\Microsoft MPI\Bin\;C:\Program Files\Eclipse Foundation\jdk-8.0.302.8-hotspot\bin;C:\WINDOWS\system32;C:\WINDOWS;C:\WINDOWS\System32\Wbem;C:\WINDOWS\System32\WindowsPowerShell\v1.0\;C:\WINDOWS\System32\OpenSSH\;C:\Program Files (x86)\AMD\ATI.ACE\Core-Static;C:\Program Files\dotnet\;C:\Program Files\Microsoft SQL Server\130\Tools\Binn\;C:\Program Files\Microsoft SQL Server\Client SDK\ODBC\170\Tools\Binn\;C:\Program Files\Git\cmd;C:\Program Files (x86)\dotnet\;C:\Program Files (x86)\Microsoft SQL Server\150\Tools\Binn\;C:\Program Files\Microsoft SQL Server\150\Tools\Binn\;C:\Program Files (x86)\Microsoft SQL Server\150\DTS\Binn\;C:\Program Files\Microsoft SQL Server\150\DTS\Binn\;C:\Program Files\Azure Data Studio\bin;C:\Users\tutua\AppData\Local\Microsoft\WindowsApps;;C:\Users\tutua\AppData\Local\Programs\Microsoft VS Code\bin;C:\Users\tutua\.dotnet\tools;C:\Program Files\Azure Data Studio\bin
USERNAME=tutua
OS=Windows_NT
PROCESSOR_IDENTIFIER=Intel64 Family 6 Model 60 Stepping 3, GenuineIntel



---------------  S Y S T E M  ---------------

OS: Windows 10.0 , 64 bit Build 19041 (10.0.19041.1348)

CPU:total 4 (initial active 4) (2 cores per cpu, 2 threads per core) family 6 model 60 stepping 3, cmov, cx8, fxsr, mmx, sse, sse2, sse3, ssse3, sse4.1, sse4.2, popcnt, avx, avx2, aes, clmul, erms, lzcnt, ht, tsc, tscinvbit, bmi1, bmi2

Memory: 4k page, physical 8308212k(590504k free), swap 12502516k(4096k free)

vm_info: OpenJDK 64-Bit Server VM (25.302-b08) for windows-amd64 JRE (1.8.0_302-b08), built on Jul 20 2021 21:31:03 by "jenkins" with MS VC++ 12.0 (VS2013)

time: Fri Jan 14 15:13:54 2022
timezone: SE Asia Standard Time
elapsed time: 3.575410 seconds (0d 0h 0m 3s)

