#
# There is insufficient memory for the Java Runtime Environment to continue.
# Native memory allocation (malloc) failed to allocate 262160 bytes for Chunk::new
# Possible reasons:
#   The system is out of physical RAM or swap space
#   The process is running with CompressedOops enabled, and the Java Heap may be blocking the growth of the native heap
# Possible solutions:
#   Reduce memory load on the system
#   Increase physical memory or swap space
#   Check if swap backing store is full
#   Decrease Java heap size (-Xmx/-Xms)
#   Decrease number of Java threads
#   Decrease Java thread stack sizes (-Xss)
#   Set larger code cache with -XX:ReservedCodeCacheSize=
#   JVM is running with Unscaled Compressed Oops mode in which the Java heap is
#     placed in the first 4GB address space. The Java Heap base address is the
#     maximum limit for the native heap growth. Please use -XX:HeapBaseMinAddress
#     to set the Java Heap base and to place the Java Heap above 4GB virtual address.
# This output file may be truncated or incomplete.
#
#  Out of Memory Error (allocation.cpp:389), pid=17660, tid=0x00000000000034ac
#
# JRE version: OpenJDK Runtime Environment (8.0_302-b08) (build 1.8.0_302-b08)
# Java VM: OpenJDK 64-Bit Server VM (25.302-b08 mixed mode windows-amd64 compressed oops)
# Failed to write core dump. Minidumps are not enabled by default on client versions of Windows
#

---------------  T H R E A D  ---------------

Current thread (0x000002217530b000):  JavaThread "C2 CompilerThread0" daemon [_thread_in_native, id=13484, stack(0x000000ad6ff00000,0x000000ad70000000)]

Stack: [0x000000ad6ff00000,0x000000ad70000000]
[error occurred during error reporting (printing stack bounds), id 0xc0000005]

Native frames: (J=compiled Java code, j=interpreted, Vv=VM code, C=native code)


Current CompileTask:
C2:   3104 1666       4       com.android.tools.r8.z.a.a.f::a (3630 bytes)


---------------  P R O C E S S  ---------------

Java Threads: ( => current thread )
  0x00000221766d8800 JavaThread "ForkJoinPool-1-worker-0" daemon [_thread_in_Java, id=11164, stack(0x000000ad70500000,0x000000ad70600000)]
  0x00000221766d8000 JavaThread "ForkJoinPool-1-worker-1" daemon [_thread_in_Java, id=6160, stack(0x000000ad70400000,0x000000ad70500000)]
  0x0000022175394000 JavaThread "Service Thread" daemon [_thread_blocked, id=7688, stack(0x000000ad70200000,0x000000ad70300000)]
  0x0000022175314000 JavaThread "C1 CompilerThread2" daemon [_thread_blocked, id=1420, stack(0x000000ad70100000,0x000000ad70200000)]
  0x000002217530e800 JavaThread "C2 CompilerThread1" daemon [_thread_in_native, id=15432, stack(0x000000ad70000000,0x000000ad70100000)]
=>0x000002217530b000 JavaThread "C2 CompilerThread0" daemon [_thread_in_native, id=13484, stack(0x000000ad6ff00000,0x000000ad70000000)]
  0x0000022175305000 JavaThread "Attach Listener" daemon [_thread_blocked, id=17636, stack(0x000000ad6fe00000,0x000000ad6ff00000)]
  0x0000022175304000 JavaThread "Signal Dispatcher" daemon [_thread_blocked, id=6336, stack(0x000000ad6fd00000,0x000000ad6fe00000)]
  0x00000221752dc000 JavaThread "Finalizer" daemon [_thread_blocked, id=7092, stack(0x000000ad6fc00000,0x000000ad6fd00000)]
  0x0000022174bae000 JavaThread "Reference Handler" daemon [_thread_blocked, id=10292, stack(0x000000ad6fb00000,0x000000ad6fc00000)]
  0x00000221700ce800 JavaThread "main" [_thread_blocked, id=17100, stack(0x000000ad6f500000,0x000000ad6f600000)]

Other Threads:
  0x00000221752b3000 VMThread [stack: 0x000000ad6fa00000,0x000000ad6fb00000] [id=18400]
  0x0000022175395800 WatcherThread [stack: 0x000000ad70300000,0x000000ad70400000] [id=16624]

VM state:not at safepoint (normal execution)

VM Mutex/Monitor currently owned by a thread: None

heap address: 0x00000000c0000000, size: 1024 MB, Compressed Oops mode: 32-bit
Narrow klass base: 0x0000000000000000, Narrow klass shift: 3
Compressed class space size: 1073741824 Address: 0x0000000100000000

Heap:
 PSYoungGen      total 71680K, used 15605K [0x00000000eab00000, 0x00000000ef600000, 0x0000000100000000)
  eden space 66560K, 15% used [0x00000000eab00000,0x00000000eb5442e0,0x00000000eec00000)
  from space 5120K, 99% used [0x00000000eec00000,0x00000000ef0f9278,0x00000000ef100000)
  to   space 5120K, 0% used [0x00000000ef100000,0x00000000ef100000,0x00000000ef600000)
 ParOldGen       total 125440K, used 56882K [0x00000000c0000000, 0x00000000c7a80000, 0x00000000eab00000)
  object space 125440K, 45% used [0x00000000c0000000,0x00000000c378c8a0,0x00000000c7a80000)
 Metaspace       used 10192K, capacity 10578K, committed 10880K, reserved 1058816K
  class space    used 1199K, capacity 1309K, committed 1408K, reserved 1048576K

Card table byte_map: [0x0000022171d40000,0x0000022171f50000] byte_map_base: 0x0000022171740000

Marking Bits: (ParMarkBitMap*) 0x000000006ff2c820
 Begin Bits: [0x00000221720b0000, 0x00000221730b0000)
 End Bits:   [0x00000221730b0000, 0x00000221740b0000)

Polling page: 0x0000022170050000

CodeCache: size=245760Kb used=6779Kb max_used=6779Kb free=238980Kb
 bounds [0x0000022100000000, 0x00000221006b0000, 0x000002210f000000]
 total_blobs=2070 nmethods=1732 adapters=250
 compilation: enabled

Compilation events (10 events):
Event: 2.964 Thread 0x0000022175314000 1749       3       com.android.tools.r8.z.a.a.h::a (16 bytes)
Event: 2.964 Thread 0x0000022175314000 nmethod 1749 0x00000221006a17d0 code [0x00000221006a1940, 0x00000221006a1bb0]
Event: 2.965 Thread 0x0000022175314000 1750       3       com.android.tools.r8.graph.K0::<init> (38 bytes)
Event: 2.965 Thread 0x0000022175314000 nmethod 1750 0x00000221006a1c90 code [0x00000221006a1e00, 0x00000221006a20d0]
Event: 2.974 Thread 0x0000022175314000 1752       3       java.util.HashMap::afterNodeAccess (1 bytes)
Event: 2.974 Thread 0x0000022175314000 nmethod 1752 0x00000221006a2210 code [0x00000221006a2360, 0x00000221006a24b8]
Event: 2.989 Thread 0x0000022175314000 1754       3       com.android.tools.r8.z.a.a.f::e (26 bytes)
Event: 2.989 Thread 0x0000022175314000 nmethod 1754 0x00000221006a2550 code [0x00000221006a26c0, 0x00000221006a2a10]
Event: 3.008 Thread 0x0000022175314000 1757       3       com.android.tools.r8.p.n.f::<init> (151 bytes)
Event: 3.009 Thread 0x0000022175314000 nmethod 1757 0x00000221006a2bd0 code [0x00000221006a2d40, 0x00000221006a2fd8]

GC Heap History (10 events):
Event: 1.591 GC heap before
{Heap before GC invocations=4 (full 0):
 PSYoungGen      total 38400K, used 38373K [0x00000000eab00000, 0x00000000ef600000, 0x0000000100000000)
  eden space 33280K, 100% used [0x00000000eab00000,0x00000000ecb80000,0x00000000ecb80000)
  from space 5120K, 99% used [0x00000000ecb80000,0x00000000ed079518,0x00000000ed080000)
  to   space 5120K, 0% used [0x00000000ef100000,0x00000000ef100000,0x00000000ef600000)
 ParOldGen       total 87552K, used 25746K [0x00000000c0000000, 0x00000000c5580000, 0x00000000eab00000)
  object space 87552K, 29% used [0x00000000c0000000,0x00000000c1924a00,0x00000000c5580000)
 Metaspace       used 9338K, capacity 9656K, committed 9984K, reserved 1058816K
  class space    used 1094K, capacity 1196K, committed 1280K, reserved 1048576K
Event: 1.613 GC heap after
Heap after GC invocations=4 (full 0):
 PSYoungGen      total 71680K, used 5107K [0x00000000eab00000, 0x00000000ef600000, 0x0000000100000000)
  eden space 66560K, 0% used [0x00000000eab00000,0x00000000eab00000,0x00000000eec00000)
  from space 5120K, 99% used [0x00000000ef100000,0x00000000ef5fcca0,0x00000000ef600000)
  to   space 5120K, 0% used [0x00000000eec00000,0x00000000eec00000,0x00000000ef100000)
 ParOldGen       total 87552K, used 37545K [0x00000000c0000000, 0x00000000c5580000, 0x00000000eab00000)
  object space 87552K, 42% used [0x00000000c0000000,0x00000000c24aa698,0x00000000c5580000)
 Metaspace       used 9338K, capacity 9656K, committed 9984K, reserved 1058816K
  class space    used 1094K, capacity 1196K, committed 1280K, reserved 1048576K
}
Event: 1.985 GC heap before
{Heap before GC invocations=5 (full 0):
 PSYoungGen      total 71680K, used 71429K [0x00000000eab00000, 0x00000000ef600000, 0x0000000100000000)
  eden space 66560K, 99% used [0x00000000eab00000,0x00000000eebc47b8,0x00000000eec00000)
  from space 5120K, 99% used [0x00000000ef100000,0x00000000ef5fcca0,0x00000000ef600000)
  to   space 5120K, 0% used [0x00000000eec00000,0x00000000eec00000,0x00000000ef100000)
 ParOldGen       total 87552K, used 37545K [0x00000000c0000000, 0x00000000c5580000, 0x00000000eab00000)
  object space 87552K, 42% used [0x00000000c0000000,0x00000000c24aa698,0x00000000c5580000)
 Metaspace       used 9598K, capacity 10036K, committed 10240K, reserved 1058816K
  class space    used 1121K, capacity 1242K, committed 1280K, reserved 1048576K
Event: 2.043 GC heap after
Heap after GC invocations=5 (full 0):
 PSYoungGen      total 71680K, used 5114K [0x00000000eab00000, 0x00000000ef600000, 0x0000000100000000)
  eden space 66560K, 0% used [0x00000000eab00000,0x00000000eab00000,0x00000000eec00000)
  from space 5120K, 99% used [0x00000000eec00000,0x00000000ef0feae8,0x00000000ef100000)
  to   space 5120K, 0% used [0x00000000ef100000,0x00000000ef100000,0x00000000ef600000)
 ParOldGen       total 87552K, used 54785K [0x00000000c0000000, 0x00000000c5580000, 0x00000000eab00000)
  object space 87552K, 62% used [0x00000000c0000000,0x00000000c3580698,0x00000000c5580000)
 Metaspace       used 9598K, capacity 10036K, committed 10240K, reserved 1058816K
  class space    used 1121K, capacity 1242K, committed 1280K, reserved 1048576K
}
Event: 2.400 GC heap before
{Heap before GC invocations=6 (full 0):
 PSYoungGen      total 71680K, used 71674K [0x00000000eab00000, 0x00000000ef600000, 0x0000000100000000)
  eden space 66560K, 100% used [0x00000000eab00000,0x00000000eec00000,0x00000000eec00000)
  from space 5120K, 99% used [0x00000000eec00000,0x00000000ef0feae8,0x00000000ef100000)
  to   space 5120K, 0% used [0x00000000ef100000,0x00000000ef100000,0x00000000ef600000)
 ParOldGen       total 87552K, used 54785K [0x00000000c0000000, 0x00000000c5580000, 0x00000000eab00000)
  object space 87552K, 62% used [0x00000000c0000000,0x00000000c3580698,0x00000000c5580000)
 Metaspace       used 10167K, capacity 10574K, committed 10880K, reserved 1058816K
  class space    used 1202K, capacity 1323K, committed 1408K, reserved 1048576K
Event: 2.469 GC heap after
Heap after GC invocations=6 (full 0):
 PSYoungGen      total 71680K, used 5088K [0x00000000eab00000, 0x00000000ef600000, 0x0000000100000000)
  eden space 66560K, 0% used [0x00000000eab00000,0x00000000eab00000,0x00000000eec00000)
  from space 5120K, 99% used [0x00000000ef100000,0x00000000ef5f8020,0x00000000ef600000)
  to   space 5120K, 0% used [0x00000000eec00000,0x00000000eec00000,0x00000000ef100000)
 ParOldGen       total 87552K, used 69545K [0x00000000c0000000, 0x00000000c5580000, 0x00000000eab00000)
  object space 87552K, 79% used [0x00000000c0000000,0x00000000c43ea448,0x00000000c5580000)
 Metaspace       used 10167K, capacity 10574K, committed 10880K, reserved 1058816K
  class space    used 1202K, capacity 1323K, committed 1408K, reserved 1048576K
}
Event: 2.469 GC heap before
{Heap before GC invocations=7 (full 1):
 PSYoungGen      total 71680K, used 5088K [0x00000000eab00000, 0x00000000ef600000, 0x0000000100000000)
  eden space 66560K, 0% used [0x00000000eab00000,0x00000000eab00000,0x00000000eec00000)
  from space 5120K, 99% used [0x00000000ef100000,0x00000000ef5f8020,0x00000000ef600000)
  to   space 5120K, 0% used [0x00000000eec00000,0x00000000eec00000,0x00000000ef100000)
 ParOldGen       total 87552K, used 69545K [0x00000000c0000000, 0x00000000c5580000, 0x00000000eab00000)
  object space 87552K, 79% used [0x00000000c0000000,0x00000000c43ea448,0x00000000c5580000)
 Metaspace       used 10167K, capacity 10574K, committed 10880K, reserved 1058816K
  class space    used 1202K, capacity 1323K, committed 1408K, reserved 1048576K
Event: 2.736 GC heap after
Heap after GC invocations=7 (full 1):
 PSYoungGen      total 71680K, used 0K [0x00000000eab00000, 0x00000000ef600000, 0x0000000100000000)
  eden space 66560K, 0% used [0x00000000eab00000,0x00000000eab00000,0x00000000eec00000)
  from space 5120K, 0% used [0x00000000ef100000,0x00000000ef100000,0x00000000ef600000)
  to   space 5120K, 0% used [0x00000000eec00000,0x00000000eec00000,0x00000000ef100000)
 ParOldGen       total 125440K, used 52504K [0x00000000c0000000, 0x00000000c7a80000, 0x00000000eab00000)
  object space 125440K, 41% used [0x00000000c0000000,0x00000000c33460e8,0x00000000c7a80000)
 Metaspace       used 10145K, capacity 10514K, committed 10880K, reserved 1058816K
  class space    used 1194K, capacity 1309K, committed 1408K, reserved 1048576K
}
Event: 3.054 GC heap before
{Heap before GC invocations=8 (full 1):
 PSYoungGen      total 71680K, used 66560K [0x00000000eab00000, 0x00000000ef600000, 0x0000000100000000)
  eden space 66560K, 100% used [0x00000000eab00000,0x00000000eec00000,0x00000000eec00000)
  from space 5120K, 0% used [0x00000000ef100000,0x00000000ef100000,0x00000000ef600000)
  to   space 5120K, 0% used [0x00000000eec00000,0x00000000eec00000,0x00000000ef100000)
 ParOldGen       total 125440K, used 52504K [0x00000000c0000000, 0x00000000c7a80000, 0x00000000eab00000)
  object space 125440K, 41% used [0x00000000c0000000,0x00000000c33460e8,0x00000000c7a80000)
 Metaspace       used 10192K, capacity 10578K, committed 10880K, reserved 1058816K
  class space    used 1199K, capacity 1309K, committed 1408K, reserved 1048576K
Event: 3.080 GC heap after
Heap after GC invocations=8 (full 1):
 PSYoungGen      total 71680K, used 5092K [0x00000000eab00000, 0x00000000ef600000, 0x0000000100000000)
  eden space 66560K, 0% used [0x00000000eab00000,0x00000000eab00000,0x00000000eec00000)
  from space 5120K, 99% used [0x00000000eec00000,0x00000000ef0f9278,0x00000000ef100000)
  to   space 5120K, 0% used [0x00000000ef100000,0x00000000ef100000,0x00000000ef600000)
 ParOldGen       total 125440K, used 56882K [0x00000000c0000000, 0x00000000c7a80000, 0x00000000eab00000)
  object space 125440K, 45% used [0x00000000c0000000,0x00000000c378c8a0,0x00000000c7a80000)
 Metaspace       used 10192K, capacity 10578K, committed 10880K, reserved 1058816K
  class space    used 1199K, capacity 1309K, committed 1408K, reserved 1048576K
}

Deoptimization events (10 events):
Event: 1.898 Thread 0x00000221766d8800 Uncommon trap: reason=unstable_if action=reinterpret pc=0x00000221003a60e4 method=com.android.tools.r8.graph.i0.a(C)I @ 1
Event: 1.898 Thread 0x00000221766d8000 Uncommon trap: reason=unstable_if action=reinterpret pc=0x00000221002fa5a8 method=com.android.tools.r8.graph.i0.a(C[BI)I @ 1
Event: 1.898 Thread 0x00000221766d8800 Uncommon trap: reason=unstable_if action=reinterpret pc=0x00000221002fa5a8 method=com.android.tools.r8.graph.i0.a(C[BI)I @ 1
Event: 1.899 Thread 0x00000221766d8800 Uncommon trap: reason=unstable_if action=reinterpret pc=0x00000221003ad6dc method=com.android.tools.r8.z.a.a.f.a(II[C)Ljava/lang/String; @ 32
Event: 1.928 Thread 0x00000221766d8800 Uncommon trap: reason=unstable_if action=reinterpret pc=0x0000022100381500 method=com.android.tools.r8.utils.Y.d(I)Z @ 45
Event: 1.971 Thread 0x00000221766d8800 Uncommon trap: reason=unstable_if action=reinterpret pc=0x00000221004f216c method=java.util.concurrent.ConcurrentHashMap.computeIfAbsent(Ljava/lang/Object;Ljava/util/function/Function;)Ljava/lang/Object; @ 281
Event: 2.043 Thread 0x00000221752dc000 Uncommon trap: reason=unstable_if action=reinterpret pc=0x0000022100412678 method=java.lang.ref.Finalizer.remove()V @ 10
Event: 2.190 Thread 0x00000221766d8000 Uncommon trap: reason=unstable_if action=reinterpret pc=0x00000221004f6bd4 method=com.android.tools.r8.graph.i0.a(C[BI)I @ 27
Event: 2.806 Thread 0x00000221766d8000 Uncommon trap: reason=unstable_if action=reinterpret pc=0x0000022100509828 method=java.util.Arrays.hashCode([Ljava/lang/Object;)I @ 34
Event: 2.988 Thread 0x00000221766d8000 Uncommon trap: reason=unstable_if action=reinterpret pc=0x0000022100431eb4 method=com.android.tools.r8.z.a.a.f.a(II[C)Ljava/lang/String; @ 32

Classes redefined (0 events):
No events

Internal exceptions (10 events):
Event: 0.899 Thread 0x00000221700ce800 Exception <a 'java/lang/NoSuchMethodError': java.lang.Object.lambda$identity$2(Ljava/lang/Object;)Ljava/lang/Object;> (0x00000000ec7f8a08) thrown at [J:\jenkins\tmp\workspace\build\src\hotspot\src\share\vm\interpreter\linkResolver.cpp, line 620]
Event: 0.923 Thread 0x00000221700ce800 Exception <a 'java/security/PrivilegedActionException'> (0x00000000ec862fe8) thrown at [J:\jenkins\tmp\workspace\build\src\hotspot\src\share\vm\prims\jvm.cpp, line 1523]
Event: 0.923 Thread 0x00000221700ce800 Exception <a 'java/security/PrivilegedActionException'> (0x00000000ec8631f8) thrown at [J:\jenkins\tmp\workspace\build\src\hotspot\src\share\vm\prims\jvm.cpp, line 1523]
Event: 0.924 Thread 0x00000221700ce800 Exception <a 'java/security/PrivilegedActionException'> (0x00000000ec868360) thrown at [J:\jenkins\tmp\workspace\build\src\hotspot\src\share\vm\prims\jvm.cpp, line 1523]
Event: 0.924 Thread 0x00000221700ce800 Exception <a 'java/security/PrivilegedActionException'> (0x00000000ec868570) thrown at [J:\jenkins\tmp\workspace\build\src\hotspot\src\share\vm\prims\jvm.cpp, line 1523]
Event: 0.957 Thread 0x00000221700ce800 Implicit null exception at 0x0000022100290494 to 0x0000022100290e71
Event: 0.990 Thread 0x00000221700ce800 Implicit null exception at 0x000002210028aa6d to 0x000002210028b0ed
Event: 1.006 Thread 0x00000221700ce800 Implicit null exception at 0x0000022100289778 to 0x0000022100289c45
Event: 2.264 Thread 0x00000221700ce800 Exception <a 'java/lang/IncompatibleClassChangeError': Found class java.lang.Object, but interface was expected> (0x00000000ee149008) thrown at [J:\jenkins\tmp\workspace\build\src\hotspot\src\share\vm\interpreter\linkResolver.cpp, line 653]
Event: 2.806 Thread 0x00000221766d8000 Implicit null exception at 0x00000221005095b1 to 0x0000022100509809

Events (10 events):
Event: 2.808 loading class com/android/tools/r8/graph/l0$m done
Event: 2.821 Thread 0x00000221766d8000 DEOPT PACKING pc=0x0000022100565624 sp=0x000000ad704fe720
Event: 2.821 Thread 0x00000221766d8000 DEOPT UNPACKING pc=0x00000221000475d8 sp=0x000000ad704fe708 mode 0
Event: 2.988 Thread 0x00000221766d8000 Uncommon trap: trap_request=0xffffff65 fr.pc=0x0000022100431eb4
Event: 2.988 Thread 0x00000221766d8000 DEOPT PACKING pc=0x0000022100431eb4 sp=0x000000ad704fe8e0
Event: 2.988 Thread 0x00000221766d8000 DEOPT UNPACKING pc=0x0000022100045583 sp=0x000000ad704fe7d8 mode 2
Event: 3.043 Thread 0x00000221766d8800 DEOPT PACKING pc=0x00000221003edfcf sp=0x000000ad705fe940
Event: 3.043 Thread 0x00000221766d8800 DEOPT UNPACKING pc=0x00000221000475d8 sp=0x000000ad705fea40 mode 0
Event: 3.054 Executing VM operation: ParallelGCFailedAllocation
Event: 3.080 Executing VM operation: ParallelGCFailedAllocation done


Dynamic libraries:
0x00007ff6bb770000 - 0x00007ff6bb7aa000 	C:\Program Files\Eclipse Foundation\jdk-8.0.302.8-hotspot\bin\java.exe
0x00007ffdaadd0000 - 0x00007ffdaafc5000 	C:\WINDOWS\SYSTEM32\ntdll.dll
0x00007ffdaa260000 - 0x00007ffdaa31e000 	C:\WINDOWS\System32\KERNEL32.DLL
0x00007ffda8640000 - 0x00007ffda8908000 	C:\WINDOWS\System32\KERNELBASE.dll
0x00007ffda97d0000 - 0x00007ffda987c000 	C:\WINDOWS\System32\ADVAPI32.dll
0x00007ffda9150000 - 0x00007ffda91ee000 	C:\WINDOWS\System32\msvcrt.dll
0x00007ffda9520000 - 0x00007ffda95bb000 	C:\WINDOWS\System32\sechost.dll
0x00007ffdaab60000 - 0x00007ffdaac8a000 	C:\WINDOWS\System32\RPCRT4.dll
0x00007ffda95c0000 - 0x00007ffda9761000 	C:\WINDOWS\System32\USER32.dll
0x00007ffda8c20000 - 0x00007ffda8c42000 	C:\WINDOWS\System32\win32u.dll
0x00007ffda9040000 - 0x00007ffda906b000 	C:\WINDOWS\System32\GDI32.dll
0x00007ffda8c50000 - 0x00007ffda8d5d000 	C:\WINDOWS\System32\gdi32full.dll
0x00007ffda89f0000 - 0x00007ffda8a8d000 	C:\WINDOWS\System32\msvcp_win.dll
0x00007ffda8af0000 - 0x00007ffda8bf0000 	C:\WINDOWS\System32\ucrtbase.dll
0x00007ffd8f2e0000 - 0x00007ffd8f57a000 	C:\WINDOWS\WinSxS\amd64_microsoft.windows.common-controls_6595b64144ccf1df_6.0.19041.1110_none_60b5254171f9507e\COMCTL32.dll
0x00007ffda8ff0000 - 0x00007ffda9020000 	C:\WINDOWS\System32\IMM32.DLL
0x00007ffd75490000 - 0x00007ffd7557f000 	C:\Program Files\Eclipse Foundation\jdk-8.0.302.8-hotspot\jre\bin\msvcr120.dll
0x00007ffd753e0000 - 0x00007ffd75486000 	C:\Program Files\Eclipse Foundation\jdk-8.0.302.8-hotspot\jre\bin\msvcp120.dll
0x000000006f740000 - 0x000000006ffab000 	C:\Program Files\Eclipse Foundation\jdk-8.0.302.8-hotspot\jre\bin\server\jvm.dll
0x00007ffda8e20000 - 0x00007ffda8e28000 	C:\WINDOWS\System32\PSAPI.DLL
0x00007ffd9ebf0000 - 0x00007ffd9ebf9000 	C:\WINDOWS\SYSTEM32\WSOCK32.dll
0x00007ffd90740000 - 0x00007ffd90767000 	C:\WINDOWS\SYSTEM32\WINMM.dll
0x00007ffd99360000 - 0x00007ffd9936a000 	C:\WINDOWS\SYSTEM32\VERSION.dll
0x00007ffdaac90000 - 0x00007ffdaacfb000 	C:\WINDOWS\System32\WS2_32.dll
0x00007ffd9ebe0000 - 0x00007ffd9ebef000 	C:\Program Files\Eclipse Foundation\jdk-8.0.302.8-hotspot\jre\bin\verify.dll
0x00007ffd9ba50000 - 0x00007ffd9ba79000 	C:\Program Files\Eclipse Foundation\jdk-8.0.302.8-hotspot\jre\bin\java.dll
0x00007ffd9bcc0000 - 0x00007ffd9bcd6000 	C:\Program Files\Eclipse Foundation\jdk-8.0.302.8-hotspot\jre\bin\zip.dll
0x00007ffda9ab0000 - 0x00007ffdaa1f4000 	C:\WINDOWS\System32\SHELL32.dll
0x00007ffda6480000 - 0x00007ffda6c14000 	C:\WINDOWS\SYSTEM32\windows.storage.dll
0x00007ffdaa320000 - 0x00007ffdaa675000 	C:\WINDOWS\System32\combase.dll
0x00007ffda7d80000 - 0x00007ffda7dae000 	C:\WINDOWS\SYSTEM32\Wldp.dll
0x00007ffda9a00000 - 0x00007ffda9aad000 	C:\WINDOWS\System32\SHCORE.dll
0x00007ffdaa680000 - 0x00007ffdaa6d5000 	C:\WINDOWS\System32\shlwapi.dll
0x00007ffda8420000 - 0x00007ffda843f000 	C:\WINDOWS\SYSTEM32\profapi.dll
0x00007ffd9bbb0000 - 0x00007ffd9bbca000 	C:\Program Files\Eclipse Foundation\jdk-8.0.302.8-hotspot\jre\bin\net.dll
0x00007ffda7b60000 - 0x00007ffda7bca000 	C:\WINDOWS\system32\mswsock.dll
0x00007ffd876a0000 - 0x00007ffd876b2000 	C:\Program Files\Eclipse Foundation\jdk-8.0.302.8-hotspot\jre\bin\nio.dll

VM Arguments:
jvm_args: -Xmx1G 
java_command: com.android.tools.r8.D8 --debug --min-api 21 --output obj\Debug\110\android\bin\ --lib C:\Program Files (x86)\Android\android-sdk\platforms\android-30\android.jar obj\Debug\110\android\bin\classes.zip C:\Program Files (x86)\Microsoft Visual Studio\2019\Community\Common7\IDE\ReferenceAssemblies\Microsoft\Framework\MonoAndroid\v11.0\mono.android.jar C:\Program Files (x86)\Microsoft Visual Studio\2019\Community\MSBuild\Xamarin\Android\java_runtime_fastdev.jar C:\Program Files (x86)\Microsoft\Xamarin\NuGet\xamarin.google.guava.listenablefuture\1.0.0.2\buildTransitive\monoandroid50\guava-listenablefuture.jar C:\Users\tutua\.nuget\packages\xamarin.androidx.annotation\1.2.0.1\buildTransitive\monoandroid90\..\..\jar\androidx.annotation.annotation.jar C:\Users\tutua\.nuget\packages\xamarin.androidx.collection\1.1.0.8\buildTransitive\monoandroid90\..\..\jar\androidx.collection.collection.jar C:\Users\tutua\.nuget\packages\xamarin.androidx.lifecycle.common\2.3.1.1\buildTransitive\monoandroid90\..\..\jar\androidx.lifecycle.lifecycle-common.jar C:\Users\tutua\.nuget\packages\xamarin.androidx.arch.core.common\2.1.0.9\buildTransitive\monoandroid90\..\..\jar\androidx.arch.core.core-common.jar C:\Users\tutua\.nuget\packages\xamarin.androidx.constraintlayout.core\1.0.0\buildTransitive\monoandroid90\..\..\jar\androidx.constraintlayout.constraintlayout-core.jar C:\Users\tutua\.nuget\packages\xamarin.androidx.concurrent.futures\1.1.0.3\buildTransitive\monoandroid90\..\..\jar\androidx.concurrent.concurrent-futures.jar obj\Debug\110\lp\0\jl\formsviewgroup.jar obj\Debug\110\lp\100\jl\classes.jar obj\Debug\110\lp\101\jl\classes.jar obj\Debug\110\lp\102\jl\classes.jar obj\Debug\110\lp\103\jl\classes.jar obj\Debug\110\lp\105\jl\classes.jar obj\Debug\110\lp\60\jl\classes.jar obj\Debug\110\lp\61\jl\classes.jar obj\Debug\110\lp\62\jl\classes.jar obj\Debug\110\lp\63\jl\classes.jar obj\Debug\110\lp\64\jl\classes.jar obj\Debug\110\lp\65\jl\classes.jar obj\Debug\110\lp\66\jl\classes.
java_class_path (initial): C:\Program Files (x86)\Microsoft Visual Studio\2019\Community\MSBuild\Xamarin\Android\r8.jar
Launcher Type: SUN_STANDARD

Environment Variables:
PATH=C:\Program Files\Microsoft MPI\Bin\;C:\Program Files\Eclipse Foundation\jdk-8.0.302.8-hotspot\bin;C:\WINDOWS\system32;C:\WINDOWS;C:\WINDOWS\System32\Wbem;C:\WINDOWS\System32\WindowsPowerShell\v1.0\;C:\WINDOWS\System32\OpenSSH\;C:\Program Files (x86)\AMD\ATI.ACE\Core-Static;C:\Program Files\dotnet\;C:\Program Files\Microsoft SQL Server\130\Tools\Binn\;C:\Program Files\Microsoft SQL Server\Client SDK\ODBC\170\Tools\Binn\;C:\Program Files\Git\cmd;C:\Program Files (x86)\dotnet\;C:\Program Files (x86)\Microsoft SQL Server\150\Tools\Binn\;C:\Program Files\Microsoft SQL Server\150\Tools\Binn\;C:\Program Files (x86)\Microsoft SQL Server\150\DTS\Binn\;C:\Program Files\Microsoft SQL Server\150\DTS\Binn\;C:\Program Files\Azure Data Studio\bin;C:\Users\tutua\AppData\Local\Microsoft\WindowsApps;;C:\Users\tutua\AppData\Local\Programs\Microsoft VS Code\bin;C:\Users\tutua\.dotnet\tools;C:\Program Files\Azure Data Studio\bin
USERNAME=tutua
OS=Windows_NT
PROCESSOR_IDENTIFIER=Intel64 Family 6 Model 60 Stepping 3, GenuineIntel



---------------  S Y S T E M  ---------------

OS: Windows 10.0 , 64 bit Build 19041 (10.0.19041.1348)

CPU:total 4 (initial active 4) (2 cores per cpu, 2 threads per core) family 6 model 60 stepping 3, cmov, cx8, fxsr, mmx, sse, sse2, sse3, ssse3, sse4.1, sse4.2, popcnt, avx, avx2, aes, clmul, erms, lzcnt, ht, tsc, tscinvbit, bmi1, bmi2

Memory: 4k page, physical 8308212k(565944k free), swap 12502516k(5328k free)

vm_info: OpenJDK 64-Bit Server VM (25.302-b08) for windows-amd64 JRE (1.8.0_302-b08), built on Jul 20 2021 21:31:03 by "jenkins" with MS VC++ 12.0 (VS2013)

time: Fri Jan 14 15:29:46 2022
timezone: SE Asia Standard Time
elapsed time: 3.109828 seconds (0d 0h 0m 3s)

