JvmtiExport can_access_local_variables 0
JvmtiExport can_hotswap_or_post_breakpoint 0
JvmtiExport can_post_on_exceptions 0
# 657 ciObject found
instanceKlass com/android/tools/r8/p/n/W
instanceKlass com/android/tools/r8/utils/n0
instanceKlass com/android/tools/r8/graph/Z0$$Lambda$73
instanceKlass com/android/tools/r8/utils/o0
instanceKlass com/android/tools/r8/graph/Z0$$Lambda$74
instanceKlass com/android/tools/r8/graph/Z0$$Lambda$72
instanceKlass com/android/tools/r8/graph/l$a
instanceKlass com/android/tools/r8/graph/O0$$Lambda$71
instanceKlass com/android/tools/r8/graph/s
instanceKlass com/android/tools/r8/t/a/a/a/f/z0
instanceKlass com/android/tools/r8/s/b/W0
instanceKlass com/android/tools/r8/graph/O0$$Lambda$69
instanceKlass com/android/tools/r8/graph/O0$$Lambda$70
instanceKlass com/android/tools/r8/t/a/a/a/f/g0
instanceKlass com/android/tools/r8/graph/M0
instanceKlass com/android/tools/r8/z/a/a/y
instanceKlass com/android/tools/r8/graph/L0
instanceKlass java/lang/invoke/LambdaForm$MH
instanceKlass java/lang/invoke/LambdaForm$DMH
instanceKlass com/android/tools/r8/utils/a1$$Lambda$68
instanceKlass com/android/tools/r8/utils/a1$$Lambda$67
instanceKlass com/android/tools/r8/utils/h0
instanceKlass com/android/tools/r8/utils/a1$$Lambda$66
instanceKlass com/android/tools/r8/utils/k1
instanceKlass java/lang/invoke/LambdaForm$DMH
instanceKlass com/android/tools/r8/utils/a1$$Lambda$65
instanceKlass com/android/tools/r8/utils/e0
instanceKlass com/android/tools/r8/utils/a1$$Lambda$64
instanceKlass com/android/tools/r8/utils/j1
instanceKlass java/lang/invoke/LambdaForm$DMH
instanceKlass com/android/tools/r8/D8$$Lambda$63
instanceKlass com/android/tools/r8/utils/e1
instanceKlass java/util/concurrent/ConcurrentHashMap$Traverser
instanceKlass com/android/tools/r8/graph/Q0$$Lambda$62
instanceKlass com/android/tools/r8/graph/y$b
instanceKlass com/android/tools/r8/p/n/A
instanceKlass com/android/tools/r8/graph/u1/c
instanceKlass com/android/tools/r8/ir/optimize/c
instanceKlass com/android/tools/r8/utils/w
instanceKlass com/android/tools/r8/graph/x0
instanceKlass com/android/tools/r8/graph/c
instanceKlass com/android/tools/r8/utils/R0$$Lambda$61
instanceKlass java/util/concurrent/atomic/AtomicReference
instanceKlass com/android/tools/r8/q/a/a/b/I1
instanceKlass com/android/tools/r8/utils/O
instanceKlass java/util/concurrent/ConcurrentLinkedQueue$Itr
instanceKlass com/android/tools/r8/q/a/a/a/r
instanceKlass com/android/tools/r8/graph/l0$a
instanceKlass com/android/tools/r8/graph/I0$a$$Lambda$60
instanceKlass java/lang/invoke/LambdaForm$DMH
instanceKlass com/android/tools/r8/graph/I0$d$$Lambda$59
instanceKlass com/android/tools/r8/graph/I0$a$$Lambda$58
instanceKlass java/lang/invoke/LambdaForm$MH
instanceKlass java/lang/invoke/LambdaForm$DMH
instanceKlass java/lang/invoke/LambdaForm$DMH
instanceKlass com/android/tools/r8/graph/I0$$Lambda$57
instanceKlass java/lang/invoke/LambdaForm$DMH
instanceKlass com/android/tools/r8/t/a/a/a/h/f0$d
instanceKlass com/android/tools/r8/t/a/a/a/h/g0
instanceKlass com/android/tools/r8/graph/Z0$$Lambda$56
instanceKlass com/android/tools/r8/t/a/a/a/h/f0$f
instanceKlass com/android/tools/r8/t/a/a/a/h/E0
instanceKlass com/android/tools/r8/t/a/a/a/h/w0
instanceKlass com/android/tools/r8/t/a/a/a/h/z0
instanceKlass com/android/tools/r8/graph/Y0$$Lambda$55
instanceKlass com/android/tools/r8/graph/Z0$$Lambda$54
instanceKlass com/android/tools/r8/t/a/a/a/h/p0
instanceKlass com/android/tools/r8/t/a/a/a/h/I0
instanceKlass com/android/tools/r8/t/a/a/a/h/j
instanceKlass com/android/tools/r8/t/a/a/a/h/q0
instanceKlass com/android/tools/r8/s/c/h
instanceKlass com/android/tools/r8/t/a/a/a/h/h0
instanceKlass com/android/tools/r8/graph/f0$$Lambda$53
instanceKlass com/android/tools/r8/graph/f0$$Lambda$52
instanceKlass com/android/tools/r8/graph/Y0
instanceKlass com/android/tools/r8/graph/X0
instanceKlass com/android/tools/r8/graph/I0$b$$Lambda$51
instanceKlass com/android/tools/r8/graph/I0$b$$Lambda$50
instanceKlass java/lang/invoke/LambdaForm$DMH
instanceKlass java/lang/invoke/LambdaForm$DMH
instanceKlass com/android/tools/r8/ir/optimize/info/w/b
instanceKlass com/android/tools/r8/ir/optimize/info/f
instanceKlass com/android/tools/r8/ir/conversion/c0
instanceKlass com/android/tools/r8/graph/Q
instanceKlass com/android/tools/r8/ir/optimize/info/i
instanceKlass com/android/tools/r8/ir/optimize/info/c
instanceKlass com/android/tools/r8/w/h0$a
instanceKlass com/android/tools/r8/w/j0
instanceKlass com/android/tools/r8/shaking/ProguardClassSpecification
instanceKlass com/android/tools/r8/w/h0
instanceKlass com/android/tools/r8/ir/optimize/info/v/c
instanceKlass com/android/tools/r8/s/a/q/a
instanceKlass com/android/tools/r8/w/O
instanceKlass com/android/tools/r8/ir/optimize/info/g
instanceKlass com/android/tools/r8/q/a/a/a/v$a
instanceKlass com/android/tools/r8/q/a/a/a/v
instanceKlass com/android/tools/r8/graph/F0
instanceKlass com/android/tools/r8/graph/H0$$Lambda$49
instanceKlass com/android/tools/r8/graph/H0$$Lambda$48
instanceKlass com/android/tools/r8/graph/H0$$Lambda$47
instanceKlass com/android/tools/r8/graph/H0$$Lambda$46
instanceKlass java/lang/invoke/LambdaForm$DMH
instanceKlass java/lang/invoke/LambdaForm$DMH
instanceKlass com/android/tools/r8/z/a/a/B
instanceKlass com/android/tools/r8/z/a/a/k
instanceKlass com/android/tools/r8/graph/I0$e
instanceKlass com/android/tools/r8/z/a/a/u
instanceKlass com/android/tools/r8/z/a/a/n
instanceKlass com/android/tools/r8/z/a/a/j
instanceKlass com/android/tools/r8/z/a/a/s
instanceKlass com/android/tools/r8/z/a/a/d
instanceKlass com/android/tools/r8/z/a/a/f
instanceKlass com/android/tools/r8/utils/Y$$Lambda$45
instanceKlass java/lang/invoke/LambdaForm$MH
instanceKlass com/android/tools/r8/graph/I0$$Lambda$44
instanceKlass java/lang/invoke/LambdaForm$DMH
instanceKlass java/util/Random
instanceKlass java/util/concurrent/locks/AbstractQueuedSynchronizer$Node
instanceKlass java/util/concurrent/locks/AbstractOwnableSynchronizer
instanceKlass java/util/concurrent/RunnableFuture
instanceKlass com/android/tools/r8/dex/a$a$$Lambda$43
instanceKlass java/util/concurrent/Callable
instanceKlass com/android/tools/r8/graph/p$$Lambda$42
instanceKlass java/lang/invoke/LambdaForm$DMH
instanceKlass com/android/tools/r8/dex/a$a$$Lambda$41
instanceKlass com/android/tools/r8/z/a/a/a
instanceKlass com/android/tools/r8/graph/I0
instanceKlass com/android/tools/r8/graph/p$$Lambda$40
instanceKlass com/android/tools/r8/graph/p$$Lambda$39
instanceKlass com/android/tools/r8/graph/p$$Lambda$38
instanceKlass com/android/tools/r8/graph/p$$Lambda$37
instanceKlass java/lang/invoke/LambdaForm$DMH
instanceKlass java/lang/invoke/LambdaForm$DMH
instanceKlass com/android/tools/r8/graph/p$$Lambda$36
instanceKlass java/lang/invoke/LambdaForm$DMH
instanceKlass com/android/tools/r8/graph/p$$Lambda$35
instanceKlass com/android/tools/r8/graph/p$a
instanceKlass java/lang/invoke/LambdaForm$DMH
instanceKlass com/android/tools/r8/w/y
instanceKlass com/android/tools/r8/shaking/EnqueuerMetadataTraceable
instanceKlass com/android/tools/r8/graph/f0$b
instanceKlass com/android/tools/r8/graph/n0
instanceKlass com/android/tools/r8/graph/a1
instanceKlass com/android/tools/r8/utils/J0
instanceKlass com/android/tools/r8/ProgramResource
instanceKlass com/android/tools/r8/q/a/a/d/g
instanceKlass com/android/tools/r8/graph/H0
instanceKlass java/util/concurrent/ConcurrentLinkedQueue$Node
instanceKlass com/android/tools/r8/dex/a$a
instanceKlass com/android/tools/r8/utils/R0$$Lambda$34
instanceKlass com/android/tools/r8/dex/a$b
instanceKlass com/android/tools/r8/graph/b
instanceKlass com/android/tools/r8/utils/J
instanceKlass com/android/tools/r8/graph/y$a
instanceKlass com/android/tools/r8/dex/a
instanceKlass com/android/tools/r8/utils/n1$c
instanceKlass com/android/tools/r8/utils/n1$d
instanceKlass com/android/tools/r8/utils/n1
instanceKlass com/android/tools/r8/D8$$Lambda$33
instanceKlass java/util/concurrent/ForkJoinPool$DefaultCommonPoolForkJoinWorkerThreadFactory
instanceKlass java/util/concurrent/ForkJoinPool$1
instanceKlass java/util/concurrent/ForkJoinPool$DefaultForkJoinWorkerThreadFactory
instanceKlass java/util/concurrent/ForkJoinTask
instanceKlass java/util/concurrent/Future
instanceKlass sun/nio/ch/Interruptible
instanceKlass java/util/concurrent/ForkJoinPool$WorkQueue
instanceKlass java/util/concurrent/ForkJoinPool$ForkJoinWorkerThreadFactory
instanceKlass java/util/concurrent/AbstractExecutorService
instanceKlass java/util/concurrent/Executors
instanceKlass com/android/tools/r8/utils/a1
instanceKlass com/android/tools/r8/inspector/a/c
instanceKlass com/android/tools/r8/inspector/Inspector
instanceKlass com/android/tools/r8/utils/t
instanceKlass com/android/tools/r8/utils/k0$i$b
instanceKlass com/android/tools/r8/utils/k0$i$a
instanceKlass com/android/tools/r8/utils/k0$i$$Lambda$32
instanceKlass com/android/tools/r8/utils/g0$a
instanceKlass com/android/tools/r8/utils/g0
instanceKlass com/android/tools/r8/utils/k0$i
instanceKlass com/android/tools/r8/utils/k0$d
instanceKlass com/android/tools/r8/utils/k0$h
instanceKlass com/android/tools/r8/utils/k0$a
instanceKlass com/android/tools/r8/utils/k0$f
instanceKlass com/android/tools/r8/utils/k0$$Lambda$31
instanceKlass java/net/URLClassLoader$2
instanceKlass sun/misc/Launcher$BootClassPathHolder$1
instanceKlass sun/misc/Launcher$BootClassPathHolder
instanceKlass com/android/tools/r8/utils/t1
instanceKlass com/android/tools/r8/Version
instanceKlass com/android/tools/r8/graph/E
instanceKlass com/android/tools/r8/graph/U0
instanceKlass com/android/tools/r8/utils/k0
instanceKlass com/android/tools/r8/s/c/V
instanceKlass com/android/tools/r8/s/c/m
instanceKlass com/android/tools/r8/w/p$e
instanceKlass com/android/tools/r8/w/p$d
instanceKlass com/android/tools/r8/w/p$c
instanceKlass java/util/stream/Sink$ChainedInt
instanceKlass java/util/stream/Sink$OfInt
instanceKlass java/util/function/IntConsumer
instanceKlass java/util/function/Function$$Lambda$30
instanceKlass com/android/tools/r8/w/p$b$$Lambda$29
instanceKlass java/util/stream/IntPipeline$$Lambda$28
instanceKlass java/util/function/IntFunction
instanceKlass java/lang/invoke/LambdaForm$DMH
instanceKlass java/util/stream/Streams$RangeIntSpliterator
instanceKlass java/util/stream/IntStream
instanceKlass com/android/tools/r8/t/a/a/a/h/d
instanceKlass com/android/tools/r8/w/p$b
instanceKlass com/android/tools/r8/w/p
instanceKlass java/util/stream/StreamSpliterators$WrappingSpliterator$$Lambda$27
instanceKlass java/lang/invoke/LambdaForm$DMH
instanceKlass com/android/tools/r8/q/a/a/b/t$$Lambda$26
instanceKlass java/lang/invoke/LambdaForm$DMH
instanceKlass java/util/stream/Collectors$$Lambda$25
instanceKlass java/lang/invoke/LambdaForm$MH
instanceKlass java/util/stream/Collectors$$Lambda$24
instanceKlass java/lang/invoke/LambdaForm$DMH
instanceKlass java/util/stream/Collectors$$Lambda$23
instanceKlass java/util/stream/Collectors$$Lambda$22
instanceKlass com/android/tools/r8/graph/Z$$Lambda$21
instanceKlass com/android/tools/r8/graph/Z$$Lambda$20
instanceKlass com/android/tools/r8/q/a/a/b/t
instanceKlass com/android/tools/r8/q/a/a/b/w$$Lambda$19
instanceKlass java/util/stream/StreamSpliterators$AbstractWrappingSpliterator
instanceKlass java/util/stream/AbstractPipeline$$Lambda$18
instanceKlass java/util/HashMap$HashMapSpliterator
instanceKlass java/util/stream/Sink$ChainedReference
instanceKlass java/util/stream/ReduceOps$Box
instanceKlass java/util/stream/ReduceOps$AccumulatingSink
instanceKlass java/util/stream/TerminalSink
instanceKlass java/util/stream/Sink
instanceKlass java/util/stream/ReduceOps$ReduceOp
instanceKlass java/util/stream/TerminalOp
instanceKlass java/util/stream/ReduceOps
instanceKlass java/util/stream/Collectors$$Lambda$17
instanceKlass java/util/stream/Collectors$$Lambda$16
instanceKlass java/util/function/BinaryOperator
instanceKlass java/util/function/BiFunction
instanceKlass java/util/stream/Collectors$$Lambda$15
instanceKlass java/util/function/BiConsumer
instanceKlass java/lang/invoke/LambdaForm$DMH
instanceKlass java/util/stream/Collectors$$Lambda$14
instanceKlass java/lang/invoke/LambdaForm$DMH
instanceKlass java/util/stream/Collectors$CollectorImpl
instanceKlass java/util/stream/Collector
instanceKlass java/util/stream/Collectors
instanceKlass com/android/tools/r8/graph/Z$$Lambda$13
instanceKlass java/util/Spliterators$IteratorSpliterator
instanceKlass com/android/tools/r8/q/a/a/b/J$b
instanceKlass com/android/tools/r8/graph/Z$$Lambda$12
instanceKlass com/android/tools/r8/graph/Z$$Lambda$11
instanceKlass java/lang/invoke/LambdaForm$DMH
instanceKlass com/android/tools/r8/graph/Z$$Lambda$10
instanceKlass java/util/Spliterators$ArraySpliterator
instanceKlass java/util/Spliterator$OfDouble
instanceKlass java/util/Spliterator$OfLong
instanceKlass java/util/Spliterator$OfInt
instanceKlass java/util/Spliterator$OfPrimitive
instanceKlass java/util/Spliterators$EmptySpliterator
instanceKlass java/util/Spliterators
instanceKlass java/lang/Class$4
instanceKlass java/util/EnumMap$1
instanceKlass java/util/stream/StreamOpFlag$MaskBuilder
instanceKlass java/util/stream/PipelineHelper
instanceKlass java/util/stream/StreamSupport
instanceKlass java/util/stream/Streams$AbstractStreamBuilderImpl
instanceKlass java/util/stream/Stream$Builder
instanceKlass com/android/tools/r8/utils/O0
instanceKlass java/util/stream/Stream
instanceKlass java/util/stream/BaseStream
instanceKlass com/android/tools/r8/graph/Z$G
instanceKlass com/android/tools/r8/graph/Z$x
instanceKlass com/android/tools/r8/graph/Z$w
instanceKlass com/android/tools/r8/graph/Z$v
instanceKlass com/android/tools/r8/graph/Z$u
instanceKlass com/android/tools/r8/graph/Z$t
instanceKlass com/android/tools/r8/graph/Z$s
instanceKlass com/android/tools/r8/graph/Z$r
instanceKlass com/android/tools/r8/graph/Z$q
instanceKlass com/android/tools/r8/graph/Z$f
instanceKlass com/android/tools/r8/graph/Z$e
instanceKlass com/android/tools/r8/graph/Z$d
instanceKlass com/android/tools/r8/graph/Z$c
instanceKlass com/android/tools/r8/graph/Z$b
instanceKlass com/android/tools/r8/graph/Z$F
instanceKlass com/android/tools/r8/graph/Z$D
instanceKlass com/android/tools/r8/graph/Z$h
instanceKlass com/android/tools/r8/graph/Z$E
instanceKlass com/android/tools/r8/graph/Z$o
instanceKlass com/android/tools/r8/graph/Z$A
instanceKlass com/android/tools/r8/graph/Z$m
instanceKlass com/android/tools/r8/graph/Z$k
instanceKlass com/android/tools/r8/graph/Z$j
instanceKlass com/android/tools/r8/graph/Z$g
instanceKlass com/android/tools/r8/graph/Z$J
instanceKlass com/android/tools/r8/graph/Z$l
instanceKlass com/android/tools/r8/graph/Z$z
instanceKlass com/android/tools/r8/graph/Z$I
instanceKlass com/android/tools/r8/graph/Z$B
instanceKlass com/android/tools/r8/graph/Z$C
instanceKlass com/android/tools/r8/graph/Z$p
instanceKlass com/android/tools/r8/graph/Z$n
instanceKlass com/android/tools/r8/graph/Z$i
instanceKlass com/android/tools/r8/graph/Z$y
instanceKlass com/android/tools/r8/references/TypeReference
instanceKlass com/android/tools/r8/s/b/k0
instanceKlass com/android/tools/r8/s/b/n1
instanceKlass com/android/tools/r8/s/b/n0
instanceKlass com/android/tools/r8/graph/Z$H
instanceKlass java/lang/StrictMath
instanceKlass com/android/tools/r8/t/a/a/a/c
instanceKlass com/android/tools/r8/t/a/a/a/f/T
instanceKlass com/android/tools/r8/t/a/a/a/h/F0
instanceKlass com/android/tools/r8/t/a/a/a/h/x0
instanceKlass com/android/tools/r8/t/a/a/a/f/H0
instanceKlass com/android/tools/r8/t/a/a/a/f/p0
instanceKlass com/android/tools/r8/t/a/a/a/h/k1
instanceKlass com/android/tools/r8/utils/d1
instanceKlass com/android/tools/r8/utils/x
instanceKlass com/android/tools/r8/s/a/p/u
instanceKlass com/android/tools/r8/t/a/a/a/f/c
instanceKlass com/android/tools/r8/graph/k1
instanceKlass com/android/tools/r8/graph/Y
instanceKlass com/android/tools/r8/t/a/a/a/f/S
instanceKlass com/android/tools/r8/t/a/a/a/f/Q
instanceKlass com/android/tools/r8/graph/Z
instanceKlass sun/nio/fs/AbstractBasicFileAttributeView
instanceKlass sun/nio/fs/DynamicFileAttributeView
instanceKlass sun/nio/fs/WindowsFileAttributeViews
instanceKlass java/nio/file/attribute/BasicFileAttributeView
instanceKlass java/nio/file/attribute/FileAttributeView
instanceKlass java/nio/file/attribute/AttributeView
instanceKlass sun/nio/fs/WindowsFileAttributes
instanceKlass java/nio/file/attribute/DosFileAttributes
instanceKlass java/nio/file/attribute/BasicFileAttributes
instanceKlass com/android/tools/r8/BaseCommand$Builder$$Lambda$9
instanceKlass com/android/tools/r8/utils/Y$a
instanceKlass com/android/tools/r8/utils/z
instanceKlass com/android/tools/r8/utils/V
instanceKlass com/android/tools/r8/utils/N0
instanceKlass com/android/tools/r8/position/Position$a
instanceKlass com/android/tools/r8/position/Position
instanceKlass com/android/tools/r8/shaking/FilteredClassPath
instanceKlass com/android/tools/r8/utils/ArchiveResourceProvider
instanceKlass com/android/tools/r8/DataResourceProvider
instanceKlass com/android/tools/r8/BaseCommand$Builder$$Lambda$8
instanceKlass com/android/tools/r8/q/a/a/b/k
instanceKlass java/util/AbstractMap$SimpleImmutableEntry
instanceKlass com/android/tools/r8/q/a/a/a/w
instanceKlass com/android/tools/r8/q/a/a/b/c0$a
instanceKlass com/android/tools/r8/q/a/a/b/p
instanceKlass com/android/tools/r8/q/a/a/b/c0
instanceKlass com/android/tools/r8/utils/T
instanceKlass com/android/tools/r8/utils/w1
instanceKlass java/util/zip/ZipFile$ZipEntryIterator
instanceKlass com/android/tools/r8/utils/j0$$Lambda$7
instanceKlass java/lang/invoke/LambdaForm$DMH
instanceKlass com/android/tools/r8/utils/j0
instanceKlass com/android/tools/r8/utils/b0
instanceKlass sun/nio/ch/FileDispatcherImpl$1
instanceKlass sun/nio/ch/NativeDispatcher
instanceKlass sun/nio/ch/NativeThreadSet
instanceKlass java/net/Inet6Address$Inet6AddressHolder
instanceKlass java/net/InetAddress$2
instanceKlass sun/net/spi/nameservice/NameService
instanceKlass java/net/Inet6AddressImpl
instanceKlass java/net/InetAddressImpl
instanceKlass java/net/InetAddressImplFactory
instanceKlass java/net/InetAddress$Cache
instanceKlass java/net/InetAddress$InetAddressHolder
instanceKlass java/net/InetAddress$1
instanceKlass java/net/InetAddress
instanceKlass sun/nio/ch/IOUtil$1
instanceKlass sun/nio/ch/IOUtil
instanceKlass java/nio/file/attribute/FileAttribute
instanceKlass java/nio/channels/spi/AbstractInterruptibleChannel
instanceKlass java/nio/channels/InterruptibleChannel
instanceKlass java/nio/channels/ScatteringByteChannel
instanceKlass java/nio/channels/GatheringByteChannel
instanceKlass java/nio/channels/SeekableByteChannel
instanceKlass java/nio/channels/ByteChannel
instanceKlass java/nio/channels/WritableByteChannel
instanceKlass java/nio/channels/ReadableByteChannel
instanceKlass java/nio/channels/Channel
instanceKlass java/lang/invoke/LambdaForm$MH
instanceKlass com/android/tools/r8/BaseCommand$Builder$$Lambda$6
instanceKlass java/lang/invoke/LambdaForm$DMH
instanceKlass sun/nio/fs/WindowsDirectoryStream
instanceKlass java/nio/file/DirectoryStream
instanceKlass sun/nio/fs/NativeBuffer$Deallocator
instanceKlass sun/nio/fs/NativeBuffer
instanceKlass sun/nio/fs/NativeBuffers
instanceKlass sun/nio/fs/WindowsNativeDispatcher$BackupResult
instanceKlass sun/nio/fs/WindowsNativeDispatcher$CompletionStatus
instanceKlass sun/nio/fs/WindowsNativeDispatcher$AclInformation
instanceKlass sun/nio/fs/WindowsNativeDispatcher$Account
instanceKlass sun/nio/fs/WindowsNativeDispatcher$DiskFreeSpace
instanceKlass sun/nio/fs/WindowsNativeDispatcher$VolumeInformation
instanceKlass sun/nio/fs/WindowsNativeDispatcher$FirstStream
instanceKlass sun/nio/fs/WindowsNativeDispatcher$FirstFile
instanceKlass sun/nio/fs/WindowsNativeDispatcher$1
instanceKlass sun/nio/fs/WindowsNativeDispatcher
instanceKlass sun/nio/fs/WindowsChannelFactory$Flags
instanceKlass sun/nio/fs/WindowsChannelFactory$1
instanceKlass sun/nio/fs/WindowsChannelFactory
instanceKlass java/nio/file/Files
instanceKlass java/nio/file/CopyOption
instanceKlass java/nio/file/OpenOption
instanceKlass sun/nio/fs/WindowsPath$1
instanceKlass java/nio/file/FileSystems$DefaultFileSystemHolder$1
instanceKlass java/nio/file/FileSystems$DefaultFileSystemHolder
instanceKlass java/nio/file/FileSystems
instanceKlass java/nio/file/Paths
instanceKlass com/android/tools/r8/c$$Lambda$5
instanceKlass java/lang/invoke/LambdaForm$DMH
instanceKlass com/android/tools/r8/c$$Lambda$4
instanceKlass com/android/tools/r8/utils/Y0
instanceKlass com/android/tools/r8/c$$Lambda$3
instanceKlass java/util/function/Consumer
instanceKlass java/lang/invoke/LambdaForm$DMH
instanceKlass com/android/tools/r8/c$b$a
instanceKlass com/android/tools/r8/c$b
instanceKlass java/lang/invoke/LambdaForm$MH
instanceKlass java/lang/invoke/LambdaForm$MH
instanceKlass java/lang/invoke/InnerClassLambdaMetafactory$1
instanceKlass com/android/tools/r8/BaseCompilerCommand$Builder$$Lambda$2
instanceKlass java/util/function/BiPredicate
instanceKlass java/lang/invoke/LambdaForm$DMH
instanceKlass com/android/tools/r8/m
instanceKlass com/android/tools/r8/utils/e$b
instanceKlass com/android/tools/r8/z/a/a/h
instanceKlass com/android/tools/r8/t/a/a/a/h/Q
instanceKlass com/android/tools/r8/t/a/a/a/h/L
instanceKlass com/android/tools/r8/t/a/a/a/a
instanceKlass com/android/tools/r8/DataResource
instanceKlass com/android/tools/r8/Resource
instanceKlass com/android/tools/r8/DataResourceProvider$Visitor
instanceKlass com/android/tools/r8/utils/e
instanceKlass com/android/tools/r8/utils/T0
instanceKlass com/android/tools/r8/D8Command$b
instanceKlass com/android/tools/r8/DiagnosticsHandler
instanceKlass com/android/tools/r8/StringConsumer
instanceKlass com/android/tools/r8/ClassFileConsumer$ForwardingConsumer
instanceKlass com/android/tools/r8/ClassFileConsumer
instanceKlass com/android/tools/r8/DexFilePerClassFileConsumer$ForwardingConsumer
instanceKlass com/android/tools/r8/DexFilePerClassFileConsumer
instanceKlass com/android/tools/r8/h
instanceKlass com/android/tools/r8/DataResourceConsumer
instanceKlass com/android/tools/r8/DexIndexedConsumer$ForwardingConsumer
instanceKlass com/android/tools/r8/q/a/a/b/O0
instanceKlass com/android/tools/r8/q/a/a/a/V
instanceKlass java/util/function/Supplier
instanceKlass com/android/tools/r8/q/a/a/a/J
instanceKlass java/util/function/Predicate
instanceKlass com/android/tools/r8/q/a/a/a/D
instanceKlass java/util/StringJoiner
instanceKlass com/android/tools/r8/q/a/a/a/E
instanceKlass com/android/tools/r8/q/a/a/b/C
instanceKlass java/util/NavigableSet
instanceKlass java/util/SortedSet
instanceKlass com/android/tools/r8/q/a/a/b/Q
instanceKlass com/android/tools/r8/q/a/a/b/T1
instanceKlass java/util/Spliterator
instanceKlass com/android/tools/r8/q/a/a/b/N2
instanceKlass com/android/tools/r8/q/a/a/b/w
instanceKlass com/android/tools/r8/ClassFileResourceProvider
instanceKlass com/android/tools/r8/b
instanceKlass com/android/tools/r8/utils/Y
instanceKlass java/lang/invoke/LambdaForm$MH
instanceKlass com/android/tools/r8/D8$$Lambda$1
instanceKlass java/lang/invoke/InfoFromMemberName
instanceKlass java/lang/invoke/MethodHandleInfo
instanceKlass sun/security/util/SecurityConstants
instanceKlass java/security/AccessController$1
instanceKlass java/lang/invoke/AbstractValidatingLambdaMetafactory
instanceKlass java/lang/invoke/LambdaForm$BMH
instanceKlass java/lang/invoke/LambdaForm$BMH
instanceKlass java/lang/invoke/LambdaForm$BMH
instanceKlass java/lang/invoke/LambdaForm$BMH
instanceKlass sun/reflect/UnsafeFieldAccessorFactory
instanceKlass jdk/internal/org/objectweb/asm/FieldVisitor
instanceKlass java/lang/invoke/BoundMethodHandle$Factory$1
instanceKlass java/lang/invoke/BoundMethodHandle$SpeciesData$1
instanceKlass java/lang/invoke/LambdaForm$BMH
instanceKlass java/lang/invoke/LambdaForm$MH
instanceKlass java/lang/invoke/LambdaForm$BMH
instanceKlass java/lang/invoke/LambdaForm$MH
instanceKlass java/lang/invoke/LambdaForm$DMH
instanceKlass java/lang/invoke/LambdaForm$DMH
instanceKlass java/lang/invoke/LambdaForm$BMH
instanceKlass java/lang/invoke/LambdaForm$BMH
instanceKlass java/lang/invoke/LambdaForm$MH
instanceKlass java/lang/invoke/LambdaFormBuffer
instanceKlass java/lang/invoke/LambdaFormEditor
instanceKlass java/lang/invoke/LambdaForm$BMH
instanceKlass java/lang/invoke/LambdaForm$DMH
instanceKlass java/lang/invoke/LambdaForm$DMH
instanceKlass java/lang/invoke/LambdaForm$DMH
instanceKlass java/lang/invoke/LambdaForm$DMH
instanceKlass java/lang/invoke/LambdaForm$MH
instanceKlass java/lang/invoke/LambdaForm$DMH
instanceKlass java/lang/invoke/LambdaForm$DMH
instanceKlass java/lang/invoke/LambdaForm$MH
instanceKlass java/lang/invoke/LambdaForm$DMH
instanceKlass java/lang/invoke/LambdaForm$DMH
instanceKlass java/lang/invoke/LambdaForm$MH
instanceKlass java/lang/invoke/LambdaForm$DMH
instanceKlass java/lang/invoke/LambdaForm$DMH
instanceKlass java/lang/invoke/LambdaForm$MH
instanceKlass java/lang/invoke/LambdaForm$DMH
instanceKlass java/lang/invoke/LambdaForm$DMH
instanceKlass java/lang/invoke/LambdaForm$MH
instanceKlass java/lang/invoke/LambdaForm$DMH
instanceKlass java/lang/invoke/LambdaForm$MH
instanceKlass java/lang/invoke/LambdaForm$DMH
instanceKlass java/lang/invoke/LambdaForm$DMH
instanceKlass java/lang/invoke/LambdaForm$MH
instanceKlass java/lang/invoke/LambdaForm$DMH
instanceKlass java/lang/invoke/LambdaForm$DMH
instanceKlass java/lang/invoke/LambdaForm$MH
instanceKlass java/lang/invoke/LambdaForm$DMH
instanceKlass java/lang/invoke/LambdaForm$MH
instanceKlass java/lang/invoke/LambdaForm$DMH
instanceKlass java/lang/invoke/LambdaForm$MH
instanceKlass java/lang/invoke/LambdaForm$DMH
instanceKlass java/lang/invoke/LambdaForm$DMH
instanceKlass java/lang/invoke/MethodHandleImpl$Lazy
instanceKlass java/lang/invoke/LambdaForm$BMH
instanceKlass java/lang/invoke/LambdaForm$MH
instanceKlass java/lang/invoke/LambdaForm$DMH
instanceKlass java/lang/invoke/LambdaForm$DMH
instanceKlass java/lang/invoke/LambdaForm$DMH
instanceKlass com/android/tools/r8/utils/Y$b
instanceKlass java/lang/invoke/LambdaForm$DMH
instanceKlass java/util/SubList$1
instanceKlass java/lang/invoke/LambdaForm$MH
instanceKlass java/lang/invoke/LambdaForm$MH
instanceKlass java/lang/invoke/LambdaForm$MH
instanceKlass java/lang/invoke/LambdaForm$MH
instanceKlass java/lang/invoke/LambdaForm$MH
instanceKlass java/lang/invoke/LambdaForm$MH
instanceKlass java/lang/invoke/LambdaForm$MH
instanceKlass java/lang/invoke/LambdaForm$MH
instanceKlass java/lang/invoke/LambdaForm$MH
instanceKlass java/lang/invoke/LambdaForm$MH
instanceKlass java/lang/invoke/LambdaForm$MH
instanceKlass java/lang/invoke/LambdaForm$MH
instanceKlass java/lang/invoke/InvokerBytecodeGenerator$CpPatch
instanceKlass java/lang/invoke/LambdaForm$DMH
instanceKlass java/lang/invoke/LambdaForm$DMH
instanceKlass java/lang/invoke/LambdaForm$DMH
instanceKlass java/lang/invoke/LambdaForm$DMH
instanceKlass java/lang/invoke/LambdaForm$DMH
instanceKlass java/lang/invoke/LambdaForm$DMH
instanceKlass sun/invoke/empty/Empty
instanceKlass sun/invoke/util/VerifyType
instanceKlass java/lang/invoke/InvokerBytecodeGenerator$2
instanceKlass jdk/internal/org/objectweb/asm/AnnotationVisitor
instanceKlass jdk/internal/org/objectweb/asm/Frame
instanceKlass jdk/internal/org/objectweb/asm/Label
instanceKlass jdk/internal/org/objectweb/asm/Type
instanceKlass jdk/internal/org/objectweb/asm/MethodVisitor
instanceKlass jdk/internal/org/objectweb/asm/Item
instanceKlass jdk/internal/org/objectweb/asm/ByteVector
instanceKlass jdk/internal/org/objectweb/asm/ClassVisitor
instanceKlass java/lang/invoke/InvokerBytecodeGenerator
instanceKlass java/util/Collections$UnmodifiableCollection$1
instanceKlass java/lang/invoke/DirectMethodHandle$Lazy
instanceKlass sun/invoke/util/BytecodeDescriptor
instanceKlass java/lang/invoke/BoundMethodHandle$Factory
instanceKlass java/lang/invoke/BoundMethodHandle$SpeciesData
instanceKlass java/lang/invoke/LambdaForm$NamedFunction
instanceKlass java/lang/invoke/LambdaForm$Name
instanceKlass sun/invoke/util/ValueConversions
instanceKlass sun/invoke/util/VerifyAccess
instanceKlass java/lang/Long$LongCache
instanceKlass java/lang/Character$CharacterCache
instanceKlass java/lang/Short$ShortCache
instanceKlass java/lang/Byte$ByteCache
instanceKlass sun/invoke/util/Wrapper$Format
instanceKlass java/lang/invoke/MethodHandles
instanceKlass java/lang/invoke/Invokers
instanceKlass java/lang/invoke/MethodTypeForm
instanceKlass java/lang/invoke/MethodType$ConcurrentWeakInternSet
instanceKlass java/lang/invoke/MethodHandles$Lookup
instanceKlass java/lang/invoke/LambdaMetafactory
instanceKlass java/util/concurrent/ExecutorService
instanceKlass java/util/concurrent/Executor
instanceKlass com/android/tools/r8/ProgramResourceProvider
instanceKlass com/android/tools/r8/DexIndexedConsumer
instanceKlass com/android/tools/r8/ByteBufferProvider
instanceKlass com/android/tools/r8/ProgramConsumer
instanceKlass com/android/tools/r8/Diagnostic
instanceKlass com/android/tools/r8/BaseCommand$Builder
instanceKlass com/android/tools/r8/origin/Origin
instanceKlass com/android/tools/r8/graph/E0
instanceKlass sun/reflect/ClassDefiner$1
instanceKlass sun/reflect/ClassDefiner
instanceKlass sun/reflect/MethodAccessorGenerator$1
instanceKlass sun/reflect/Label$PatchInfo
instanceKlass sun/reflect/Label
instanceKlass sun/reflect/UTF8
instanceKlass sun/reflect/ClassFileAssembler
instanceKlass sun/reflect/ByteVectorImpl
instanceKlass sun/reflect/ByteVector
instanceKlass sun/reflect/ByteVectorFactory
instanceKlass java/lang/Void
instanceKlass sun/reflect/AccessorGenerator
instanceKlass sun/reflect/ClassFileConstants
instanceKlass com/android/tools/r8/ir/optimize/info/m
instanceKlass com/android/tools/r8/ir/conversion/S
instanceKlass com/android/tools/r8/ir/conversion/M
instanceKlass com/android/tools/r8/graph/y
instanceKlass com/android/tools/r8/BaseCommand
instanceKlass java/lang/Class$MethodArray
instanceKlass sun/launcher/LauncherHelper$FXHelper
instanceKlass com/android/tools/r8/D8
instanceKlass java/io/FilePermission$1
instanceKlass sun/nio/fs/AbstractPath
instanceKlass sun/nio/fs/Util
instanceKlass sun/nio/fs/WindowsPathParser$Result
instanceKlass sun/nio/fs/WindowsPathParser
instanceKlass java/nio/file/FileSystem
instanceKlass java/nio/file/spi/FileSystemProvider
instanceKlass sun/nio/fs/DefaultFileSystemProvider
instanceKlass sun/net/www/MessageHeader
instanceKlass java/net/URLConnection
instanceKlass java/security/PermissionCollection
instanceKlass sun/nio/ByteBuffered
instanceKlass sun/security/util/ManifestEntryVerifier$SunProviderHolder
instanceKlass java/lang/Package
instanceKlass sun/nio/cs/Surrogate
instanceKlass sun/nio/cs/Surrogate$Parser
instanceKlass java/util/Base64$Encoder
instanceKlass java/util/Base64$Decoder
instanceKlass java/util/Base64
instanceKlass javax/crypto/SecretKey
instanceKlass sun/security/util/Length
instanceKlass sun/security/util/KeyUtil
instanceKlass java/util/Collections$EmptyIterator
instanceKlass java/security/interfaces/ECKey
instanceKlass sun/security/util/JarConstraintsParameters
instanceKlass sun/security/util/ConstraintsParameters
instanceKlass java/security/Timestamp
instanceKlass java/util/HashMap$HashIterator
instanceKlass sun/security/timestamp/TimestampToken
instanceKlass java/security/cert/CertPath
instanceKlass java/math/MutableBigInteger
instanceKlass sun/security/rsa/RSAPadding
instanceKlass sun/security/rsa/RSACore
instanceKlass sun/security/rsa/RSAUtil$1
instanceKlass java/security/interfaces/RSAPrivateCrtKey
instanceKlass sun/security/pkcs/PKCS8Key
instanceKlass java/security/interfaces/RSAPrivateKey
instanceKlass java/security/PrivateKey
instanceKlass javax/security/auth/Destroyable
instanceKlass sun/security/util/SignatureUtil
instanceKlass sun/security/jca/ServiceId
instanceKlass java/security/Signature$1
instanceKlass sun/misc/JavaSecuritySignatureAccess
instanceKlass java/security/SignatureSpi
instanceKlass sun/text/normalizer/NormalizerBase$1
instanceKlass sun/text/normalizer/NormalizerBase$QuickCheckResult
instanceKlass sun/text/normalizer/NormalizerBase$Mode
instanceKlass sun/text/normalizer/NormalizerBase
instanceKlass java/text/Normalizer
instanceKlass sun/security/x509/AVAKeyword
instanceKlass sun/security/provider/ByteArrayAccess
instanceKlass sun/security/util/MessageDigestSpi2
instanceKlass java/security/MessageDigestSpi
instanceKlass sun/security/pkcs/PKCS9Attribute
instanceKlass sun/security/pkcs/PKCS9Attributes
instanceKlass sun/security/util/DisabledAlgorithmConstraints$1
instanceKlass java/security/spec/ECFieldF2m
instanceKlass java/security/spec/ECParameterSpec
instanceKlass java/security/spec/AlgorithmParameterSpec
instanceKlass java/security/spec/ECPoint
instanceKlass java/security/spec/EllipticCurve
instanceKlass java/security/spec/ECFieldFp
instanceKlass java/security/spec/ECField
instanceKlass sun/security/util/CurveDB$Holder
instanceKlass sun/security/util/CurveDB
instanceKlass sun/security/util/DisabledAlgorithmConstraints$Constraint
instanceKlass java/util/AbstractList$Itr
instanceKlass java/util/regex/Matcher
instanceKlass java/util/regex/MatchResult
instanceKlass sun/security/util/DisabledAlgorithmConstraints$Constraints
instanceKlass java/util/ArrayList$SubList$1
instanceKlass java/util/ListIterator
instanceKlass sun/security/util/AbstractAlgorithmConstraints$1
instanceKlass java/util/regex/ASCII
instanceKlass java/util/regex/Pattern$TreeInfo
instanceKlass java/util/regex/Pattern$Node
instanceKlass java/util/regex/Pattern
instanceKlass sun/security/util/AlgorithmDecomposer
instanceKlass sun/security/util/DisabledAlgorithmConstraints$JarHolder
instanceKlass sun/security/util/AbstractAlgorithmConstraints
instanceKlass java/security/AlgorithmConstraints
instanceKlass sun/security/pkcs/SignerInfo
instanceKlass sun/security/x509/GeneralNames
instanceKlass sun/security/x509/DistributionPoint
instanceKlass java/security/cert/PolicyQualifierInfo
instanceKlass sun/security/x509/CertificatePolicyId
instanceKlass sun/security/x509/PolicyInformation
instanceKlass sun/security/x509/DNSName
instanceKlass java/net/URI$Parser
instanceKlass java/net/URI
instanceKlass sun/security/x509/URIName
instanceKlass sun/security/x509/GeneralName
instanceKlass sun/security/x509/AccessDescription
instanceKlass sun/security/util/MemoryCache$CacheEntry
instanceKlass sun/security/x509/X509AttributeName
instanceKlass sun/security/x509/KeyIdentifier
instanceKlass java/util/TreeMap$Entry
instanceKlass sun/security/x509/OIDMap$OIDInfo
instanceKlass sun/security/x509/PKIXExtensions
instanceKlass sun/security/x509/OIDMap
instanceKlass sun/security/x509/Extension
instanceKlass java/security/cert/Extension
instanceKlass java/util/Collections$SynchronizedMap
instanceKlass java/util/NavigableMap
instanceKlass java/util/SortedMap
instanceKlass sun/security/x509/CertificateExtensions
instanceKlass sun/security/rsa/RSAUtil
instanceKlass java/security/interfaces/RSAPublicKey
instanceKlass java/security/interfaces/RSAKey
instanceKlass java/security/spec/RSAPrivateKeySpec
instanceKlass java/security/spec/RSAPublicKeySpec
instanceKlass java/security/KeyFactorySpi
instanceKlass sun/security/rsa/SunRsaSignEntries
instanceKlass sun/security/jca/ProviderList$ServiceList$1
instanceKlass java/security/KeyFactory
instanceKlass java/security/spec/EncodedKeySpec
instanceKlass java/security/spec/KeySpec
instanceKlass sun/security/util/BitArray
instanceKlass sun/security/x509/X509Key
instanceKlass java/security/PublicKey
instanceKlass java/security/Key
instanceKlass sun/security/x509/CertificateX509Key
instanceKlass java/util/Date
instanceKlass sun/util/calendar/CalendarUtils
instanceKlass sun/util/calendar/CalendarDate
instanceKlass sun/util/calendar/CalendarSystem
instanceKlass sun/security/x509/CertificateValidity
instanceKlass sun/security/action/GetBooleanAction
instanceKlass sun/security/x509/AVA
instanceKlass sun/security/x509/RDN
instanceKlass javax/security/auth/x500/X500Principal
instanceKlass sun/security/x509/X500Name$1
instanceKlass sun/security/x509/X500Name
instanceKlass sun/security/x509/GeneralNameInterface
instanceKlass sun/security/x509/CertificateAlgorithmId
instanceKlass sun/security/x509/SerialNumber
instanceKlass sun/security/x509/CertificateSerialNumber
instanceKlass sun/security/x509/CertificateVersion
instanceKlass sun/security/x509/X509CertInfo
instanceKlass sun/security/x509/CertAttrSet
instanceKlass sun/security/util/Cache$EqualByteArray
instanceKlass java/security/cert/X509Extension
instanceKlass sun/security/jca/GetInstance$Instance
instanceKlass sun/security/util/Cache
instanceKlass java/security/Provider$UString
instanceKlass java/security/Provider$Service
instanceKlass java/util/LinkedHashMap$LinkedHashIterator
instanceKlass sun/security/provider/NativePRNG$NonBlocking
instanceKlass sun/security/provider/NativePRNG$Blocking
instanceKlass sun/security/provider/NativePRNG
instanceKlass sun/security/provider/SunEntries$1
instanceKlass sun/security/provider/SunEntries
instanceKlass sun/security/jca/ProviderConfig$2
instanceKlass sun/security/jca/GetInstance
instanceKlass java/security/cert/CertificateFactorySpi
instanceKlass java/security/cert/CertificateFactory
instanceKlass sun/security/x509/AlgorithmId
instanceKlass sun/security/util/ByteArrayTagOrder
instanceKlass sun/security/util/ByteArrayLexOrder
instanceKlass sun/security/util/DerEncoder
instanceKlass sun/security/util/DerValue
instanceKlass sun/security/util/ObjectIdentifier
instanceKlass sun/security/pkcs/ContentInfo
instanceKlass sun/security/util/DerIndefLenConverter
instanceKlass sun/security/util/DerInputStream
instanceKlass sun/security/pkcs/PKCS7
instanceKlass java/util/Properties$LineReader
instanceKlass java/security/Security$1
instanceKlass java/security/Security
instanceKlass sun/security/jca/ProviderList$2
instanceKlass sun/misc/FDBigInteger
instanceKlass sun/misc/FloatingDecimal$PreparedASCIIToBinaryBuffer
instanceKlass sun/misc/FloatingDecimal$ASCIIToBinaryConverter
instanceKlass sun/misc/FloatingDecimal$BinaryToASCIIBuffer
instanceKlass sun/misc/FloatingDecimal$ExceptionalBinaryToASCIIBuffer
instanceKlass sun/misc/FloatingDecimal$BinaryToASCIIConverter
instanceKlass sun/misc/FloatingDecimal
instanceKlass java/security/Provider$EngineDescription
instanceKlass java/security/Provider$ServiceKey
instanceKlass sun/security/jca/ProviderConfig
instanceKlass sun/security/jca/ProviderList
instanceKlass sun/security/jca/Providers
instanceKlass sun/security/util/ManifestDigester$Section
instanceKlass sun/security/util/ManifestDigester$Entry
instanceKlass sun/security/util/ManifestDigester$Position
instanceKlass sun/security/util/ManifestDigester
instanceKlass sun/security/util/SignatureFileVerifier
instanceKlass sun/security/util/ManifestEntryVerifier
instanceKlass sun/misc/ASCIICaseInsensitiveComparator
instanceKlass java/util/jar/Attributes$Name
instanceKlass java/util/jar/Attributes
instanceKlass java/util/jar/JarVerifier$3
instanceKlass java/security/CodeSigner
instanceKlass java/util/jar/JarVerifier
instanceKlass sun/misc/Resource
instanceKlass java/nio/file/attribute/FileTime
instanceKlass java/util/zip/ZipUtils
instanceKlass java/util/ArrayList$Itr
instanceKlass sun/misc/IOUtils
instanceKlass java/util/zip/ZStreamRef
instanceKlass java/util/zip/Inflater
instanceKlass java/util/zip/ZipEntry
instanceKlass sun/misc/ExtensionDependency
instanceKlass sun/misc/JarIndex
instanceKlass sun/nio/ch/DirectBuffer
